[2023-09-19 09:15:17,109] {taskinstance.py:896} INFO - Dependencies all met for <TaskInstance: weather_data_pipeline.select_and_retrain_best_model 2023-09-19T09:13:54.555224+00:00 [queued]>
[2023-09-19 09:15:17,126] {taskinstance.py:896} INFO - Dependencies all met for <TaskInstance: weather_data_pipeline.select_and_retrain_best_model 2023-09-19T09:13:54.555224+00:00 [queued]>
[2023-09-19 09:15:17,127] {taskinstance.py:1087} INFO - 
--------------------------------------------------------------------------------
[2023-09-19 09:15:17,127] {taskinstance.py:1088} INFO - Starting attempt 1 of 2
[2023-09-19 09:15:17,127] {taskinstance.py:1089} INFO - 
--------------------------------------------------------------------------------
[2023-09-19 09:15:17,149] {taskinstance.py:1107} INFO - Executing <Task(PythonOperator): select_and_retrain_best_model> on 2023-09-19T09:13:54.555224+00:00
[2023-09-19 09:15:17,162] {standard_task_runner.py:52} INFO - Started process 1981 to run task
[2023-09-19 09:15:17,167] {standard_task_runner.py:76} INFO - Running: ['***', 'tasks', 'run', 'weather_data_pipeline', 'select_and_retrain_best_model', '2023-09-19T09:13:54.555224+00:00', '--job-id', '621', '--pool', 'default_pool', '--raw', '--subdir', 'DAGS_FOLDER/weather_data_pipeline.py', '--cfg-path', '/tmp/tmpbiu0cu_2', '--error-file', '/tmp/tmp3bhegptn']
[2023-09-19 09:15:17,167] {standard_task_runner.py:77} INFO - Job 621: Subtask select_and_retrain_best_model
[2023-09-19 09:15:17,248] {logging_mixin.py:104} INFO - Running <TaskInstance: weather_data_pipeline.select_and_retrain_best_model 2023-09-19T09:13:54.555224+00:00 [running]> on host 92beb7708765
[2023-09-19 09:15:17,396] {taskinstance.py:1302} INFO - Exporting the following env vars:
AIRFLOW_CTX_DAG_OWNER=***
AIRFLOW_CTX_DAG_ID=weather_data_pipeline
AIRFLOW_CTX_TASK_ID=select_and_retrain_best_model
AIRFLOW_CTX_EXECUTION_DATE=2023-09-19T09:13:54.555224+00:00
AIRFLOW_CTX_DAG_RUN_ID=scheduled__2023-09-19T09:13:54.555224+00:00
[2023-09-19 09:15:17,550] {logging_mixin.py:104} WARNING - /home/***/.local/lib/python3.6/site-packages/pandas/core/indexing.py:1596 SettingWithCopyWarning:
A value is trying to be set on a copy of a slice from a DataFrame.
Try using .loc[row_indexer,col_indexer] = value instead

See the caveats in the documentation: https://pandas.pydata.org/pandas-docs/stable/user_guide/indexing.html#returning-a-view-versus-a-copy
[2023-09-19 09:15:17,559] {logging_mixin.py:104} WARNING - /home/***/.local/lib/python3.6/site-packages/pandas/core/indexing.py:1743 SettingWithCopyWarning:
A value is trying to be set on a copy of a slice from a DataFrame.
Try using .loc[row_indexer,col_indexer] = value instead

See the caveats in the documentation: https://pandas.pydata.org/pandas-docs/stable/user_guide/indexing.html#returning-a-view-versus-a-copy
[2023-09-19 09:15:17,602] {logging_mixin.py:104} WARNING - /home/***/.local/lib/python3.6/site-packages/pandas/core/indexing.py:1596 SettingWithCopyWarning:
A value is trying to be set on a copy of a slice from a DataFrame.
Try using .loc[row_indexer,col_indexer] = value instead

See the caveats in the documentation: https://pandas.pydata.org/pandas-docs/stable/user_guide/indexing.html#returning-a-view-versus-a-copy
[2023-09-19 09:15:17,605] {logging_mixin.py:104} WARNING - /home/***/.local/lib/python3.6/site-packages/pandas/core/indexing.py:1743 SettingWithCopyWarning:
A value is trying to be set on a copy of a slice from a DataFrame.
Try using .loc[row_indexer,col_indexer] = value instead

See the caveats in the documentation: https://pandas.pydata.org/pandas-docs/stable/user_guide/indexing.html#returning-a-view-versus-a-copy
[2023-09-19 09:15:17,636] {logging_mixin.py:104} WARNING - /home/***/.local/lib/python3.6/site-packages/pandas/core/indexing.py:1596 SettingWithCopyWarning:
A value is trying to be set on a copy of a slice from a DataFrame.
Try using .loc[row_indexer,col_indexer] = value instead

See the caveats in the documentation: https://pandas.pydata.org/pandas-docs/stable/user_guide/indexing.html#returning-a-view-versus-a-copy
[2023-09-19 09:15:17,639] {logging_mixin.py:104} WARNING - /home/***/.local/lib/python3.6/site-packages/pandas/core/indexing.py:1743 SettingWithCopyWarning:
A value is trying to be set on a copy of a slice from a DataFrame.
Try using .loc[row_indexer,col_indexer] = value instead

See the caveats in the documentation: https://pandas.pydata.org/pandas-docs/stable/user_guide/indexing.html#returning-a-view-versus-a-copy
[2023-09-19 09:15:17,689] {logging_mixin.py:104} INFO - DecisionTreeRegressor() saved at  /app/clean_data/best_model_final.pickle
[2023-09-19 09:15:17,692] {logging_mixin.py:104} INFO - Retrained and saved the best model: <class 'sklearn.tree._classes.DecisionTreeRegressor'>
[2023-09-19 09:15:17,692] {python.py:151} INFO - Done. Returned value was: None
[2023-09-19 09:15:17,705] {taskinstance.py:1211} INFO - Marking task as SUCCESS. dag_id=weather_data_pipeline, task_id=select_and_retrain_best_model, execution_date=20230919T091354, start_date=20230919T091517, end_date=20230919T091517
[2023-09-19 09:15:17,738] {taskinstance.py:1265} INFO - 0 downstream tasks scheduled from follow-on schedule check
[2023-09-19 09:15:17,767] {local_task_job.py:151} INFO - Task exited with return code 0
