[2023-09-19 08:47:59,054] {taskinstance.py:896} INFO - Dependencies all met for <TaskInstance: weather_data_pipeline.transform_all_files 2023-09-19T08:46:53.842478+00:00 [queued]>
[2023-09-19 08:47:59,073] {taskinstance.py:896} INFO - Dependencies all met for <TaskInstance: weather_data_pipeline.transform_all_files 2023-09-19T08:46:53.842478+00:00 [queued]>
[2023-09-19 08:47:59,073] {taskinstance.py:1087} INFO - 
--------------------------------------------------------------------------------
[2023-09-19 08:47:59,073] {taskinstance.py:1088} INFO - Starting attempt 1 of 2
[2023-09-19 08:47:59,073] {taskinstance.py:1089} INFO - 
--------------------------------------------------------------------------------
[2023-09-19 08:47:59,097] {taskinstance.py:1107} INFO - Executing <Task(PythonOperator): transform_all_files> on 2023-09-19T08:46:53.842478+00:00
[2023-09-19 08:47:59,103] {standard_task_runner.py:52} INFO - Started process 528 to run task
[2023-09-19 08:47:59,119] {standard_task_runner.py:76} INFO - Running: ['***', 'tasks', 'run', 'weather_data_pipeline', 'transform_all_files', '2023-09-19T08:46:53.842478+00:00', '--job-id', '500', '--pool', 'default_pool', '--raw', '--subdir', 'DAGS_FOLDER/weather_data_pipeline.py', '--cfg-path', '/tmp/tmp2vy7ey1d', '--error-file', '/tmp/tmpqy5euotf']
[2023-09-19 08:47:59,120] {standard_task_runner.py:77} INFO - Job 500: Subtask transform_all_files
[2023-09-19 08:47:59,245] {logging_mixin.py:104} INFO - Running <TaskInstance: weather_data_pipeline.transform_all_files 2023-09-19T08:46:53.842478+00:00 [running]> on host 92beb7708765
[2023-09-19 08:47:59,369] {taskinstance.py:1302} INFO - Exporting the following env vars:
AIRFLOW_CTX_DAG_OWNER=***
AIRFLOW_CTX_DAG_ID=weather_data_pipeline
AIRFLOW_CTX_TASK_ID=transform_all_files
AIRFLOW_CTX_EXECUTION_DATE=2023-09-19T08:46:53.842478+00:00
AIRFLOW_CTX_DAG_RUN_ID=scheduled__2023-09-19T08:46:53.842478+00:00
[2023-09-19 08:47:59,370] {logging_mixin.py:104} INFO - File null_file.json contains a list, not a dict!
[2023-09-19 08:47:59,393] {logging_mixin.py:104} INFO - 
[2023-09-19 08:47:59,490] {logging_mixin.py:104} INFO -     temperature        city  pression              date
0       289.10       Paris      1015  2023-09-19 08:47
1       289.66      London      1005  2023-09-19 08:47
2       281.78  Washington      1017  2023-09-19 08:47
3       289.10       Paris      1015  2023-09-19 08:46
4       289.66      London      1005  2023-09-19 08:46
5       281.78  Washington      1017  2023-09-19 08:46
6       288.96       Paris      1015  2023-09-19 08:45
7       289.66      London      1005  2023-09-19 08:45
8       281.78  Washington      1017  2023-09-19 08:45
9       288.95       Paris      1015  2023-09-19 08:44
[2023-09-19 08:47:59,502] {python.py:151} INFO - Done. Returned value was: None
[2023-09-19 08:47:59,547] {taskinstance.py:1211} INFO - Marking task as SUCCESS. dag_id=weather_data_pipeline, task_id=transform_all_files, execution_date=20230919T084653, start_date=20230919T084759, end_date=20230919T084759
[2023-09-19 08:47:59,635] {taskinstance.py:1265} INFO - 0 downstream tasks scheduled from follow-on schedule check
[2023-09-19 08:47:59,675] {local_task_job.py:151} INFO - Task exited with return code 0
