[2023-09-19 09:14:00,716] {taskinstance.py:896} INFO - Dependencies all met for <TaskInstance: weather_data_pipeline.transform_recent_20_files 2023-09-19T09:12:54.555224+00:00 [queued]>
[2023-09-19 09:14:00,736] {taskinstance.py:896} INFO - Dependencies all met for <TaskInstance: weather_data_pipeline.transform_recent_20_files 2023-09-19T09:12:54.555224+00:00 [queued]>
[2023-09-19 09:14:00,736] {taskinstance.py:1087} INFO - 
--------------------------------------------------------------------------------
[2023-09-19 09:14:00,736] {taskinstance.py:1088} INFO - Starting attempt 1 of 2
[2023-09-19 09:14:00,737] {taskinstance.py:1089} INFO - 
--------------------------------------------------------------------------------
[2023-09-19 09:14:00,766] {taskinstance.py:1107} INFO - Executing <Task(PythonOperator): transform_recent_20_files> on 2023-09-19T09:12:54.555224+00:00
[2023-09-19 09:14:00,778] {standard_task_runner.py:52} INFO - Started process 1897 to run task
[2023-09-19 09:14:00,786] {standard_task_runner.py:76} INFO - Running: ['***', 'tasks', 'run', 'weather_data_pipeline', 'transform_recent_20_files', '2023-09-19T09:12:54.555224+00:00', '--job-id', '610', '--pool', 'default_pool', '--raw', '--subdir', 'DAGS_FOLDER/weather_data_pipeline.py', '--cfg-path', '/tmp/tmp1csfoj6j', '--error-file', '/tmp/tmpbjhtrl_d']
[2023-09-19 09:14:00,787] {standard_task_runner.py:77} INFO - Job 610: Subtask transform_recent_20_files
[2023-09-19 09:14:00,897] {logging_mixin.py:104} INFO - Running <TaskInstance: weather_data_pipeline.transform_recent_20_files 2023-09-19T09:12:54.555224+00:00 [running]> on host 92beb7708765
[2023-09-19 09:14:01,046] {taskinstance.py:1302} INFO - Exporting the following env vars:
AIRFLOW_CTX_DAG_OWNER=***
AIRFLOW_CTX_DAG_ID=weather_data_pipeline
AIRFLOW_CTX_TASK_ID=transform_recent_20_files
AIRFLOW_CTX_EXECUTION_DATE=2023-09-19T09:12:54.555224+00:00
AIRFLOW_CTX_DAG_RUN_ID=scheduled__2023-09-19T09:12:54.555224+00:00
[2023-09-19 09:14:01,047] {logging_mixin.py:104} INFO - File null_file.json contains a list, not a dict!
[2023-09-19 09:14:01,063] {logging_mixin.py:104} INFO - 
[2023-09-19 09:14:01,119] {logging_mixin.py:104} INFO -     temperature        city  pression              date
0       289.52       Paris      1015  2023-09-19 09:13
1       290.13      London      1004  2023-09-19 09:13
2       282.20  Washington      1017  2023-09-19 09:13
3       290.01       Paris      1015  2023-09-19 09:12
4       290.13      London      1004  2023-09-19 09:12
5       282.20  Washington      1017  2023-09-19 09:12
6       289.61       Paris      1015  2023-09-19 09:11
7       290.13      London      1004  2023-09-19 09:11
8       282.20  Washington      1017  2023-09-19 09:11
9       289.61       Paris      1015  2023-09-19 09:09
[2023-09-19 09:14:01,128] {python.py:151} INFO - Done. Returned value was: None
[2023-09-19 09:14:01,146] {taskinstance.py:1211} INFO - Marking task as SUCCESS. dag_id=weather_data_pipeline, task_id=transform_recent_20_files, execution_date=20230919T091254, start_date=20230919T091400, end_date=20230919T091401
[2023-09-19 09:14:01,208] {taskinstance.py:1265} INFO - 0 downstream tasks scheduled from follow-on schedule check
[2023-09-19 09:14:01,251] {local_task_job.py:151} INFO - Task exited with return code 0
