[2023-09-19 08:47:55,263] {taskinstance.py:896} INFO - Dependencies all met for <TaskInstance: weather_data_pipeline.fetch_weather_data 2023-09-19T08:46:53.842478+00:00 [queued]>
[2023-09-19 08:47:55,283] {taskinstance.py:896} INFO - Dependencies all met for <TaskInstance: weather_data_pipeline.fetch_weather_data 2023-09-19T08:46:53.842478+00:00 [queued]>
[2023-09-19 08:47:55,283] {taskinstance.py:1087} INFO - 
--------------------------------------------------------------------------------
[2023-09-19 08:47:55,283] {taskinstance.py:1088} INFO - Starting attempt 1 of 2
[2023-09-19 08:47:55,283] {taskinstance.py:1089} INFO - 
--------------------------------------------------------------------------------
[2023-09-19 08:47:55,301] {taskinstance.py:1107} INFO - Executing <Task(PythonOperator): fetch_weather_data> on 2023-09-19T08:46:53.842478+00:00
[2023-09-19 08:47:55,308] {standard_task_runner.py:52} INFO - Started process 519 to run task
[2023-09-19 08:47:55,312] {standard_task_runner.py:76} INFO - Running: ['***', 'tasks', 'run', 'weather_data_pipeline', 'fetch_weather_data', '2023-09-19T08:46:53.842478+00:00', '--job-id', '499', '--pool', 'default_pool', '--raw', '--subdir', 'DAGS_FOLDER/weather_data_pipeline.py', '--cfg-path', '/tmp/tmp3u_zg0l6', '--error-file', '/tmp/tmp_xxto0_t']
[2023-09-19 08:47:55,313] {standard_task_runner.py:77} INFO - Job 499: Subtask fetch_weather_data
[2023-09-19 08:47:55,369] {logging_mixin.py:104} INFO - Running <TaskInstance: weather_data_pipeline.fetch_weather_data 2023-09-19T08:46:53.842478+00:00 [running]> on host 92beb7708765
[2023-09-19 08:47:55,438] {taskinstance.py:1302} INFO - Exporting the following env vars:
AIRFLOW_CTX_DAG_OWNER=***
AIRFLOW_CTX_DAG_ID=weather_data_pipeline
AIRFLOW_CTX_TASK_ID=fetch_weather_data
AIRFLOW_CTX_EXECUTION_DATE=2023-09-19T08:46:53.842478+00:00
AIRFLOW_CTX_DAG_RUN_ID=scheduled__2023-09-19T08:46:53.842478+00:00
[2023-09-19 08:47:55,714] {python.py:151} INFO - Done. Returned value was: True
[2023-09-19 08:47:55,751] {taskinstance.py:1211} INFO - Marking task as SUCCESS. dag_id=weather_data_pipeline, task_id=fetch_weather_data, execution_date=20230919T084653, start_date=20230919T084755, end_date=20230919T084755
[2023-09-19 08:47:55,795] {taskinstance.py:1265} INFO - 2 downstream tasks scheduled from follow-on schedule check
[2023-09-19 08:47:55,806] {local_task_job.py:151} INFO - Task exited with return code 0
