[2023-09-19 08:49:58,997] {taskinstance.py:896} INFO - Dependencies all met for <TaskInstance: weather_data_pipeline.transform_recent_20_files 2023-09-19T08:48:53.842478+00:00 [queued]>
[2023-09-19 08:49:59,026] {taskinstance.py:896} INFO - Dependencies all met for <TaskInstance: weather_data_pipeline.transform_recent_20_files 2023-09-19T08:48:53.842478+00:00 [queued]>
[2023-09-19 08:49:59,026] {taskinstance.py:1087} INFO - 
--------------------------------------------------------------------------------
[2023-09-19 08:49:59,027] {taskinstance.py:1088} INFO - Starting attempt 1 of 2
[2023-09-19 08:49:59,027] {taskinstance.py:1089} INFO - 
--------------------------------------------------------------------------------
[2023-09-19 08:49:59,072] {taskinstance.py:1107} INFO - Executing <Task(PythonOperator): transform_recent_20_files> on 2023-09-19T08:48:53.842478+00:00
[2023-09-19 08:49:59,079] {standard_task_runner.py:52} INFO - Started process 625 to run task
[2023-09-19 08:49:59,088] {standard_task_runner.py:76} INFO - Running: ['***', 'tasks', 'run', 'weather_data_pipeline', 'transform_recent_20_files', '2023-09-19T08:48:53.842478+00:00', '--job-id', '507', '--pool', 'default_pool', '--raw', '--subdir', 'DAGS_FOLDER/weather_data_pipeline.py', '--cfg-path', '/tmp/tmp2gm0pz94', '--error-file', '/tmp/tmpya_06zv5']
[2023-09-19 08:49:59,090] {standard_task_runner.py:77} INFO - Job 507: Subtask transform_recent_20_files
[2023-09-19 08:49:59,192] {logging_mixin.py:104} INFO - Running <TaskInstance: weather_data_pipeline.transform_recent_20_files 2023-09-19T08:48:53.842478+00:00 [running]> on host 92beb7708765
[2023-09-19 08:49:59,391] {taskinstance.py:1302} INFO - Exporting the following env vars:
AIRFLOW_CTX_DAG_OWNER=***
AIRFLOW_CTX_DAG_ID=weather_data_pipeline
AIRFLOW_CTX_TASK_ID=transform_recent_20_files
AIRFLOW_CTX_EXECUTION_DATE=2023-09-19T08:48:53.842478+00:00
AIRFLOW_CTX_DAG_RUN_ID=scheduled__2023-09-19T08:48:53.842478+00:00
[2023-09-19 08:49:59,392] {logging_mixin.py:104} INFO - File null_file.json contains a list, not a dict!
[2023-09-19 08:49:59,401] {logging_mixin.py:104} INFO - 
[2023-09-19 08:49:59,437] {logging_mixin.py:104} INFO -     temperature        city  pression              date
0       289.10       Paris      1015  2023-09-19 08:49
1       289.66      London      1005  2023-09-19 08:49
2       281.78  Washington      1017  2023-09-19 08:49
3       289.10       Paris      1015  2023-09-19 08:48
4       289.66      London      1005  2023-09-19 08:48
5       281.78  Washington      1017  2023-09-19 08:48
6       289.10       Paris      1015  2023-09-19 08:47
7       289.66      London      1005  2023-09-19 08:47
8       281.78  Washington      1017  2023-09-19 08:47
9       289.10       Paris      1015  2023-09-19 08:46
[2023-09-19 08:49:59,443] {python.py:151} INFO - Done. Returned value was: None
[2023-09-19 08:49:59,456] {taskinstance.py:1211} INFO - Marking task as SUCCESS. dag_id=weather_data_pipeline, task_id=transform_recent_20_files, execution_date=20230919T084853, start_date=20230919T084958, end_date=20230919T084959
[2023-09-19 08:49:59,500] {taskinstance.py:1265} INFO - 0 downstream tasks scheduled from follow-on schedule check
[2023-09-19 08:49:59,543] {local_task_job.py:151} INFO - Task exited with return code 0
