[2023-09-19 08:29:58,488] {taskinstance.py:896} INFO - Dependencies all met for <TaskInstance: weather_data_pipeline.transform_all_files 2023-09-19T08:28:53.787606+00:00 [queued]>
[2023-09-19 08:29:58,513] {taskinstance.py:896} INFO - Dependencies all met for <TaskInstance: weather_data_pipeline.transform_all_files 2023-09-19T08:28:53.787606+00:00 [queued]>
[2023-09-19 08:29:58,513] {taskinstance.py:1087} INFO - 
--------------------------------------------------------------------------------
[2023-09-19 08:29:58,514] {taskinstance.py:1088} INFO - Starting attempt 1 of 2
[2023-09-19 08:29:58,514] {taskinstance.py:1089} INFO - 
--------------------------------------------------------------------------------
[2023-09-19 08:29:58,530] {taskinstance.py:1107} INFO - Executing <Task(PythonOperator): transform_all_files> on 2023-09-19T08:28:53.787606+00:00
[2023-09-19 08:29:58,536] {standard_task_runner.py:52} INFO - Started process 3435 to run task
[2023-09-19 08:29:58,544] {standard_task_runner.py:76} INFO - Running: ['***', 'tasks', 'run', 'weather_data_pipeline', 'transform_all_files', '2023-09-19T08:28:53.787606+00:00', '--job-id', '449', '--pool', 'default_pool', '--raw', '--subdir', 'DAGS_FOLDER/weather_data_pipeline.py', '--cfg-path', '/tmp/tmpmvog4xlw', '--error-file', '/tmp/tmppghnnqaa']
[2023-09-19 08:29:58,545] {standard_task_runner.py:77} INFO - Job 449: Subtask transform_all_files
[2023-09-19 08:29:58,617] {logging_mixin.py:104} INFO - Running <TaskInstance: weather_data_pipeline.transform_all_files 2023-09-19T08:28:53.787606+00:00 [running]> on host 92beb7708765
[2023-09-19 08:29:58,724] {taskinstance.py:1302} INFO - Exporting the following env vars:
AIRFLOW_CTX_DAG_OWNER=***
AIRFLOW_CTX_DAG_ID=weather_data_pipeline
AIRFLOW_CTX_TASK_ID=transform_all_files
AIRFLOW_CTX_EXECUTION_DATE=2023-09-19T08:28:53.787606+00:00
AIRFLOW_CTX_DAG_RUN_ID=scheduled__2023-09-19T08:28:53.787606+00:00
[2023-09-19 08:29:58,725] {logging_mixin.py:104} INFO - File null_file.json contains a list, not a dict!
[2023-09-19 08:29:58,737] {logging_mixin.py:104} INFO - 
[2023-09-19 08:29:58,787] {logging_mixin.py:104} INFO -     temperature        city  pression              date
0       288.84       Paris      1015  2023-09-19 08:29
1       289.45      London      1005  2023-09-19 08:29
2       281.40  Washington      1017  2023-09-19 08:29
3       288.84       Paris      1015  2023-09-19 08:28
4       289.45      London      1005  2023-09-19 08:28
5       281.40  Washington      1017  2023-09-19 08:28
6       288.84       Paris      1015  2023-09-19 08:27
7       289.45      London      1005  2023-09-19 08:27
8       281.40  Washington      1017  2023-09-19 08:27
9       288.84       Paris      1015  2023-09-19 08:26
[2023-09-19 08:29:58,798] {python.py:151} INFO - Done. Returned value was: None
[2023-09-19 08:29:58,817] {taskinstance.py:1211} INFO - Marking task as SUCCESS. dag_id=weather_data_pipeline, task_id=transform_all_files, execution_date=20230919T082853, start_date=20230919T082958, end_date=20230919T082958
[2023-09-19 08:29:58,861] {taskinstance.py:1265} INFO - 0 downstream tasks scheduled from follow-on schedule check
[2023-09-19 08:29:58,881] {local_task_job.py:151} INFO - Task exited with return code 0
