[2023-09-19 09:29:08,203] {taskinstance.py:896} INFO - Dependencies all met for <TaskInstance: weather_data_pipeline.train_linear_regression 2023-09-19T09:27:54.555224+00:00 [queued]>
[2023-09-19 09:29:08,229] {taskinstance.py:896} INFO - Dependencies all met for <TaskInstance: weather_data_pipeline.train_linear_regression 2023-09-19T09:27:54.555224+00:00 [queued]>
[2023-09-19 09:29:08,229] {taskinstance.py:1087} INFO - 
--------------------------------------------------------------------------------
[2023-09-19 09:29:08,230] {taskinstance.py:1088} INFO - Starting attempt 1 of 2
[2023-09-19 09:29:08,230] {taskinstance.py:1089} INFO - 
--------------------------------------------------------------------------------
[2023-09-19 09:29:08,271] {taskinstance.py:1107} INFO - Executing <Task(PythonOperator): train_linear_regression> on 2023-09-19T09:27:54.555224+00:00
[2023-09-19 09:29:08,282] {standard_task_runner.py:52} INFO - Started process 2821 to run task
[2023-09-19 09:29:08,313] {standard_task_runner.py:76} INFO - Running: ['***', 'tasks', 'run', 'weather_data_pipeline', 'train_linear_regression', '2023-09-19T09:27:54.555224+00:00', '--job-id', '718', '--pool', 'default_pool', '--raw', '--subdir', 'DAGS_FOLDER/weather_data_pipeline.py', '--cfg-path', '/tmp/tmp_5rhgvkp', '--error-file', '/tmp/tmpdzkx6kiz']
[2023-09-19 09:29:08,314] {standard_task_runner.py:77} INFO - Job 718: Subtask train_linear_regression
[2023-09-19 09:29:08,511] {logging_mixin.py:104} INFO - Running <TaskInstance: weather_data_pipeline.train_linear_regression 2023-09-19T09:27:54.555224+00:00 [running]> on host 92beb7708765
[2023-09-19 09:29:08,901] {taskinstance.py:1302} INFO - Exporting the following env vars:
AIRFLOW_CTX_DAG_OWNER=***
AIRFLOW_CTX_DAG_ID=weather_data_pipeline
AIRFLOW_CTX_TASK_ID=train_linear_regression
AIRFLOW_CTX_EXECUTION_DATE=2023-09-19T09:27:54.555224+00:00
AIRFLOW_CTX_DAG_RUN_ID=scheduled__2023-09-19T09:27:54.555224+00:00
[2023-09-19 09:29:09,245] {logging_mixin.py:104} WARNING - /home/***/.local/lib/python3.6/site-packages/pandas/core/indexing.py:1596 SettingWithCopyWarning:
A value is trying to be set on a copy of a slice from a DataFrame.
Try using .loc[row_indexer,col_indexer] = value instead

See the caveats in the documentation: https://pandas.pydata.org/pandas-docs/stable/user_guide/indexing.html#returning-a-view-versus-a-copy
