[2023-09-19 09:00:59,490] {taskinstance.py:896} INFO - Dependencies all met for <TaskInstance: weather_data_pipeline.transform_recent_20_files 2023-09-19T08:59:54.555224+00:00 [queued]>
[2023-09-19 09:00:59,507] {taskinstance.py:896} INFO - Dependencies all met for <TaskInstance: weather_data_pipeline.transform_recent_20_files 2023-09-19T08:59:54.555224+00:00 [queued]>
[2023-09-19 09:00:59,508] {taskinstance.py:1087} INFO - 
--------------------------------------------------------------------------------
[2023-09-19 09:00:59,508] {taskinstance.py:1088} INFO - Starting attempt 1 of 2
[2023-09-19 09:00:59,508] {taskinstance.py:1089} INFO - 
--------------------------------------------------------------------------------
[2023-09-19 09:00:59,532] {taskinstance.py:1107} INFO - Executing <Task(PythonOperator): transform_recent_20_files> on 2023-09-19T08:59:54.555224+00:00
[2023-09-19 09:00:59,539] {standard_task_runner.py:52} INFO - Started process 1164 to run task
[2023-09-19 09:00:59,547] {standard_task_runner.py:76} INFO - Running: ['***', 'tasks', 'run', 'weather_data_pipeline', 'transform_recent_20_files', '2023-09-19T08:59:54.555224+00:00', '--job-id', '540', '--pool', 'default_pool', '--raw', '--subdir', 'DAGS_FOLDER/weather_data_pipeline.py', '--cfg-path', '/tmp/tmphziqk0fa', '--error-file', '/tmp/tmp9fesqgo6']
[2023-09-19 09:00:59,548] {standard_task_runner.py:77} INFO - Job 540: Subtask transform_recent_20_files
[2023-09-19 09:00:59,638] {logging_mixin.py:104} INFO - Running <TaskInstance: weather_data_pipeline.transform_recent_20_files 2023-09-19T08:59:54.555224+00:00 [running]> on host 92beb7708765
[2023-09-19 09:00:59,885] {taskinstance.py:1302} INFO - Exporting the following env vars:
AIRFLOW_CTX_DAG_OWNER=***
AIRFLOW_CTX_DAG_ID=weather_data_pipeline
AIRFLOW_CTX_TASK_ID=transform_recent_20_files
AIRFLOW_CTX_EXECUTION_DATE=2023-09-19T08:59:54.555224+00:00
AIRFLOW_CTX_DAG_RUN_ID=scheduled__2023-09-19T08:59:54.555224+00:00
[2023-09-19 09:00:59,886] {logging_mixin.py:104} INFO - File null_file.json contains a list, not a dict!
[2023-09-19 09:00:59,898] {logging_mixin.py:104} INFO - 
[2023-09-19 09:00:59,985] {logging_mixin.py:104} INFO -     temperature        city  pression              date
0       289.40       Paris      1015  2023-09-19 09:00
1       289.86      London      1004  2023-09-19 09:00
2       281.12  Washington      1017  2023-09-19 09:00
3       289.40       Paris      1015  2023-09-19 08:59
4       289.86      London      1004  2023-09-19 08:59
5       281.12  Washington      1017  2023-09-19 08:59
6       289.40       Paris      1015  2023-09-19 08:58
7       289.86      London      1004  2023-09-19 08:58
8       281.12  Washington      1017  2023-09-19 08:58
9       289.40       Paris      1015  2023-09-19 08:57
[2023-09-19 09:00:59,991] {python.py:151} INFO - Done. Returned value was: None
[2023-09-19 09:01:00,020] {taskinstance.py:1211} INFO - Marking task as SUCCESS. dag_id=weather_data_pipeline, task_id=transform_recent_20_files, execution_date=20230919T085954, start_date=20230919T090059, end_date=20230919T090100
[2023-09-19 09:01:00,093] {taskinstance.py:1265} INFO - 0 downstream tasks scheduled from follow-on schedule check
[2023-09-19 09:01:00,133] {local_task_job.py:151} INFO - Task exited with return code 0
