[2023-09-19 08:59:58,351] {taskinstance.py:896} INFO - Dependencies all met for <TaskInstance: weather_data_pipeline.transform_recent_20_files 2023-09-19T08:58:54.555224+00:00 [queued]>
[2023-09-19 08:59:58,370] {taskinstance.py:896} INFO - Dependencies all met for <TaskInstance: weather_data_pipeline.transform_recent_20_files 2023-09-19T08:58:54.555224+00:00 [queued]>
[2023-09-19 08:59:58,370] {taskinstance.py:1087} INFO - 
--------------------------------------------------------------------------------
[2023-09-19 08:59:58,370] {taskinstance.py:1088} INFO - Starting attempt 1 of 2
[2023-09-19 08:59:58,371] {taskinstance.py:1089} INFO - 
--------------------------------------------------------------------------------
[2023-09-19 08:59:58,398] {taskinstance.py:1107} INFO - Executing <Task(PythonOperator): transform_recent_20_files> on 2023-09-19T08:58:54.555224+00:00
[2023-09-19 08:59:58,404] {standard_task_runner.py:52} INFO - Started process 1112 to run task
[2023-09-19 08:59:58,411] {standard_task_runner.py:76} INFO - Running: ['***', 'tasks', 'run', 'weather_data_pipeline', 'transform_recent_20_files', '2023-09-19T08:58:54.555224+00:00', '--job-id', '536', '--pool', 'default_pool', '--raw', '--subdir', 'DAGS_FOLDER/weather_data_pipeline.py', '--cfg-path', '/tmp/tmpjannjz3x', '--error-file', '/tmp/tmpwj9mi_x9']
[2023-09-19 08:59:58,412] {standard_task_runner.py:77} INFO - Job 536: Subtask transform_recent_20_files
[2023-09-19 08:59:58,476] {logging_mixin.py:104} INFO - Running <TaskInstance: weather_data_pipeline.transform_recent_20_files 2023-09-19T08:58:54.555224+00:00 [running]> on host 92beb7708765
[2023-09-19 08:59:58,581] {taskinstance.py:1302} INFO - Exporting the following env vars:
AIRFLOW_CTX_DAG_OWNER=***
AIRFLOW_CTX_DAG_ID=weather_data_pipeline
AIRFLOW_CTX_TASK_ID=transform_recent_20_files
AIRFLOW_CTX_EXECUTION_DATE=2023-09-19T08:58:54.555224+00:00
AIRFLOW_CTX_DAG_RUN_ID=scheduled__2023-09-19T08:58:54.555224+00:00
[2023-09-19 08:59:58,583] {logging_mixin.py:104} INFO - File null_file.json contains a list, not a dict!
[2023-09-19 08:59:58,598] {logging_mixin.py:104} INFO - 
[2023-09-19 08:59:58,643] {logging_mixin.py:104} INFO -     temperature        city  pression              date
0       289.40       Paris      1015  2023-09-19 08:59
1       289.86      London      1004  2023-09-19 08:59
2       281.12  Washington      1017  2023-09-19 08:59
3       289.40       Paris      1015  2023-09-19 08:58
4       289.86      London      1004  2023-09-19 08:58
5       281.12  Washington      1017  2023-09-19 08:58
6       289.40       Paris      1015  2023-09-19 08:57
7       289.86      London      1004  2023-09-19 08:57
8       281.12  Washington      1017  2023-09-19 08:57
9       289.43       Paris      1015  2023-09-19 08:56
[2023-09-19 08:59:58,649] {python.py:151} INFO - Done. Returned value was: None
[2023-09-19 08:59:58,664] {taskinstance.py:1211} INFO - Marking task as SUCCESS. dag_id=weather_data_pipeline, task_id=transform_recent_20_files, execution_date=20230919T085854, start_date=20230919T085958, end_date=20230919T085958
[2023-09-19 08:59:58,709] {taskinstance.py:1265} INFO - 0 downstream tasks scheduled from follow-on schedule check
[2023-09-19 08:59:58,751] {local_task_job.py:151} INFO - Task exited with return code 0
