[2023-09-19 07:54:17,063] {taskinstance.py:896} INFO - Dependencies all met for <TaskInstance: weather_data_pipeline.fetch_weather_data 2023-09-19T01:29:00+00:00 [queued]>
[2023-09-19 07:54:17,272] {taskinstance.py:896} INFO - Dependencies all met for <TaskInstance: weather_data_pipeline.fetch_weather_data 2023-09-19T01:29:00+00:00 [queued]>
[2023-09-19 07:54:17,273] {taskinstance.py:1087} INFO - 
--------------------------------------------------------------------------------
[2023-09-19 07:54:17,273] {taskinstance.py:1088} INFO - Starting attempt 2 of 2
[2023-09-19 07:54:17,273] {taskinstance.py:1089} INFO - 
--------------------------------------------------------------------------------
[2023-09-19 07:54:17,405] {taskinstance.py:1107} INFO - Executing <Task(PythonOperator): fetch_weather_data> on 2023-09-19T01:29:00+00:00
[2023-09-19 07:54:17,500] {standard_task_runner.py:76} INFO - Running: ['***', 'tasks', 'run', 'weather_data_pipeline', 'fetch_weather_data', '2023-09-19T01:29:00+00:00', '--job-id', '284', '--pool', 'default_pool', '--raw', '--subdir', 'DAGS_FOLDER/weather_data_pipeline.py', '--cfg-path', '/tmp/tmpaouqonlx', '--error-file', '/tmp/tmpai4rsltm']
[2023-09-19 07:54:17,462] {standard_task_runner.py:52} INFO - Started process 1585 to run task
[2023-09-19 07:54:17,501] {standard_task_runner.py:77} INFO - Job 284: Subtask fetch_weather_data
[2023-09-19 07:54:17,858] {logging_mixin.py:104} INFO - Running <TaskInstance: weather_data_pipeline.fetch_weather_data 2023-09-19T01:29:00+00:00 [running]> on host 92beb7708765
[2023-09-19 07:54:18,053] {taskinstance.py:1302} INFO - Exporting the following env vars:
AIRFLOW_CTX_DAG_OWNER=***
AIRFLOW_CTX_DAG_ID=weather_data_pipeline
AIRFLOW_CTX_TASK_ID=fetch_weather_data
AIRFLOW_CTX_EXECUTION_DATE=2023-09-19T01:29:00+00:00
AIRFLOW_CTX_DAG_RUN_ID=scheduled__2023-09-19T01:29:00+00:00
[2023-09-19 07:54:18,553] {python.py:151} INFO - Done. Returned value was: True
[2023-09-19 07:54:18,626] {taskinstance.py:1211} INFO - Marking task as SUCCESS. dag_id=weather_data_pipeline, task_id=fetch_weather_data, execution_date=20230919T012900, start_date=20230919T075417, end_date=20230919T075418
[2023-09-19 07:54:18,969] {taskinstance.py:1265} INFO - 0 downstream tasks scheduled from follow-on schedule check
[2023-09-19 07:54:19,050] {local_task_job.py:151} INFO - Task exited with return code 0
