[2023-09-19 09:26:00,789] {taskinstance.py:896} INFO - Dependencies all met for <TaskInstance: weather_data_pipeline.transform_all_files 2023-09-19T09:24:54.555224+00:00 [queued]>
[2023-09-19 09:26:00,847] {taskinstance.py:896} INFO - Dependencies all met for <TaskInstance: weather_data_pipeline.transform_all_files 2023-09-19T09:24:54.555224+00:00 [queued]>
[2023-09-19 09:26:00,848] {taskinstance.py:1087} INFO - 
--------------------------------------------------------------------------------
[2023-09-19 09:26:00,848] {taskinstance.py:1088} INFO - Starting attempt 1 of 2
[2023-09-19 09:26:00,848] {taskinstance.py:1089} INFO - 
--------------------------------------------------------------------------------
[2023-09-19 09:26:00,881] {taskinstance.py:1107} INFO - Executing <Task(PythonOperator): transform_all_files> on 2023-09-19T09:24:54.555224+00:00
[2023-09-19 09:26:00,901] {standard_task_runner.py:52} INFO - Started process 2628 to run task
[2023-09-19 09:26:00,905] {standard_task_runner.py:76} INFO - Running: ['***', 'tasks', 'run', 'weather_data_pipeline', 'transform_all_files', '2023-09-19T09:24:54.555224+00:00', '--job-id', '693', '--pool', 'default_pool', '--raw', '--subdir', 'DAGS_FOLDER/weather_data_pipeline.py', '--cfg-path', '/tmp/tmpk2r10cs1', '--error-file', '/tmp/tmplw569lso']
[2023-09-19 09:26:00,906] {standard_task_runner.py:77} INFO - Job 693: Subtask transform_all_files
[2023-09-19 09:26:01,045] {logging_mixin.py:104} INFO - Running <TaskInstance: weather_data_pipeline.transform_all_files 2023-09-19T09:24:54.555224+00:00 [running]> on host 92beb7708765
[2023-09-19 09:26:01,177] {taskinstance.py:1302} INFO - Exporting the following env vars:
AIRFLOW_CTX_DAG_OWNER=***
AIRFLOW_CTX_DAG_ID=weather_data_pipeline
AIRFLOW_CTX_TASK_ID=transform_all_files
AIRFLOW_CTX_EXECUTION_DATE=2023-09-19T09:24:54.555224+00:00
AIRFLOW_CTX_DAG_RUN_ID=scheduled__2023-09-19T09:24:54.555224+00:00
[2023-09-19 09:26:01,179] {logging_mixin.py:104} INFO - File null_file.json contains a list, not a dict!
[2023-09-19 09:26:01,197] {logging_mixin.py:104} INFO - 
[2023-09-19 09:26:01,245] {logging_mixin.py:104} INFO -     temperature        city  pression              date
0       290.16       Paris      1015  2023-09-19 09:25
1       290.27      London      1005  2023-09-19 09:25
2       281.70  Washington      1017  2023-09-19 09:25
3       290.16       Paris      1015  2023-09-19 09:24
4       290.27      London      1005  2023-09-19 09:24
5       281.70  Washington      1017  2023-09-19 09:24
6       290.23       Paris      1015  2023-09-19 09:23
7       290.27      London      1005  2023-09-19 09:23
8       281.70  Washington      1017  2023-09-19 09:23
9       290.17       Paris      1015  2023-09-19 09:22
[2023-09-19 09:26:01,264] {python.py:151} INFO - Done. Returned value was: None
[2023-09-19 09:26:01,298] {taskinstance.py:1211} INFO - Marking task as SUCCESS. dag_id=weather_data_pipeline, task_id=transform_all_files, execution_date=20230919T092454, start_date=20230919T092600, end_date=20230919T092601
[2023-09-19 09:26:01,395] {taskinstance.py:1265} INFO - 3 downstream tasks scheduled from follow-on schedule check
[2023-09-19 09:26:01,423] {local_task_job.py:151} INFO - Task exited with return code 0
