[2023-09-19 09:06:59,492] {taskinstance.py:896} INFO - Dependencies all met for <TaskInstance: weather_data_pipeline.transform_recent_20_files 2023-09-19T09:05:54.555224+00:00 [queued]>
[2023-09-19 09:06:59,511] {taskinstance.py:896} INFO - Dependencies all met for <TaskInstance: weather_data_pipeline.transform_recent_20_files 2023-09-19T09:05:54.555224+00:00 [queued]>
[2023-09-19 09:06:59,512] {taskinstance.py:1087} INFO - 
--------------------------------------------------------------------------------
[2023-09-19 09:06:59,512] {taskinstance.py:1088} INFO - Starting attempt 1 of 2
[2023-09-19 09:06:59,514] {taskinstance.py:1089} INFO - 
--------------------------------------------------------------------------------
[2023-09-19 09:06:59,544] {taskinstance.py:1107} INFO - Executing <Task(PythonOperator): transform_recent_20_files> on 2023-09-19T09:05:54.555224+00:00
[2023-09-19 09:06:59,562] {standard_task_runner.py:52} INFO - Started process 1465 to run task
[2023-09-19 09:06:59,574] {standard_task_runner.py:76} INFO - Running: ['***', 'tasks', 'run', 'weather_data_pipeline', 'transform_recent_20_files', '2023-09-19T09:05:54.555224+00:00', '--job-id', '557', '--pool', 'default_pool', '--raw', '--subdir', 'DAGS_FOLDER/weather_data_pipeline.py', '--cfg-path', '/tmp/tmpsoiuns05', '--error-file', '/tmp/tmpctydiy_v']
[2023-09-19 09:06:59,575] {standard_task_runner.py:77} INFO - Job 557: Subtask transform_recent_20_files
[2023-09-19 09:06:59,680] {logging_mixin.py:104} INFO - Running <TaskInstance: weather_data_pipeline.transform_recent_20_files 2023-09-19T09:05:54.555224+00:00 [running]> on host 92beb7708765
[2023-09-19 09:06:59,862] {taskinstance.py:1302} INFO - Exporting the following env vars:
AIRFLOW_CTX_DAG_OWNER=***
AIRFLOW_CTX_DAG_ID=weather_data_pipeline
AIRFLOW_CTX_TASK_ID=transform_recent_20_files
AIRFLOW_CTX_EXECUTION_DATE=2023-09-19T09:05:54.555224+00:00
AIRFLOW_CTX_DAG_RUN_ID=scheduled__2023-09-19T09:05:54.555224+00:00
[2023-09-19 09:06:59,863] {logging_mixin.py:104} INFO - File null_file.json contains a list, not a dict!
[2023-09-19 09:06:59,888] {logging_mixin.py:104} INFO - 
[2023-09-19 09:06:59,969] {logging_mixin.py:104} INFO -     temperature        city  pression              date
0       289.61       Paris      1015  2023-09-19 09:06
1       290.13      London      1004  2023-09-19 09:06
2       281.12  Washington      1017  2023-09-19 09:06
3       289.61       Paris      1015  2023-09-19 09:05
4       290.13      London      1004  2023-09-19 09:05
5       281.12  Washington      1017  2023-09-19 09:05
6       289.61       Paris      1015  2023-09-19 09:04
7       289.86      London      1004  2023-09-19 09:04
8       281.12  Washington      1017  2023-09-19 09:04
9       289.61       Paris      1015  2023-09-19 09:03
[2023-09-19 09:06:59,982] {python.py:151} INFO - Done. Returned value was: None
[2023-09-19 09:07:00,019] {taskinstance.py:1211} INFO - Marking task as SUCCESS. dag_id=weather_data_pipeline, task_id=transform_recent_20_files, execution_date=20230919T090554, start_date=20230919T090659, end_date=20230919T090700
[2023-09-19 09:07:00,090] {taskinstance.py:1265} INFO - 0 downstream tasks scheduled from follow-on schedule check
[2023-09-19 09:07:00,147] {local_task_job.py:151} INFO - Task exited with return code 0
