[2023-09-19 08:43:58,526] {taskinstance.py:896} INFO - Dependencies all met for <TaskInstance: weather_data_pipeline.transform_recent_20_files 2023-09-19T08:42:53.787606+00:00 [queued]>
[2023-09-19 08:43:58,547] {taskinstance.py:896} INFO - Dependencies all met for <TaskInstance: weather_data_pipeline.transform_recent_20_files 2023-09-19T08:42:53.787606+00:00 [queued]>
[2023-09-19 08:43:58,547] {taskinstance.py:1087} INFO - 
--------------------------------------------------------------------------------
[2023-09-19 08:43:58,548] {taskinstance.py:1088} INFO - Starting attempt 1 of 2
[2023-09-19 08:43:58,548] {taskinstance.py:1089} INFO - 
--------------------------------------------------------------------------------
[2023-09-19 08:43:58,572] {taskinstance.py:1107} INFO - Executing <Task(PythonOperator): transform_recent_20_files> on 2023-09-19T08:42:53.787606+00:00
[2023-09-19 08:43:58,578] {standard_task_runner.py:52} INFO - Started process 331 to run task
[2023-09-19 08:43:58,587] {standard_task_runner.py:76} INFO - Running: ['***', 'tasks', 'run', 'weather_data_pipeline', 'transform_recent_20_files', '2023-09-19T08:42:53.787606+00:00', '--job-id', '489', '--pool', 'default_pool', '--raw', '--subdir', 'DAGS_FOLDER/weather_data_pipeline.py', '--cfg-path', '/tmp/tmp13fpjvun', '--error-file', '/tmp/tmp5s5792mx']
[2023-09-19 08:43:58,587] {standard_task_runner.py:77} INFO - Job 489: Subtask transform_recent_20_files
[2023-09-19 08:43:58,672] {logging_mixin.py:104} INFO - Running <TaskInstance: weather_data_pipeline.transform_recent_20_files 2023-09-19T08:42:53.787606+00:00 [running]> on host 92beb7708765
[2023-09-19 08:43:58,781] {taskinstance.py:1302} INFO - Exporting the following env vars:
AIRFLOW_CTX_DAG_OWNER=***
AIRFLOW_CTX_DAG_ID=weather_data_pipeline
AIRFLOW_CTX_TASK_ID=transform_recent_20_files
AIRFLOW_CTX_EXECUTION_DATE=2023-09-19T08:42:53.787606+00:00
AIRFLOW_CTX_DAG_RUN_ID=scheduled__2023-09-19T08:42:53.787606+00:00
[2023-09-19 08:43:58,782] {logging_mixin.py:104} INFO - File null_file.json contains a list, not a dict!
[2023-09-19 08:43:58,788] {logging_mixin.py:104} INFO - 
[2023-09-19 08:43:58,820] {logging_mixin.py:104} INFO -     temperature        city  pression              date
0       288.95       Paris      1015  2023-09-19 08:43
1       289.60      London      1005  2023-09-19 08:43
2       281.78  Washington      1017  2023-09-19 08:43
3       288.95       Paris      1015  2023-09-19 08:42
4       289.60      London      1005  2023-09-19 08:42
5       281.78  Washington      1017  2023-09-19 08:42
6       288.95       Paris      1015  2023-09-19 08:41
7       289.60      London      1005  2023-09-19 08:41
8       281.78  Washington      1017  2023-09-19 08:41
9       288.96       Paris      1015  2023-09-19 08:40
[2023-09-19 08:43:58,826] {python.py:151} INFO - Done. Returned value was: None
[2023-09-19 08:43:58,851] {taskinstance.py:1211} INFO - Marking task as SUCCESS. dag_id=weather_data_pipeline, task_id=transform_recent_20_files, execution_date=20230919T084253, start_date=20230919T084358, end_date=20230919T084358
[2023-09-19 08:43:58,890] {taskinstance.py:1265} INFO - 0 downstream tasks scheduled from follow-on schedule check
[2023-09-19 08:43:58,945] {local_task_job.py:151} INFO - Task exited with return code 0
