[2023-09-19 09:13:03,471] {taskinstance.py:896} INFO - Dependencies all met for <TaskInstance: weather_data_pipeline.transform_recent_20_files 2023-09-19T09:11:54.555224+00:00 [queued]>
[2023-09-19 09:13:03,491] {taskinstance.py:896} INFO - Dependencies all met for <TaskInstance: weather_data_pipeline.transform_recent_20_files 2023-09-19T09:11:54.555224+00:00 [queued]>
[2023-09-19 09:13:03,492] {taskinstance.py:1087} INFO - 
--------------------------------------------------------------------------------
[2023-09-19 09:13:03,492] {taskinstance.py:1088} INFO - Starting attempt 1 of 2
[2023-09-19 09:13:03,492] {taskinstance.py:1089} INFO - 
--------------------------------------------------------------------------------
[2023-09-19 09:13:03,517] {taskinstance.py:1107} INFO - Executing <Task(PythonOperator): transform_recent_20_files> on 2023-09-19T09:11:54.555224+00:00
[2023-09-19 09:13:03,526] {standard_task_runner.py:52} INFO - Started process 1835 to run task
[2023-09-19 09:13:03,534] {standard_task_runner.py:76} INFO - Running: ['***', 'tasks', 'run', 'weather_data_pipeline', 'transform_recent_20_files', '2023-09-19T09:11:54.555224+00:00', '--job-id', '602', '--pool', 'default_pool', '--raw', '--subdir', 'DAGS_FOLDER/weather_data_pipeline.py', '--cfg-path', '/tmp/tmpgx3zp91k', '--error-file', '/tmp/tmp8tr74y07']
[2023-09-19 09:13:03,535] {standard_task_runner.py:77} INFO - Job 602: Subtask transform_recent_20_files
[2023-09-19 09:13:03,609] {logging_mixin.py:104} INFO - Running <TaskInstance: weather_data_pipeline.transform_recent_20_files 2023-09-19T09:11:54.555224+00:00 [running]> on host 92beb7708765
[2023-09-19 09:13:03,801] {taskinstance.py:1302} INFO - Exporting the following env vars:
AIRFLOW_CTX_DAG_OWNER=***
AIRFLOW_CTX_DAG_ID=weather_data_pipeline
AIRFLOW_CTX_TASK_ID=transform_recent_20_files
AIRFLOW_CTX_EXECUTION_DATE=2023-09-19T09:11:54.555224+00:00
AIRFLOW_CTX_DAG_RUN_ID=scheduled__2023-09-19T09:11:54.555224+00:00
[2023-09-19 09:13:03,802] {logging_mixin.py:104} INFO - File null_file.json contains a list, not a dict!
[2023-09-19 09:13:03,818] {logging_mixin.py:104} INFO - 
[2023-09-19 09:13:03,873] {logging_mixin.py:104} INFO -     temperature        city  pression              date
0       290.01       Paris      1015  2023-09-19 09:12
1       290.13      London      1004  2023-09-19 09:12
2       282.20  Washington      1017  2023-09-19 09:12
3       289.61       Paris      1015  2023-09-19 09:11
4       290.13      London      1004  2023-09-19 09:11
5       282.20  Washington      1017  2023-09-19 09:11
6       289.61       Paris      1015  2023-09-19 09:09
7       290.13      London      1004  2023-09-19 09:09
8       281.12  Washington      1017  2023-09-19 09:09
9       289.61       Paris      1015  2023-09-19 09:08
[2023-09-19 09:13:03,879] {python.py:151} INFO - Done. Returned value was: None
[2023-09-19 09:13:03,897] {taskinstance.py:1211} INFO - Marking task as SUCCESS. dag_id=weather_data_pipeline, task_id=transform_recent_20_files, execution_date=20230919T091154, start_date=20230919T091303, end_date=20230919T091303
[2023-09-19 09:13:03,953] {taskinstance.py:1265} INFO - 0 downstream tasks scheduled from follow-on schedule check
[2023-09-19 09:13:03,992] {local_task_job.py:151} INFO - Task exited with return code 0
