[2023-09-19 09:16:04,773] {taskinstance.py:896} INFO - Dependencies all met for <TaskInstance: weather_data_pipeline.transform_all_files 2023-09-19T09:14:54.555224+00:00 [queued]>
[2023-09-19 09:16:04,809] {taskinstance.py:896} INFO - Dependencies all met for <TaskInstance: weather_data_pipeline.transform_all_files 2023-09-19T09:14:54.555224+00:00 [queued]>
[2023-09-19 09:16:04,809] {taskinstance.py:1087} INFO - 
--------------------------------------------------------------------------------
[2023-09-19 09:16:04,823] {taskinstance.py:1088} INFO - Starting attempt 1 of 2
[2023-09-19 09:16:04,823] {taskinstance.py:1089} INFO - 
--------------------------------------------------------------------------------
[2023-09-19 09:16:04,875] {taskinstance.py:1107} INFO - Executing <Task(PythonOperator): transform_all_files> on 2023-09-19T09:14:54.555224+00:00
[2023-09-19 09:16:04,894] {standard_task_runner.py:52} INFO - Started process 2022 to run task
[2023-09-19 09:16:04,945] {standard_task_runner.py:76} INFO - Running: ['***', 'tasks', 'run', 'weather_data_pipeline', 'transform_all_files', '2023-09-19T09:14:54.555224+00:00', '--job-id', '624', '--pool', 'default_pool', '--raw', '--subdir', 'DAGS_FOLDER/weather_data_pipeline.py', '--cfg-path', '/tmp/tmp9miol8as', '--error-file', '/tmp/tmpn5bcwqdj']
[2023-09-19 09:16:04,945] {standard_task_runner.py:77} INFO - Job 624: Subtask transform_all_files
[2023-09-19 09:16:05,134] {logging_mixin.py:104} INFO - Running <TaskInstance: weather_data_pipeline.transform_all_files 2023-09-19T09:14:54.555224+00:00 [running]> on host 92beb7708765
[2023-09-19 09:16:05,332] {taskinstance.py:1302} INFO - Exporting the following env vars:
AIRFLOW_CTX_DAG_OWNER=***
AIRFLOW_CTX_DAG_ID=weather_data_pipeline
AIRFLOW_CTX_TASK_ID=transform_all_files
AIRFLOW_CTX_EXECUTION_DATE=2023-09-19T09:14:54.555224+00:00
AIRFLOW_CTX_DAG_RUN_ID=scheduled__2023-09-19T09:14:54.555224+00:00
[2023-09-19 09:16:05,333] {logging_mixin.py:104} INFO - File null_file.json contains a list, not a dict!
[2023-09-19 09:16:05,401] {logging_mixin.py:104} INFO - 
[2023-09-19 09:16:05,505] {logging_mixin.py:104} INFO -     temperature        city  pression              date
0       290.01       Paris      1015  2023-09-19 09:15
1       290.21      London      1004  2023-09-19 09:15
2       282.20  Washington      1017  2023-09-19 09:15
3       290.01       Paris      1015  2023-09-19 09:14
4       290.13      London      1004  2023-09-19 09:14
5       282.20  Washington      1017  2023-09-19 09:14
6       289.52       Paris      1015  2023-09-19 09:13
7       290.13      London      1004  2023-09-19 09:13
8       282.20  Washington      1017  2023-09-19 09:13
9       290.01       Paris      1015  2023-09-19 09:12
[2023-09-19 09:16:05,520] {python.py:151} INFO - Done. Returned value was: None
[2023-09-19 09:16:05,539] {taskinstance.py:1211} INFO - Marking task as SUCCESS. dag_id=weather_data_pipeline, task_id=transform_all_files, execution_date=20230919T091454, start_date=20230919T091604, end_date=20230919T091605
[2023-09-19 09:16:05,644] {taskinstance.py:1265} INFO - 3 downstream tasks scheduled from follow-on schedule check
[2023-09-19 09:16:05,724] {local_task_job.py:151} INFO - Task exited with return code 0
