[2023-09-19 09:17:00,105] {taskinstance.py:896} INFO - Dependencies all met for <TaskInstance: weather_data_pipeline.transform_recent_20_files 2023-09-19T09:15:54.555224+00:00 [queued]>
[2023-09-19 09:17:00,126] {taskinstance.py:896} INFO - Dependencies all met for <TaskInstance: weather_data_pipeline.transform_recent_20_files 2023-09-19T09:15:54.555224+00:00 [queued]>
[2023-09-19 09:17:00,126] {taskinstance.py:1087} INFO - 
--------------------------------------------------------------------------------
[2023-09-19 09:17:00,127] {taskinstance.py:1088} INFO - Starting attempt 1 of 2
[2023-09-19 09:17:00,127] {taskinstance.py:1089} INFO - 
--------------------------------------------------------------------------------
[2023-09-19 09:17:00,152] {taskinstance.py:1107} INFO - Executing <Task(PythonOperator): transform_recent_20_files> on 2023-09-19T09:15:54.555224+00:00
[2023-09-19 09:17:00,162] {standard_task_runner.py:52} INFO - Started process 2076 to run task
[2023-09-19 09:17:00,169] {standard_task_runner.py:76} INFO - Running: ['***', 'tasks', 'run', 'weather_data_pipeline', 'transform_recent_20_files', '2023-09-19T09:15:54.555224+00:00', '--job-id', '631', '--pool', 'default_pool', '--raw', '--subdir', 'DAGS_FOLDER/weather_data_pipeline.py', '--cfg-path', '/tmp/tmpo1410g_5', '--error-file', '/tmp/tmpt_nq_6ck']
[2023-09-19 09:17:00,170] {standard_task_runner.py:77} INFO - Job 631: Subtask transform_recent_20_files
[2023-09-19 09:17:00,265] {logging_mixin.py:104} INFO - Running <TaskInstance: weather_data_pipeline.transform_recent_20_files 2023-09-19T09:15:54.555224+00:00 [running]> on host 92beb7708765
[2023-09-19 09:17:00,372] {taskinstance.py:1302} INFO - Exporting the following env vars:
AIRFLOW_CTX_DAG_OWNER=***
AIRFLOW_CTX_DAG_ID=weather_data_pipeline
AIRFLOW_CTX_TASK_ID=transform_recent_20_files
AIRFLOW_CTX_EXECUTION_DATE=2023-09-19T09:15:54.555224+00:00
AIRFLOW_CTX_DAG_RUN_ID=scheduled__2023-09-19T09:15:54.555224+00:00
[2023-09-19 09:17:00,373] {logging_mixin.py:104} INFO - File null_file.json contains a list, not a dict!
[2023-09-19 09:17:00,381] {logging_mixin.py:104} INFO - 
[2023-09-19 09:17:00,430] {logging_mixin.py:104} INFO -     temperature        city  pression              date
0       290.01       Paris      1015  2023-09-19 09:16
1       290.21      London      1004  2023-09-19 09:16
2       282.20  Washington      1017  2023-09-19 09:16
3       290.01       Paris      1015  2023-09-19 09:15
4       290.21      London      1004  2023-09-19 09:15
5       282.20  Washington      1017  2023-09-19 09:15
6       290.01       Paris      1015  2023-09-19 09:14
7       290.13      London      1004  2023-09-19 09:14
8       282.20  Washington      1017  2023-09-19 09:14
9       289.52       Paris      1015  2023-09-19 09:13
[2023-09-19 09:17:00,436] {python.py:151} INFO - Done. Returned value was: None
[2023-09-19 09:17:00,456] {taskinstance.py:1211} INFO - Marking task as SUCCESS. dag_id=weather_data_pipeline, task_id=transform_recent_20_files, execution_date=20230919T091554, start_date=20230919T091700, end_date=20230919T091700
[2023-09-19 09:17:00,492] {taskinstance.py:1265} INFO - 0 downstream tasks scheduled from follow-on schedule check
[2023-09-19 09:17:00,545] {local_task_job.py:151} INFO - Task exited with return code 0
