[2023-09-19 08:50:55,638] {taskinstance.py:896} INFO - Dependencies all met for <TaskInstance: weather_data_pipeline.fetch_weather_data 2023-09-19T08:49:53.842478+00:00 [queued]>
[2023-09-19 08:50:55,665] {taskinstance.py:896} INFO - Dependencies all met for <TaskInstance: weather_data_pipeline.fetch_weather_data 2023-09-19T08:49:53.842478+00:00 [queued]>
[2023-09-19 08:50:55,665] {taskinstance.py:1087} INFO - 
--------------------------------------------------------------------------------
[2023-09-19 08:50:55,665] {taskinstance.py:1088} INFO - Starting attempt 1 of 2
[2023-09-19 08:50:55,666] {taskinstance.py:1089} INFO - 
--------------------------------------------------------------------------------
[2023-09-19 08:50:55,710] {taskinstance.py:1107} INFO - Executing <Task(PythonOperator): fetch_weather_data> on 2023-09-19T08:49:53.842478+00:00
[2023-09-19 08:50:55,716] {standard_task_runner.py:52} INFO - Started process 671 to run task
[2023-09-19 08:50:55,720] {standard_task_runner.py:76} INFO - Running: ['***', 'tasks', 'run', 'weather_data_pipeline', 'fetch_weather_data', '2023-09-19T08:49:53.842478+00:00', '--job-id', '508', '--pool', 'default_pool', '--raw', '--subdir', 'DAGS_FOLDER/weather_data_pipeline.py', '--cfg-path', '/tmp/tmpdpxy_p7x', '--error-file', '/tmp/tmpg6s9r2v6']
[2023-09-19 08:50:55,721] {standard_task_runner.py:77} INFO - Job 508: Subtask fetch_weather_data
[2023-09-19 08:50:55,792] {logging_mixin.py:104} INFO - Running <TaskInstance: weather_data_pipeline.fetch_weather_data 2023-09-19T08:49:53.842478+00:00 [running]> on host 92beb7708765
[2023-09-19 08:50:55,855] {taskinstance.py:1302} INFO - Exporting the following env vars:
AIRFLOW_CTX_DAG_OWNER=***
AIRFLOW_CTX_DAG_ID=weather_data_pipeline
AIRFLOW_CTX_TASK_ID=fetch_weather_data
AIRFLOW_CTX_EXECUTION_DATE=2023-09-19T08:49:53.842478+00:00
AIRFLOW_CTX_DAG_RUN_ID=scheduled__2023-09-19T08:49:53.842478+00:00
[2023-09-19 08:50:56,175] {python.py:151} INFO - Done. Returned value was: True
[2023-09-19 08:50:56,208] {taskinstance.py:1211} INFO - Marking task as SUCCESS. dag_id=weather_data_pipeline, task_id=fetch_weather_data, execution_date=20230919T084953, start_date=20230919T085055, end_date=20230919T085056
[2023-09-19 08:50:56,247] {taskinstance.py:1265} INFO - 2 downstream tasks scheduled from follow-on schedule check
[2023-09-19 08:50:56,267] {local_task_job.py:151} INFO - Task exited with return code 0
