[2023-09-19 08:24:58,265] {taskinstance.py:896} INFO - Dependencies all met for <TaskInstance: weather_data_pipeline.transform_all_files 2023-09-19T08:23:53.787606+00:00 [queued]>
[2023-09-19 08:24:58,288] {taskinstance.py:896} INFO - Dependencies all met for <TaskInstance: weather_data_pipeline.transform_all_files 2023-09-19T08:23:53.787606+00:00 [queued]>
[2023-09-19 08:24:58,289] {taskinstance.py:1087} INFO - 
--------------------------------------------------------------------------------
[2023-09-19 08:24:58,289] {taskinstance.py:1088} INFO - Starting attempt 1 of 2
[2023-09-19 08:24:58,289] {taskinstance.py:1089} INFO - 
--------------------------------------------------------------------------------
[2023-09-19 08:24:58,314] {taskinstance.py:1107} INFO - Executing <Task(PythonOperator): transform_all_files> on 2023-09-19T08:23:53.787606+00:00
[2023-09-19 08:24:58,320] {standard_task_runner.py:52} INFO - Started process 3185 to run task
[2023-09-19 08:24:58,328] {standard_task_runner.py:76} INFO - Running: ['***', 'tasks', 'run', 'weather_data_pipeline', 'transform_all_files', '2023-09-19T08:23:53.787606+00:00', '--job-id', '434', '--pool', 'default_pool', '--raw', '--subdir', 'DAGS_FOLDER/weather_data_pipeline.py', '--cfg-path', '/tmp/tmp6unuhflr', '--error-file', '/tmp/tmp_75dik2_']
[2023-09-19 08:24:58,329] {standard_task_runner.py:77} INFO - Job 434: Subtask transform_all_files
[2023-09-19 08:24:58,395] {logging_mixin.py:104} INFO - Running <TaskInstance: weather_data_pipeline.transform_all_files 2023-09-19T08:23:53.787606+00:00 [running]> on host 92beb7708765
[2023-09-19 08:24:58,500] {taskinstance.py:1302} INFO - Exporting the following env vars:
AIRFLOW_CTX_DAG_OWNER=***
AIRFLOW_CTX_DAG_ID=weather_data_pipeline
AIRFLOW_CTX_TASK_ID=transform_all_files
AIRFLOW_CTX_EXECUTION_DATE=2023-09-19T08:23:53.787606+00:00
AIRFLOW_CTX_DAG_RUN_ID=scheduled__2023-09-19T08:23:53.787606+00:00
[2023-09-19 08:24:58,501] {logging_mixin.py:104} INFO - File null_file.json contains a list, not a dict!
[2023-09-19 08:24:58,509] {logging_mixin.py:104} INFO - 
[2023-09-19 08:24:58,555] {logging_mixin.py:104} INFO -     temperature        city  pression              date
0       288.70       Paris      1015  2023-09-19 08:24
1       289.46      London      1005  2023-09-19 08:24
2       281.56  Washington      1017  2023-09-19 08:24
3       288.70       Paris      1015  2023-09-19 08:23
4       289.42      London      1005  2023-09-19 08:23
5       281.56  Washington      1017  2023-09-19 08:23
6       288.70       Paris      1015  2023-09-19 08:22
7       289.42      London      1005  2023-09-19 08:22
8       281.56  Washington      1017  2023-09-19 08:22
9       288.70       Paris      1015  2023-09-19 08:21
[2023-09-19 08:24:58,561] {python.py:151} INFO - Done. Returned value was: None
[2023-09-19 08:24:58,578] {taskinstance.py:1211} INFO - Marking task as SUCCESS. dag_id=weather_data_pipeline, task_id=transform_all_files, execution_date=20230919T082353, start_date=20230919T082458, end_date=20230919T082458
[2023-09-19 08:24:58,622] {taskinstance.py:1265} INFO - 0 downstream tasks scheduled from follow-on schedule check
[2023-09-19 08:24:58,670] {local_task_job.py:151} INFO - Task exited with return code 0
