[2023-09-19 08:41:56,849] {taskinstance.py:896} INFO - Dependencies all met for <TaskInstance: weather_data_pipeline.transform_all_files 2023-09-19T08:40:53.787606+00:00 [queued]>
[2023-09-19 08:41:56,868] {taskinstance.py:896} INFO - Dependencies all met for <TaskInstance: weather_data_pipeline.transform_all_files 2023-09-19T08:40:53.787606+00:00 [queued]>
[2023-09-19 08:41:56,869] {taskinstance.py:1087} INFO - 
--------------------------------------------------------------------------------
[2023-09-19 08:41:56,869] {taskinstance.py:1088} INFO - Starting attempt 1 of 2
[2023-09-19 08:41:56,869] {taskinstance.py:1089} INFO - 
--------------------------------------------------------------------------------
[2023-09-19 08:41:56,891] {taskinstance.py:1107} INFO - Executing <Task(PythonOperator): transform_all_files> on 2023-09-19T08:40:53.787606+00:00
[2023-09-19 08:41:56,900] {standard_task_runner.py:52} INFO - Started process 231 to run task
[2023-09-19 08:41:56,908] {standard_task_runner.py:76} INFO - Running: ['***', 'tasks', 'run', 'weather_data_pipeline', 'transform_all_files', '2023-09-19T08:40:53.787606+00:00', '--job-id', '483', '--pool', 'default_pool', '--raw', '--subdir', 'DAGS_FOLDER/weather_data_pipeline.py', '--cfg-path', '/tmp/tmpoo91hhdu', '--error-file', '/tmp/tmpad_ds35f']
[2023-09-19 08:41:56,909] {standard_task_runner.py:77} INFO - Job 483: Subtask transform_all_files
[2023-09-19 08:41:56,971] {logging_mixin.py:104} INFO - Running <TaskInstance: weather_data_pipeline.transform_all_files 2023-09-19T08:40:53.787606+00:00 [running]> on host 92beb7708765
[2023-09-19 08:41:57,097] {taskinstance.py:1302} INFO - Exporting the following env vars:
AIRFLOW_CTX_DAG_OWNER=***
AIRFLOW_CTX_DAG_ID=weather_data_pipeline
AIRFLOW_CTX_TASK_ID=transform_all_files
AIRFLOW_CTX_EXECUTION_DATE=2023-09-19T08:40:53.787606+00:00
AIRFLOW_CTX_DAG_RUN_ID=scheduled__2023-09-19T08:40:53.787606+00:00
[2023-09-19 08:41:57,099] {logging_mixin.py:104} INFO - File null_file.json contains a list, not a dict!
[2023-09-19 08:41:57,132] {logging_mixin.py:104} INFO - 
[2023-09-19 08:41:57,166] {logging_mixin.py:104} INFO -     temperature        city  pression              date
0       288.95       Paris      1015  2023-09-19 08:41
1       289.60      London      1005  2023-09-19 08:41
2       281.78  Washington      1017  2023-09-19 08:41
3       288.96       Paris      1015  2023-09-19 08:40
4       289.60      London      1005  2023-09-19 08:40
5       281.78  Washington      1017  2023-09-19 08:40
6       288.95       Paris      1015  2023-09-19 08:39
7       289.60      London      1005  2023-09-19 08:39
8       281.78  Washington      1017  2023-09-19 08:39
9       288.95       Paris      1015  2023-09-19 08:38
[2023-09-19 08:41:57,172] {python.py:151} INFO - Done. Returned value was: None
[2023-09-19 08:41:57,189] {taskinstance.py:1211} INFO - Marking task as SUCCESS. dag_id=weather_data_pipeline, task_id=transform_all_files, execution_date=20230919T084053, start_date=20230919T084156, end_date=20230919T084157
[2023-09-19 08:41:57,226] {taskinstance.py:1265} INFO - 0 downstream tasks scheduled from follow-on schedule check
[2023-09-19 08:41:57,243] {local_task_job.py:151} INFO - Task exited with return code 0
