[2023-09-19 09:25:04,922] {taskinstance.py:896} INFO - Dependencies all met for <TaskInstance: weather_data_pipeline.transform_recent_20_files 2023-09-19T09:23:54.555224+00:00 [queued]>
[2023-09-19 09:25:04,981] {taskinstance.py:896} INFO - Dependencies all met for <TaskInstance: weather_data_pipeline.transform_recent_20_files 2023-09-19T09:23:54.555224+00:00 [queued]>
[2023-09-19 09:25:04,982] {taskinstance.py:1087} INFO - 
--------------------------------------------------------------------------------
[2023-09-19 09:25:04,982] {taskinstance.py:1088} INFO - Starting attempt 1 of 2
[2023-09-19 09:25:04,982] {taskinstance.py:1089} INFO - 
--------------------------------------------------------------------------------
[2023-09-19 09:25:05,079] {taskinstance.py:1107} INFO - Executing <Task(PythonOperator): transform_recent_20_files> on 2023-09-19T09:23:54.555224+00:00
[2023-09-19 09:25:05,127] {standard_task_runner.py:52} INFO - Started process 2572 to run task
[2023-09-19 09:25:05,152] {standard_task_runner.py:76} INFO - Running: ['***', 'tasks', 'run', 'weather_data_pipeline', 'transform_recent_20_files', '2023-09-19T09:23:54.555224+00:00', '--job-id', '687', '--pool', 'default_pool', '--raw', '--subdir', 'DAGS_FOLDER/weather_data_pipeline.py', '--cfg-path', '/tmp/tmpzwtunxmf', '--error-file', '/tmp/tmpveb6cdgj']
[2023-09-19 09:25:05,153] {standard_task_runner.py:77} INFO - Job 687: Subtask transform_recent_20_files
[2023-09-19 09:25:05,349] {logging_mixin.py:104} INFO - Running <TaskInstance: weather_data_pipeline.transform_recent_20_files 2023-09-19T09:23:54.555224+00:00 [running]> on host 92beb7708765
[2023-09-19 09:25:05,555] {taskinstance.py:1302} INFO - Exporting the following env vars:
AIRFLOW_CTX_DAG_OWNER=***
AIRFLOW_CTX_DAG_ID=weather_data_pipeline
AIRFLOW_CTX_TASK_ID=transform_recent_20_files
AIRFLOW_CTX_EXECUTION_DATE=2023-09-19T09:23:54.555224+00:00
AIRFLOW_CTX_DAG_RUN_ID=scheduled__2023-09-19T09:23:54.555224+00:00
[2023-09-19 09:25:05,557] {logging_mixin.py:104} INFO - File null_file.json contains a list, not a dict!
[2023-09-19 09:25:05,591] {logging_mixin.py:104} INFO - 
[2023-09-19 09:25:05,718] {logging_mixin.py:104} INFO -     temperature        city  pression              date
0       290.16       Paris      1015  2023-09-19 09:24
1       290.27      London      1005  2023-09-19 09:24
2       281.70  Washington      1017  2023-09-19 09:24
3       290.23       Paris      1015  2023-09-19 09:23
4       290.27      London      1005  2023-09-19 09:23
5       281.70  Washington      1017  2023-09-19 09:23
6       290.17       Paris      1015  2023-09-19 09:22
7       290.25      London      1004  2023-09-19 09:22
8       282.20  Washington      1017  2023-09-19 09:22
9       290.17       Paris      1015  2023-09-19 09:21
[2023-09-19 09:25:05,724] {python.py:151} INFO - Done. Returned value was: None
[2023-09-19 09:25:05,742] {taskinstance.py:1211} INFO - Marking task as SUCCESS. dag_id=weather_data_pipeline, task_id=transform_recent_20_files, execution_date=20230919T092354, start_date=20230919T092504, end_date=20230919T092505
[2023-09-19 09:25:05,800] {taskinstance.py:1265} INFO - 0 downstream tasks scheduled from follow-on schedule check
[2023-09-19 09:25:05,845] {local_task_job.py:151} INFO - Task exited with return code 0
