[2023-09-19 08:55:55,341] {taskinstance.py:896} INFO - Dependencies all met for <TaskInstance: weather_data_pipeline.fetch_weather_data 2023-09-19T08:54:53.842478+00:00 [queued]>
[2023-09-19 08:55:55,353] {taskinstance.py:896} INFO - Dependencies all met for <TaskInstance: weather_data_pipeline.fetch_weather_data 2023-09-19T08:54:53.842478+00:00 [queued]>
[2023-09-19 08:55:55,353] {taskinstance.py:1087} INFO - 
--------------------------------------------------------------------------------
[2023-09-19 08:55:55,354] {taskinstance.py:1088} INFO - Starting attempt 1 of 2
[2023-09-19 08:55:55,354] {taskinstance.py:1089} INFO - 
--------------------------------------------------------------------------------
[2023-09-19 08:55:55,372] {taskinstance.py:1107} INFO - Executing <Task(PythonOperator): fetch_weather_data> on 2023-09-19T08:54:53.842478+00:00
[2023-09-19 08:55:55,388] {standard_task_runner.py:76} INFO - Running: ['***', 'tasks', 'run', 'weather_data_pipeline', 'fetch_weather_data', '2023-09-19T08:54:53.842478+00:00', '--job-id', '523', '--pool', 'default_pool', '--raw', '--subdir', 'DAGS_FOLDER/weather_data_pipeline.py', '--cfg-path', '/tmp/tmp620pg_x2', '--error-file', '/tmp/tmpwq81y6r9']
[2023-09-19 08:55:55,390] {standard_task_runner.py:77} INFO - Job 523: Subtask fetch_weather_data
[2023-09-19 08:55:55,378] {standard_task_runner.py:52} INFO - Started process 920 to run task
[2023-09-19 08:55:55,452] {logging_mixin.py:104} INFO - Running <TaskInstance: weather_data_pipeline.fetch_weather_data 2023-09-19T08:54:53.842478+00:00 [running]> on host 92beb7708765
[2023-09-19 08:55:55,518] {taskinstance.py:1302} INFO - Exporting the following env vars:
AIRFLOW_CTX_DAG_OWNER=***
AIRFLOW_CTX_DAG_ID=weather_data_pipeline
AIRFLOW_CTX_TASK_ID=fetch_weather_data
AIRFLOW_CTX_EXECUTION_DATE=2023-09-19T08:54:53.842478+00:00
AIRFLOW_CTX_DAG_RUN_ID=scheduled__2023-09-19T08:54:53.842478+00:00
[2023-09-19 08:55:55,797] {python.py:151} INFO - Done. Returned value was: True
[2023-09-19 08:55:55,831] {taskinstance.py:1211} INFO - Marking task as SUCCESS. dag_id=weather_data_pipeline, task_id=fetch_weather_data, execution_date=20230919T085453, start_date=20230919T085555, end_date=20230919T085555
[2023-09-19 08:55:55,872] {taskinstance.py:1265} INFO - 2 downstream tasks scheduled from follow-on schedule check
[2023-09-19 08:55:55,892] {local_task_job.py:151} INFO - Task exited with return code 0
