[2023-09-19 09:23:00,741] {taskinstance.py:896} INFO - Dependencies all met for <TaskInstance: weather_data_pipeline.transform_recent_20_files 2023-09-19T09:21:54.555224+00:00 [queued]>
[2023-09-19 09:23:00,778] {taskinstance.py:896} INFO - Dependencies all met for <TaskInstance: weather_data_pipeline.transform_recent_20_files 2023-09-19T09:21:54.555224+00:00 [queued]>
[2023-09-19 09:23:00,778] {taskinstance.py:1087} INFO - 
--------------------------------------------------------------------------------
[2023-09-19 09:23:00,778] {taskinstance.py:1088} INFO - Starting attempt 1 of 2
[2023-09-19 09:23:00,778] {taskinstance.py:1089} INFO - 
--------------------------------------------------------------------------------
[2023-09-19 09:23:00,827] {taskinstance.py:1107} INFO - Executing <Task(PythonOperator): transform_recent_20_files> on 2023-09-19T09:21:54.555224+00:00
[2023-09-19 09:23:00,850] {standard_task_runner.py:52} INFO - Started process 2441 to run task
[2023-09-19 09:23:00,868] {standard_task_runner.py:76} INFO - Running: ['***', 'tasks', 'run', 'weather_data_pipeline', 'transform_recent_20_files', '2023-09-19T09:21:54.555224+00:00', '--job-id', '672', '--pool', 'default_pool', '--raw', '--subdir', 'DAGS_FOLDER/weather_data_pipeline.py', '--cfg-path', '/tmp/tmps1kq_maw', '--error-file', '/tmp/tmpw1g7sokm']
[2023-09-19 09:23:00,869] {standard_task_runner.py:77} INFO - Job 672: Subtask transform_recent_20_files
[2023-09-19 09:23:00,977] {logging_mixin.py:104} INFO - Running <TaskInstance: weather_data_pipeline.transform_recent_20_files 2023-09-19T09:21:54.555224+00:00 [running]> on host 92beb7708765
[2023-09-19 09:23:01,179] {taskinstance.py:1302} INFO - Exporting the following env vars:
AIRFLOW_CTX_DAG_OWNER=***
AIRFLOW_CTX_DAG_ID=weather_data_pipeline
AIRFLOW_CTX_TASK_ID=transform_recent_20_files
AIRFLOW_CTX_EXECUTION_DATE=2023-09-19T09:21:54.555224+00:00
AIRFLOW_CTX_DAG_RUN_ID=scheduled__2023-09-19T09:21:54.555224+00:00
[2023-09-19 09:23:01,180] {logging_mixin.py:104} INFO - File null_file.json contains a list, not a dict!
[2023-09-19 09:23:01,194] {logging_mixin.py:104} INFO - 
[2023-09-19 09:23:01,269] {logging_mixin.py:104} INFO -     temperature        city  pression              date
0       290.17       Paris      1015  2023-09-19 09:22
1       290.25      London      1004  2023-09-19 09:22
2       282.20  Washington      1017  2023-09-19 09:22
3       290.17       Paris      1015  2023-09-19 09:21
4       290.25      London      1004  2023-09-19 09:21
5       282.20  Washington      1017  2023-09-19 09:21
6       290.17       Paris      1015  2023-09-19 09:20
7       290.25      London      1004  2023-09-19 09:20
8       282.20  Washington      1017  2023-09-19 09:20
9       290.17       Paris      1015  2023-09-19 09:19
[2023-09-19 09:23:01,274] {python.py:151} INFO - Done. Returned value was: None
[2023-09-19 09:23:01,294] {taskinstance.py:1211} INFO - Marking task as SUCCESS. dag_id=weather_data_pipeline, task_id=transform_recent_20_files, execution_date=20230919T092154, start_date=20230919T092300, end_date=20230919T092301
[2023-09-19 09:23:01,360] {taskinstance.py:1265} INFO - 0 downstream tasks scheduled from follow-on schedule check
[2023-09-19 09:23:01,411] {local_task_job.py:151} INFO - Task exited with return code 0
