[2023-09-19 07:37:03,548] {taskinstance.py:896} INFO - Dependencies all met for <TaskInstance: weather_data_pipeline.fetch_weather_data 2023-09-19T00:01:00+00:00 [queued]>
[2023-09-19 07:37:03,901] {taskinstance.py:896} INFO - Dependencies all met for <TaskInstance: weather_data_pipeline.fetch_weather_data 2023-09-19T00:01:00+00:00 [queued]>
[2023-09-19 07:37:03,902] {taskinstance.py:1087} INFO - 
--------------------------------------------------------------------------------
[2023-09-19 07:37:03,902] {taskinstance.py:1088} INFO - Starting attempt 1 of 2
[2023-09-19 07:37:03,902] {taskinstance.py:1089} INFO - 
--------------------------------------------------------------------------------
[2023-09-19 07:37:04,200] {taskinstance.py:1107} INFO - Executing <Task(PythonOperator): fetch_weather_data> on 2023-09-19T00:01:00+00:00
[2023-09-19 07:37:04,296] {standard_task_runner.py:52} INFO - Started process 351 to run task
[2023-09-19 07:37:04,384] {standard_task_runner.py:76} INFO - Running: ['***', 'tasks', 'run', 'weather_data_pipeline', 'fetch_weather_data', '2023-09-19T00:01:00+00:00', '--job-id', '4', '--pool', 'default_pool', '--raw', '--subdir', 'DAGS_FOLDER/weather_data_pipeline.py', '--cfg-path', '/tmp/tmpedtx40_2', '--error-file', '/tmp/tmpxtecjdrp']
[2023-09-19 07:37:04,391] {standard_task_runner.py:77} INFO - Job 4: Subtask fetch_weather_data
[2023-09-19 07:37:05,179] {logging_mixin.py:104} INFO - Running <TaskInstance: weather_data_pipeline.fetch_weather_data 2023-09-19T00:01:00+00:00 [running]> on host 92beb7708765
[2023-09-19 07:37:06,017] {taskinstance.py:1302} INFO - Exporting the following env vars:
AIRFLOW_CTX_DAG_OWNER=***
AIRFLOW_CTX_DAG_ID=weather_data_pipeline
AIRFLOW_CTX_TASK_ID=fetch_weather_data
AIRFLOW_CTX_EXECUTION_DATE=2023-09-19T00:01:00+00:00
AIRFLOW_CTX_DAG_RUN_ID=scheduled__2023-09-19T00:01:00+00:00
[2023-09-19 07:37:07,902] {python.py:151} INFO - Done. Returned value was: True
[2023-09-19 07:37:08,575] {taskinstance.py:1211} INFO - Marking task as SUCCESS. dag_id=weather_data_pipeline, task_id=fetch_weather_data, execution_date=20230919T000100, start_date=20230919T073703, end_date=20230919T073708
[2023-09-19 07:37:09,083] {taskinstance.py:1265} INFO - 0 downstream tasks scheduled from follow-on schedule check
[2023-09-19 07:37:09,269] {local_task_job.py:151} INFO - Task exited with return code 0
