[2023-09-19 08:22:58,952] {taskinstance.py:896} INFO - Dependencies all met for <TaskInstance: weather_data_pipeline.transform_recent_20_files 2023-09-19T08:21:53.787606+00:00 [queued]>
[2023-09-19 08:22:58,999] {taskinstance.py:896} INFO - Dependencies all met for <TaskInstance: weather_data_pipeline.transform_recent_20_files 2023-09-19T08:21:53.787606+00:00 [queued]>
[2023-09-19 08:22:59,000] {taskinstance.py:1087} INFO - 
--------------------------------------------------------------------------------
[2023-09-19 08:22:59,000] {taskinstance.py:1088} INFO - Starting attempt 1 of 2
[2023-09-19 08:22:59,000] {taskinstance.py:1089} INFO - 
--------------------------------------------------------------------------------
[2023-09-19 08:22:59,019] {taskinstance.py:1107} INFO - Executing <Task(PythonOperator): transform_recent_20_files> on 2023-09-19T08:21:53.787606+00:00
[2023-09-19 08:22:59,036] {standard_task_runner.py:52} INFO - Started process 3086 to run task
[2023-09-19 08:22:59,050] {standard_task_runner.py:76} INFO - Running: ['***', 'tasks', 'run', 'weather_data_pipeline', 'transform_recent_20_files', '2023-09-19T08:21:53.787606+00:00', '--job-id', '429', '--pool', 'default_pool', '--raw', '--subdir', 'DAGS_FOLDER/weather_data_pipeline.py', '--cfg-path', '/tmp/tmp1so11lbq', '--error-file', '/tmp/tmp5uwwnrw2']
[2023-09-19 08:22:59,051] {standard_task_runner.py:77} INFO - Job 429: Subtask transform_recent_20_files
[2023-09-19 08:22:59,187] {logging_mixin.py:104} INFO - Running <TaskInstance: weather_data_pipeline.transform_recent_20_files 2023-09-19T08:21:53.787606+00:00 [running]> on host 92beb7708765
[2023-09-19 08:22:59,341] {taskinstance.py:1302} INFO - Exporting the following env vars:
AIRFLOW_CTX_DAG_OWNER=***
AIRFLOW_CTX_DAG_ID=weather_data_pipeline
AIRFLOW_CTX_TASK_ID=transform_recent_20_files
AIRFLOW_CTX_EXECUTION_DATE=2023-09-19T08:21:53.787606+00:00
AIRFLOW_CTX_DAG_RUN_ID=scheduled__2023-09-19T08:21:53.787606+00:00
[2023-09-19 08:22:59,342] {logging_mixin.py:104} INFO - File null_file.json contains a list, not a dict!
[2023-09-19 08:22:59,351] {logging_mixin.py:104} INFO - 
[2023-09-19 08:22:59,385] {logging_mixin.py:104} INFO -     temperature        city  pression              date
0       288.70       Paris      1015  2023-09-19 08:22
1       289.42      London      1005  2023-09-19 08:22
2       281.56  Washington      1017  2023-09-19 08:22
3       288.70       Paris      1015  2023-09-19 08:21
4       289.42      London      1005  2023-09-19 08:21
5       281.56  Washington      1017  2023-09-19 08:21
6       288.70       Paris      1015  2023-09-19 08:20
7       289.42      London      1005  2023-09-19 08:20
8       281.56  Washington      1017  2023-09-19 08:20
9       288.28       Paris      1015  2023-09-19 08:14
[2023-09-19 08:22:59,391] {python.py:151} INFO - Done. Returned value was: None
[2023-09-19 08:22:59,405] {taskinstance.py:1211} INFO - Marking task as SUCCESS. dag_id=weather_data_pipeline, task_id=transform_recent_20_files, execution_date=20230919T082153, start_date=20230919T082258, end_date=20230919T082259
[2023-09-19 08:22:59,449] {taskinstance.py:1265} INFO - 0 downstream tasks scheduled from follow-on schedule check
[2023-09-19 08:22:59,470] {local_task_job.py:151} INFO - Task exited with return code 0
