[2023-09-19 08:28:57,373] {taskinstance.py:896} INFO - Dependencies all met for <TaskInstance: weather_data_pipeline.transform_recent_20_files 2023-09-19T08:27:53.787606+00:00 [queued]>
[2023-09-19 08:28:57,424] {taskinstance.py:896} INFO - Dependencies all met for <TaskInstance: weather_data_pipeline.transform_recent_20_files 2023-09-19T08:27:53.787606+00:00 [queued]>
[2023-09-19 08:28:57,424] {taskinstance.py:1087} INFO - 
--------------------------------------------------------------------------------
[2023-09-19 08:28:57,424] {taskinstance.py:1088} INFO - Starting attempt 1 of 2
[2023-09-19 08:28:57,425] {taskinstance.py:1089} INFO - 
--------------------------------------------------------------------------------
[2023-09-19 08:28:57,442] {taskinstance.py:1107} INFO - Executing <Task(PythonOperator): transform_recent_20_files> on 2023-09-19T08:27:53.787606+00:00
[2023-09-19 08:28:57,449] {standard_task_runner.py:52} INFO - Started process 3385 to run task
[2023-09-19 08:28:57,457] {standard_task_runner.py:76} INFO - Running: ['***', 'tasks', 'run', 'weather_data_pipeline', 'transform_recent_20_files', '2023-09-19T08:27:53.787606+00:00', '--job-id', '447', '--pool', 'default_pool', '--raw', '--subdir', 'DAGS_FOLDER/weather_data_pipeline.py', '--cfg-path', '/tmp/tmpb67e3djg', '--error-file', '/tmp/tmp5xidg6uw']
[2023-09-19 08:28:57,458] {standard_task_runner.py:77} INFO - Job 447: Subtask transform_recent_20_files
[2023-09-19 08:28:57,562] {logging_mixin.py:104} INFO - Running <TaskInstance: weather_data_pipeline.transform_recent_20_files 2023-09-19T08:27:53.787606+00:00 [running]> on host 92beb7708765
[2023-09-19 08:28:57,651] {taskinstance.py:1302} INFO - Exporting the following env vars:
AIRFLOW_CTX_DAG_OWNER=***
AIRFLOW_CTX_DAG_ID=weather_data_pipeline
AIRFLOW_CTX_TASK_ID=transform_recent_20_files
AIRFLOW_CTX_EXECUTION_DATE=2023-09-19T08:27:53.787606+00:00
AIRFLOW_CTX_DAG_RUN_ID=scheduled__2023-09-19T08:27:53.787606+00:00
[2023-09-19 08:28:57,652] {logging_mixin.py:104} INFO - File null_file.json contains a list, not a dict!
[2023-09-19 08:28:57,660] {logging_mixin.py:104} INFO - 
[2023-09-19 08:28:57,691] {logging_mixin.py:104} INFO -     temperature        city  pression              date
0       288.84       Paris      1015  2023-09-19 08:28
1       289.45      London      1005  2023-09-19 08:28
2       281.40  Washington      1017  2023-09-19 08:28
3       288.84       Paris      1015  2023-09-19 08:27
4       289.45      London      1005  2023-09-19 08:27
5       281.40  Washington      1017  2023-09-19 08:27
6       288.84       Paris      1015  2023-09-19 08:26
7       289.45      London      1005  2023-09-19 08:26
8       281.40  Washington      1017  2023-09-19 08:26
9       288.82       Paris      1015  2023-09-19 08:25
[2023-09-19 08:28:57,695] {python.py:151} INFO - Done. Returned value was: None
[2023-09-19 08:28:57,706] {taskinstance.py:1211} INFO - Marking task as SUCCESS. dag_id=weather_data_pipeline, task_id=transform_recent_20_files, execution_date=20230919T082753, start_date=20230919T082857, end_date=20230919T082857
[2023-09-19 08:28:57,786] {taskinstance.py:1265} INFO - 0 downstream tasks scheduled from follow-on schedule check
[2023-09-19 08:28:57,826] {local_task_job.py:151} INFO - Task exited with return code 0
