[2023-09-19 08:22:58,862] {taskinstance.py:896} INFO - Dependencies all met for <TaskInstance: weather_data_pipeline.transform_all_files 2023-09-19T08:21:53.787606+00:00 [queued]>
[2023-09-19 08:22:58,889] {taskinstance.py:896} INFO - Dependencies all met for <TaskInstance: weather_data_pipeline.transform_all_files 2023-09-19T08:21:53.787606+00:00 [queued]>
[2023-09-19 08:22:58,890] {taskinstance.py:1087} INFO - 
--------------------------------------------------------------------------------
[2023-09-19 08:22:58,890] {taskinstance.py:1088} INFO - Starting attempt 1 of 2
[2023-09-19 08:22:58,890] {taskinstance.py:1089} INFO - 
--------------------------------------------------------------------------------
[2023-09-19 08:22:58,906] {taskinstance.py:1107} INFO - Executing <Task(PythonOperator): transform_all_files> on 2023-09-19T08:21:53.787606+00:00
[2023-09-19 08:22:58,913] {standard_task_runner.py:52} INFO - Started process 3085 to run task
[2023-09-19 08:22:58,921] {standard_task_runner.py:76} INFO - Running: ['***', 'tasks', 'run', 'weather_data_pipeline', 'transform_all_files', '2023-09-19T08:21:53.787606+00:00', '--job-id', '428', '--pool', 'default_pool', '--raw', '--subdir', 'DAGS_FOLDER/weather_data_pipeline.py', '--cfg-path', '/tmp/tmpr9ijcuvr', '--error-file', '/tmp/tmpd9nfuwgk']
[2023-09-19 08:22:58,921] {standard_task_runner.py:77} INFO - Job 428: Subtask transform_all_files
[2023-09-19 08:22:59,016] {logging_mixin.py:104} INFO - Running <TaskInstance: weather_data_pipeline.transform_all_files 2023-09-19T08:21:53.787606+00:00 [running]> on host 92beb7708765
[2023-09-19 08:22:59,209] {taskinstance.py:1302} INFO - Exporting the following env vars:
AIRFLOW_CTX_DAG_OWNER=***
AIRFLOW_CTX_DAG_ID=weather_data_pipeline
AIRFLOW_CTX_TASK_ID=transform_all_files
AIRFLOW_CTX_EXECUTION_DATE=2023-09-19T08:21:53.787606+00:00
AIRFLOW_CTX_DAG_RUN_ID=scheduled__2023-09-19T08:21:53.787606+00:00
[2023-09-19 08:22:59,210] {logging_mixin.py:104} INFO - File null_file.json contains a list, not a dict!
[2023-09-19 08:22:59,224] {logging_mixin.py:104} INFO - 
[2023-09-19 08:22:59,298] {logging_mixin.py:104} INFO -     temperature        city  pression              date
0       288.70       Paris      1015  2023-09-19 08:22
1       289.42      London      1005  2023-09-19 08:22
2       281.56  Washington      1017  2023-09-19 08:22
3       288.70       Paris      1015  2023-09-19 08:21
4       289.42      London      1005  2023-09-19 08:21
5       281.56  Washington      1017  2023-09-19 08:21
6       288.70       Paris      1015  2023-09-19 08:20
7       289.42      London      1005  2023-09-19 08:20
8       281.56  Washington      1017  2023-09-19 08:20
9       288.28       Paris      1015  2023-09-19 08:14
[2023-09-19 08:22:59,303] {python.py:151} INFO - Done. Returned value was: None
[2023-09-19 08:22:59,333] {taskinstance.py:1211} INFO - Marking task as SUCCESS. dag_id=weather_data_pipeline, task_id=transform_all_files, execution_date=20230919T082153, start_date=20230919T082258, end_date=20230919T082259
[2023-09-19 08:22:59,390] {taskinstance.py:1265} INFO - 0 downstream tasks scheduled from follow-on schedule check
[2023-09-19 08:22:59,413] {local_task_job.py:151} INFO - Task exited with return code 0
