[2023-09-19 08:34:57,641] {taskinstance.py:896} INFO - Dependencies all met for <TaskInstance: weather_data_pipeline.transform_all_files 2023-09-19T08:33:53.787606+00:00 [queued]>
[2023-09-19 08:34:57,669] {taskinstance.py:896} INFO - Dependencies all met for <TaskInstance: weather_data_pipeline.transform_all_files 2023-09-19T08:33:53.787606+00:00 [queued]>
[2023-09-19 08:34:57,669] {taskinstance.py:1087} INFO - 
--------------------------------------------------------------------------------
[2023-09-19 08:34:57,669] {taskinstance.py:1088} INFO - Starting attempt 1 of 2
[2023-09-19 08:34:57,669] {taskinstance.py:1089} INFO - 
--------------------------------------------------------------------------------
[2023-09-19 08:34:57,684] {taskinstance.py:1107} INFO - Executing <Task(PythonOperator): transform_all_files> on 2023-09-19T08:33:53.787606+00:00
[2023-09-19 08:34:57,693] {standard_task_runner.py:52} INFO - Started process 3690 to run task
[2023-09-19 08:34:57,703] {standard_task_runner.py:76} INFO - Running: ['***', 'tasks', 'run', 'weather_data_pipeline', 'transform_all_files', '2023-09-19T08:33:53.787606+00:00', '--job-id', '465', '--pool', 'default_pool', '--raw', '--subdir', 'DAGS_FOLDER/weather_data_pipeline.py', '--cfg-path', '/tmp/tmp6x3wyvxb', '--error-file', '/tmp/tmprnf12qzr']
[2023-09-19 08:34:57,704] {standard_task_runner.py:77} INFO - Job 465: Subtask transform_all_files
[2023-09-19 08:34:57,794] {logging_mixin.py:104} INFO - Running <TaskInstance: weather_data_pipeline.transform_all_files 2023-09-19T08:33:53.787606+00:00 [running]> on host 92beb7708765
[2023-09-19 08:34:57,887] {taskinstance.py:1302} INFO - Exporting the following env vars:
AIRFLOW_CTX_DAG_OWNER=***
AIRFLOW_CTX_DAG_ID=weather_data_pipeline
AIRFLOW_CTX_TASK_ID=transform_all_files
AIRFLOW_CTX_EXECUTION_DATE=2023-09-19T08:33:53.787606+00:00
AIRFLOW_CTX_DAG_RUN_ID=scheduled__2023-09-19T08:33:53.787606+00:00
[2023-09-19 08:34:57,888] {logging_mixin.py:104} INFO - File null_file.json contains a list, not a dict!
[2023-09-19 08:34:57,900] {logging_mixin.py:104} INFO - 
[2023-09-19 08:34:57,930] {logging_mixin.py:104} INFO -     temperature        city  pression              date
0       288.84       Paris      1015  2023-09-19 08:34
1       289.43      London      1004  2023-09-19 08:34
2       281.40  Washington      1017  2023-09-19 08:34
3       288.84       Paris      1015  2023-09-19 08:33
4       289.43      London      1004  2023-09-19 08:33
5       281.40  Washington      1017  2023-09-19 08:33
6       288.84       Paris      1015  2023-09-19 08:32
7       289.43      London      1004  2023-09-19 08:32
8       281.40  Washington      1017  2023-09-19 08:32
9       288.84       Paris      1015  2023-09-19 08:31
[2023-09-19 08:34:57,935] {python.py:151} INFO - Done. Returned value was: None
[2023-09-19 08:34:57,949] {taskinstance.py:1211} INFO - Marking task as SUCCESS. dag_id=weather_data_pipeline, task_id=transform_all_files, execution_date=20230919T083353, start_date=20230919T083457, end_date=20230919T083457
[2023-09-19 08:34:57,992] {taskinstance.py:1265} INFO - 0 downstream tasks scheduled from follow-on schedule check
[2023-09-19 08:34:58,004] {local_task_job.py:151} INFO - Task exited with return code 0
