[2023-09-19 09:16:56,993] {taskinstance.py:896} INFO - Dependencies all met for <TaskInstance: weather_data_pipeline.fetch_weather_data 2023-09-19T09:15:54.555224+00:00 [queued]>
[2023-09-19 09:16:57,013] {taskinstance.py:896} INFO - Dependencies all met for <TaskInstance: weather_data_pipeline.fetch_weather_data 2023-09-19T09:15:54.555224+00:00 [queued]>
[2023-09-19 09:16:57,014] {taskinstance.py:1087} INFO - 
--------------------------------------------------------------------------------
[2023-09-19 09:16:57,014] {taskinstance.py:1088} INFO - Starting attempt 1 of 2
[2023-09-19 09:16:57,014] {taskinstance.py:1089} INFO - 
--------------------------------------------------------------------------------
[2023-09-19 09:16:57,037] {taskinstance.py:1107} INFO - Executing <Task(PythonOperator): fetch_weather_data> on 2023-09-19T09:15:54.555224+00:00
[2023-09-19 09:16:57,045] {standard_task_runner.py:52} INFO - Started process 2070 to run task
[2023-09-19 09:16:57,052] {standard_task_runner.py:76} INFO - Running: ['***', 'tasks', 'run', 'weather_data_pipeline', 'fetch_weather_data', '2023-09-19T09:15:54.555224+00:00', '--job-id', '629', '--pool', 'default_pool', '--raw', '--subdir', 'DAGS_FOLDER/weather_data_pipeline.py', '--cfg-path', '/tmp/tmp0ao1cnwp', '--error-file', '/tmp/tmpszq8f6p5']
[2023-09-19 09:16:57,053] {standard_task_runner.py:77} INFO - Job 629: Subtask fetch_weather_data
[2023-09-19 09:16:57,114] {logging_mixin.py:104} INFO - Running <TaskInstance: weather_data_pipeline.fetch_weather_data 2023-09-19T09:15:54.555224+00:00 [running]> on host 92beb7708765
[2023-09-19 09:16:57,197] {taskinstance.py:1302} INFO - Exporting the following env vars:
AIRFLOW_CTX_DAG_OWNER=***
AIRFLOW_CTX_DAG_ID=weather_data_pipeline
AIRFLOW_CTX_TASK_ID=fetch_weather_data
AIRFLOW_CTX_EXECUTION_DATE=2023-09-19T09:15:54.555224+00:00
AIRFLOW_CTX_DAG_RUN_ID=scheduled__2023-09-19T09:15:54.555224+00:00
[2023-09-19 09:16:57,522] {python.py:151} INFO - Done. Returned value was: True
[2023-09-19 09:16:57,569] {taskinstance.py:1211} INFO - Marking task as SUCCESS. dag_id=weather_data_pipeline, task_id=fetch_weather_data, execution_date=20230919T091554, start_date=20230919T091656, end_date=20230919T091657
[2023-09-19 09:16:57,623] {taskinstance.py:1265} INFO - 2 downstream tasks scheduled from follow-on schedule check
[2023-09-19 09:16:57,667] {local_task_job.py:151} INFO - Task exited with return code 0
