[2023-09-19 08:35:58,923] {taskinstance.py:896} INFO - Dependencies all met for <TaskInstance: weather_data_pipeline.transform_all_files 2023-09-19T08:34:53.787606+00:00 [queued]>
[2023-09-19 08:35:58,975] {taskinstance.py:896} INFO - Dependencies all met for <TaskInstance: weather_data_pipeline.transform_all_files 2023-09-19T08:34:53.787606+00:00 [queued]>
[2023-09-19 08:35:58,975] {taskinstance.py:1087} INFO - 
--------------------------------------------------------------------------------
[2023-09-19 08:35:58,976] {taskinstance.py:1088} INFO - Starting attempt 1 of 2
[2023-09-19 08:35:58,976] {taskinstance.py:1089} INFO - 
--------------------------------------------------------------------------------
[2023-09-19 08:35:59,015] {taskinstance.py:1107} INFO - Executing <Task(PythonOperator): transform_all_files> on 2023-09-19T08:34:53.787606+00:00
[2023-09-19 08:35:59,034] {standard_task_runner.py:52} INFO - Started process 3738 to run task
[2023-09-19 08:35:59,038] {standard_task_runner.py:76} INFO - Running: ['***', 'tasks', 'run', 'weather_data_pipeline', 'transform_all_files', '2023-09-19T08:34:53.787606+00:00', '--job-id', '467', '--pool', 'default_pool', '--raw', '--subdir', 'DAGS_FOLDER/weather_data_pipeline.py', '--cfg-path', '/tmp/tmp_ds85cow', '--error-file', '/tmp/tmptockvm8_']
[2023-09-19 08:35:59,051] {standard_task_runner.py:77} INFO - Job 467: Subtask transform_all_files
[2023-09-19 08:35:59,205] {logging_mixin.py:104} INFO - Running <TaskInstance: weather_data_pipeline.transform_all_files 2023-09-19T08:34:53.787606+00:00 [running]> on host 92beb7708765
[2023-09-19 08:35:59,344] {taskinstance.py:1302} INFO - Exporting the following env vars:
AIRFLOW_CTX_DAG_OWNER=***
AIRFLOW_CTX_DAG_ID=weather_data_pipeline
AIRFLOW_CTX_TASK_ID=transform_all_files
AIRFLOW_CTX_EXECUTION_DATE=2023-09-19T08:34:53.787606+00:00
AIRFLOW_CTX_DAG_RUN_ID=scheduled__2023-09-19T08:34:53.787606+00:00
[2023-09-19 08:35:59,345] {logging_mixin.py:104} INFO - File null_file.json contains a list, not a dict!
[2023-09-19 08:35:59,368] {logging_mixin.py:104} INFO - 
[2023-09-19 08:35:59,432] {logging_mixin.py:104} INFO -     temperature        city  pression              date
0       288.86       Paris      1015  2023-09-19 08:35
1       289.45      London      1005  2023-09-19 08:35
2       281.78  Washington      1017  2023-09-19 08:35
3       288.84       Paris      1015  2023-09-19 08:34
4       289.43      London      1004  2023-09-19 08:34
5       281.40  Washington      1017  2023-09-19 08:34
6       288.84       Paris      1015  2023-09-19 08:33
7       289.43      London      1004  2023-09-19 08:33
8       281.40  Washington      1017  2023-09-19 08:33
9       288.84       Paris      1015  2023-09-19 08:32
[2023-09-19 08:35:59,448] {python.py:151} INFO - Done. Returned value was: None
[2023-09-19 08:35:59,495] {taskinstance.py:1211} INFO - Marking task as SUCCESS. dag_id=weather_data_pipeline, task_id=transform_all_files, execution_date=20230919T083453, start_date=20230919T083558, end_date=20230919T083559
[2023-09-19 08:35:59,587] {taskinstance.py:1265} INFO - 0 downstream tasks scheduled from follow-on schedule check
[2023-09-19 08:35:59,642] {local_task_job.py:151} INFO - Task exited with return code 0
