[2023-09-19 09:22:00,677] {taskinstance.py:896} INFO - Dependencies all met for <TaskInstance: weather_data_pipeline.transform_all_files 2023-09-19T09:20:54.555224+00:00 [queued]>
[2023-09-19 09:22:00,726] {taskinstance.py:896} INFO - Dependencies all met for <TaskInstance: weather_data_pipeline.transform_all_files 2023-09-19T09:20:54.555224+00:00 [queued]>
[2023-09-19 09:22:00,727] {taskinstance.py:1087} INFO - 
--------------------------------------------------------------------------------
[2023-09-19 09:22:00,727] {taskinstance.py:1088} INFO - Starting attempt 1 of 2
[2023-09-19 09:22:00,727] {taskinstance.py:1089} INFO - 
--------------------------------------------------------------------------------
[2023-09-19 09:22:00,798] {taskinstance.py:1107} INFO - Executing <Task(PythonOperator): transform_all_files> on 2023-09-19T09:20:54.555224+00:00
[2023-09-19 09:22:00,827] {standard_task_runner.py:52} INFO - Started process 2388 to run task
[2023-09-19 09:22:00,844] {standard_task_runner.py:76} INFO - Running: ['***', 'tasks', 'run', 'weather_data_pipeline', 'transform_all_files', '2023-09-19T09:20:54.555224+00:00', '--job-id', '666', '--pool', 'default_pool', '--raw', '--subdir', 'DAGS_FOLDER/weather_data_pipeline.py', '--cfg-path', '/tmp/tmpihk_tpwv', '--error-file', '/tmp/tmpmcaqxd3h']
[2023-09-19 09:22:00,844] {standard_task_runner.py:77} INFO - Job 666: Subtask transform_all_files
[2023-09-19 09:22:00,978] {logging_mixin.py:104} INFO - Running <TaskInstance: weather_data_pipeline.transform_all_files 2023-09-19T09:20:54.555224+00:00 [running]> on host 92beb7708765
[2023-09-19 09:22:01,083] {taskinstance.py:1302} INFO - Exporting the following env vars:
AIRFLOW_CTX_DAG_OWNER=***
AIRFLOW_CTX_DAG_ID=weather_data_pipeline
AIRFLOW_CTX_TASK_ID=transform_all_files
AIRFLOW_CTX_EXECUTION_DATE=2023-09-19T09:20:54.555224+00:00
AIRFLOW_CTX_DAG_RUN_ID=scheduled__2023-09-19T09:20:54.555224+00:00
[2023-09-19 09:22:01,084] {logging_mixin.py:104} INFO - File null_file.json contains a list, not a dict!
[2023-09-19 09:22:01,121] {logging_mixin.py:104} INFO - 
[2023-09-19 09:22:01,169] {logging_mixin.py:104} INFO -     temperature        city  pression              date
0       290.17       Paris      1015  2023-09-19 09:21
1       290.25      London      1004  2023-09-19 09:21
2       282.20  Washington      1017  2023-09-19 09:21
3       290.17       Paris      1015  2023-09-19 09:20
4       290.25      London      1004  2023-09-19 09:20
5       282.20  Washington      1017  2023-09-19 09:20
6       290.17       Paris      1015  2023-09-19 09:19
7       290.25      London      1004  2023-09-19 09:19
8       282.20  Washington      1017  2023-09-19 09:19
9       290.01       Paris      1015  2023-09-19 09:18
[2023-09-19 09:22:01,176] {python.py:151} INFO - Done. Returned value was: None
[2023-09-19 09:22:01,205] {taskinstance.py:1211} INFO - Marking task as SUCCESS. dag_id=weather_data_pipeline, task_id=transform_all_files, execution_date=20230919T092054, start_date=20230919T092200, end_date=20230919T092201
[2023-09-19 09:22:01,276] {taskinstance.py:1265} INFO - 3 downstream tasks scheduled from follow-on schedule check
[2023-09-19 09:22:01,344] {local_task_job.py:151} INFO - Task exited with return code 0
