[2023-09-19 08:43:56,022] {taskinstance.py:896} INFO - Dependencies all met for <TaskInstance: weather_data_pipeline.fetch_weather_data 2023-09-19T08:42:53.787606+00:00 [queued]>
[2023-09-19 08:43:56,046] {taskinstance.py:896} INFO - Dependencies all met for <TaskInstance: weather_data_pipeline.fetch_weather_data 2023-09-19T08:42:53.787606+00:00 [queued]>
[2023-09-19 08:43:56,046] {taskinstance.py:1087} INFO - 
--------------------------------------------------------------------------------
[2023-09-19 08:43:56,046] {taskinstance.py:1088} INFO - Starting attempt 1 of 2
[2023-09-19 08:43:56,047] {taskinstance.py:1089} INFO - 
--------------------------------------------------------------------------------
[2023-09-19 08:43:56,078] {taskinstance.py:1107} INFO - Executing <Task(PythonOperator): fetch_weather_data> on 2023-09-19T08:42:53.787606+00:00
[2023-09-19 08:43:56,085] {standard_task_runner.py:52} INFO - Started process 327 to run task
[2023-09-19 08:43:56,090] {standard_task_runner.py:76} INFO - Running: ['***', 'tasks', 'run', 'weather_data_pipeline', 'fetch_weather_data', '2023-09-19T08:42:53.787606+00:00', '--job-id', '487', '--pool', 'default_pool', '--raw', '--subdir', 'DAGS_FOLDER/weather_data_pipeline.py', '--cfg-path', '/tmp/tmp4vzy2595', '--error-file', '/tmp/tmpy54x8su3']
[2023-09-19 08:43:56,091] {standard_task_runner.py:77} INFO - Job 487: Subtask fetch_weather_data
[2023-09-19 08:43:56,179] {logging_mixin.py:104} INFO - Running <TaskInstance: weather_data_pipeline.fetch_weather_data 2023-09-19T08:42:53.787606+00:00 [running]> on host 92beb7708765
[2023-09-19 08:43:56,264] {taskinstance.py:1302} INFO - Exporting the following env vars:
AIRFLOW_CTX_DAG_OWNER=***
AIRFLOW_CTX_DAG_ID=weather_data_pipeline
AIRFLOW_CTX_TASK_ID=fetch_weather_data
AIRFLOW_CTX_EXECUTION_DATE=2023-09-19T08:42:53.787606+00:00
AIRFLOW_CTX_DAG_RUN_ID=scheduled__2023-09-19T08:42:53.787606+00:00
[2023-09-19 08:43:56,545] {python.py:151} INFO - Done. Returned value was: True
[2023-09-19 08:43:56,576] {taskinstance.py:1211} INFO - Marking task as SUCCESS. dag_id=weather_data_pipeline, task_id=fetch_weather_data, execution_date=20230919T084253, start_date=20230919T084356, end_date=20230919T084356
[2023-09-19 08:43:56,612] {taskinstance.py:1265} INFO - 2 downstream tasks scheduled from follow-on schedule check
[2023-09-19 08:43:56,625] {local_task_job.py:151} INFO - Task exited with return code 0
