[2023-09-19 09:29:02,173] {taskinstance.py:896} INFO - Dependencies all met for <TaskInstance: weather_data_pipeline.transform_recent_20_files 2023-09-19T09:27:54.555224+00:00 [queued]>
[2023-09-19 09:29:02,194] {taskinstance.py:896} INFO - Dependencies all met for <TaskInstance: weather_data_pipeline.transform_recent_20_files 2023-09-19T09:27:54.555224+00:00 [queued]>
[2023-09-19 09:29:02,194] {taskinstance.py:1087} INFO - 
--------------------------------------------------------------------------------
[2023-09-19 09:29:02,195] {taskinstance.py:1088} INFO - Starting attempt 1 of 2
[2023-09-19 09:29:02,195] {taskinstance.py:1089} INFO - 
--------------------------------------------------------------------------------
[2023-09-19 09:29:02,233] {taskinstance.py:1107} INFO - Executing <Task(PythonOperator): transform_recent_20_files> on 2023-09-19T09:27:54.555224+00:00
[2023-09-19 09:29:02,244] {standard_task_runner.py:52} INFO - Started process 2812 to run task
[2023-09-19 09:29:02,250] {standard_task_runner.py:76} INFO - Running: ['***', 'tasks', 'run', 'weather_data_pipeline', 'transform_recent_20_files', '2023-09-19T09:27:54.555224+00:00', '--job-id', '714', '--pool', 'default_pool', '--raw', '--subdir', 'DAGS_FOLDER/weather_data_pipeline.py', '--cfg-path', '/tmp/tmpxqs932m8', '--error-file', '/tmp/tmpjz6toyj_']
[2023-09-19 09:29:02,251] {standard_task_runner.py:77} INFO - Job 714: Subtask transform_recent_20_files
[2023-09-19 09:29:02,381] {logging_mixin.py:104} INFO - Running <TaskInstance: weather_data_pipeline.transform_recent_20_files 2023-09-19T09:27:54.555224+00:00 [running]> on host 92beb7708765
[2023-09-19 09:29:02,479] {taskinstance.py:1302} INFO - Exporting the following env vars:
AIRFLOW_CTX_DAG_OWNER=***
AIRFLOW_CTX_DAG_ID=weather_data_pipeline
AIRFLOW_CTX_TASK_ID=transform_recent_20_files
AIRFLOW_CTX_EXECUTION_DATE=2023-09-19T09:27:54.555224+00:00
AIRFLOW_CTX_DAG_RUN_ID=scheduled__2023-09-19T09:27:54.555224+00:00
[2023-09-19 09:29:02,480] {logging_mixin.py:104} INFO - File null_file.json contains a list, not a dict!
[2023-09-19 09:29:02,487] {logging_mixin.py:104} INFO - 
[2023-09-19 09:29:02,521] {logging_mixin.py:104} INFO -     temperature        city  pression              date
0       290.23       Paris      1015  2023-09-19 09:28
1       290.27      London      1005  2023-09-19 09:28
2       281.70  Washington      1017  2023-09-19 09:28
3       290.23       Paris      1015  2023-09-19 09:27
4       290.27      London      1005  2023-09-19 09:27
5       281.70  Washington      1017  2023-09-19 09:27
6       290.23       Paris      1015  2023-09-19 09:26
7       290.27      London      1005  2023-09-19 09:26
8       281.70  Washington      1017  2023-09-19 09:26
9       290.16       Paris      1015  2023-09-19 09:25
[2023-09-19 09:29:02,527] {python.py:151} INFO - Done. Returned value was: None
[2023-09-19 09:29:02,541] {taskinstance.py:1211} INFO - Marking task as SUCCESS. dag_id=weather_data_pipeline, task_id=transform_recent_20_files, execution_date=20230919T092754, start_date=20230919T092902, end_date=20230919T092902
[2023-09-19 09:29:02,587] {taskinstance.py:1265} INFO - 0 downstream tasks scheduled from follow-on schedule check
[2023-09-19 09:29:02,655] {local_task_job.py:151} INFO - Task exited with return code 0
