[2023-09-19 09:01:59,846] {taskinstance.py:896} INFO - Dependencies all met for <TaskInstance: weather_data_pipeline.transform_recent_20_files 2023-09-19T09:00:54.555224+00:00 [queued]>
[2023-09-19 09:01:59,868] {taskinstance.py:896} INFO - Dependencies all met for <TaskInstance: weather_data_pipeline.transform_recent_20_files 2023-09-19T09:00:54.555224+00:00 [queued]>
[2023-09-19 09:01:59,868] {taskinstance.py:1087} INFO - 
--------------------------------------------------------------------------------
[2023-09-19 09:01:59,868] {taskinstance.py:1088} INFO - Starting attempt 1 of 2
[2023-09-19 09:01:59,868] {taskinstance.py:1089} INFO - 
--------------------------------------------------------------------------------
[2023-09-19 09:01:59,902] {taskinstance.py:1107} INFO - Executing <Task(PythonOperator): transform_recent_20_files> on 2023-09-19T09:00:54.555224+00:00
[2023-09-19 09:01:59,909] {standard_task_runner.py:52} INFO - Started process 1214 to run task
[2023-09-19 09:01:59,917] {standard_task_runner.py:76} INFO - Running: ['***', 'tasks', 'run', 'weather_data_pipeline', 'transform_recent_20_files', '2023-09-19T09:00:54.555224+00:00', '--job-id', '542', '--pool', 'default_pool', '--raw', '--subdir', 'DAGS_FOLDER/weather_data_pipeline.py', '--cfg-path', '/tmp/tmp7o0pnash', '--error-file', '/tmp/tmpuu8x9le3']
[2023-09-19 09:01:59,917] {standard_task_runner.py:77} INFO - Job 542: Subtask transform_recent_20_files
[2023-09-19 09:01:59,996] {logging_mixin.py:104} INFO - Running <TaskInstance: weather_data_pipeline.transform_recent_20_files 2023-09-19T09:00:54.555224+00:00 [running]> on host 92beb7708765
[2023-09-19 09:02:00,081] {taskinstance.py:1302} INFO - Exporting the following env vars:
AIRFLOW_CTX_DAG_OWNER=***
AIRFLOW_CTX_DAG_ID=weather_data_pipeline
AIRFLOW_CTX_TASK_ID=transform_recent_20_files
AIRFLOW_CTX_EXECUTION_DATE=2023-09-19T09:00:54.555224+00:00
AIRFLOW_CTX_DAG_RUN_ID=scheduled__2023-09-19T09:00:54.555224+00:00
[2023-09-19 09:02:00,082] {logging_mixin.py:104} INFO - File null_file.json contains a list, not a dict!
[2023-09-19 09:02:00,090] {logging_mixin.py:104} INFO - 
[2023-09-19 09:02:00,126] {logging_mixin.py:104} INFO -     temperature        city  pression              date
0       289.40       Paris      1015  2023-09-19 09:01
1       289.86      London      1004  2023-09-19 09:01
2       281.12  Washington      1017  2023-09-19 09:01
3       289.40       Paris      1015  2023-09-19 09:00
4       289.86      London      1004  2023-09-19 09:00
5       281.12  Washington      1017  2023-09-19 09:00
6       289.40       Paris      1015  2023-09-19 08:59
7       289.86      London      1004  2023-09-19 08:59
8       281.12  Washington      1017  2023-09-19 08:59
9       289.40       Paris      1015  2023-09-19 08:58
[2023-09-19 09:02:00,132] {python.py:151} INFO - Done. Returned value was: None
[2023-09-19 09:02:00,148] {taskinstance.py:1211} INFO - Marking task as SUCCESS. dag_id=weather_data_pipeline, task_id=transform_recent_20_files, execution_date=20230919T090054, start_date=20230919T090159, end_date=20230919T090200
[2023-09-19 09:02:00,193] {taskinstance.py:1265} INFO - 0 downstream tasks scheduled from follow-on schedule check
[2023-09-19 09:02:00,207] {local_task_job.py:151} INFO - Task exited with return code 0
