[2023-09-19 09:11:08,984] {taskinstance.py:896} INFO - Dependencies all met for <TaskInstance: weather_data_pipeline.train_decision_tree 2023-09-19T09:09:54.555224+00:00 [queued]>
[2023-09-19 09:11:09,009] {taskinstance.py:896} INFO - Dependencies all met for <TaskInstance: weather_data_pipeline.train_decision_tree 2023-09-19T09:09:54.555224+00:00 [queued]>
[2023-09-19 09:11:09,009] {taskinstance.py:1087} INFO - 
--------------------------------------------------------------------------------
[2023-09-19 09:11:09,009] {taskinstance.py:1088} INFO - Starting attempt 1 of 2
[2023-09-19 09:11:09,009] {taskinstance.py:1089} INFO - 
--------------------------------------------------------------------------------
[2023-09-19 09:11:09,031] {taskinstance.py:1107} INFO - Executing <Task(PythonOperator): train_decision_tree> on 2023-09-19T09:09:54.555224+00:00
[2023-09-19 09:11:09,041] {standard_task_runner.py:52} INFO - Started process 1725 to run task
[2023-09-19 09:11:09,048] {standard_task_runner.py:76} INFO - Running: ['***', 'tasks', 'run', 'weather_data_pipeline', 'train_decision_tree', '2023-09-19T09:09:54.555224+00:00', '--job-id', '590', '--pool', 'default_pool', '--raw', '--subdir', 'DAGS_FOLDER/weather_data_pipeline.py', '--cfg-path', '/tmp/tmpc5jz9ycl', '--error-file', '/tmp/tmpv3t2rwq2']
[2023-09-19 09:11:09,049] {standard_task_runner.py:77} INFO - Job 590: Subtask train_decision_tree
[2023-09-19 09:11:09,145] {logging_mixin.py:104} INFO - Running <TaskInstance: weather_data_pipeline.train_decision_tree 2023-09-19T09:09:54.555224+00:00 [running]> on host 92beb7708765
[2023-09-19 09:11:09,250] {taskinstance.py:1302} INFO - Exporting the following env vars:
AIRFLOW_CTX_DAG_OWNER=***
AIRFLOW_CTX_DAG_ID=weather_data_pipeline
AIRFLOW_CTX_TASK_ID=train_decision_tree
AIRFLOW_CTX_EXECUTION_DATE=2023-09-19T09:09:54.555224+00:00
AIRFLOW_CTX_DAG_RUN_ID=scheduled__2023-09-19T09:09:54.555224+00:00
[2023-09-19 09:11:09,320] {logging_mixin.py:104} WARNING - /home/***/.local/lib/python3.6/site-packages/pandas/core/indexing.py:1596 SettingWithCopyWarning:
A value is trying to be set on a copy of a slice from a DataFrame.
Try using .loc[row_indexer,col_indexer] = value instead

See the caveats in the documentation: https://pandas.pydata.org/pandas-docs/stable/user_guide/indexing.html#returning-a-view-versus-a-copy
[2023-09-19 09:11:09,325] {logging_mixin.py:104} WARNING - /home/***/.local/lib/python3.6/site-packages/pandas/core/indexing.py:1743 SettingWithCopyWarning:
A value is trying to be set on a copy of a slice from a DataFrame.
Try using .loc[row_indexer,col_indexer] = value instead

See the caveats in the documentation: https://pandas.pydata.org/pandas-docs/stable/user_guide/indexing.html#returning-a-view-versus-a-copy
[2023-09-19 09:11:09,427] {logging_mixin.py:104} WARNING - /home/***/.local/lib/python3.6/site-packages/pandas/core/indexing.py:1596 SettingWithCopyWarning:
A value is trying to be set on a copy of a slice from a DataFrame.
Try using .loc[row_indexer,col_indexer] = value instead

See the caveats in the documentation: https://pandas.pydata.org/pandas-docs/stable/user_guide/indexing.html#returning-a-view-versus-a-copy
[2023-09-19 09:11:09,431] {logging_mixin.py:104} WARNING - /home/***/.local/lib/python3.6/site-packages/pandas/core/indexing.py:1743 SettingWithCopyWarning:
A value is trying to be set on a copy of a slice from a DataFrame.
Try using .loc[row_indexer,col_indexer] = value instead

See the caveats in the documentation: https://pandas.pydata.org/pandas-docs/stable/user_guide/indexing.html#returning-a-view-versus-a-copy
[2023-09-19 09:11:09,569] {logging_mixin.py:104} WARNING - /home/***/.local/lib/python3.6/site-packages/pandas/core/indexing.py:1596 SettingWithCopyWarning:
A value is trying to be set on a copy of a slice from a DataFrame.
Try using .loc[row_indexer,col_indexer] = value instead

See the caveats in the documentation: https://pandas.pydata.org/pandas-docs/stable/user_guide/indexing.html#returning-a-view-versus-a-copy
[2023-09-19 09:11:09,574] {logging_mixin.py:104} WARNING - /home/***/.local/lib/python3.6/site-packages/pandas/core/indexing.py:1743 SettingWithCopyWarning:
A value is trying to be set on a copy of a slice from a DataFrame.
Try using .loc[row_indexer,col_indexer] = value instead

See the caveats in the documentation: https://pandas.pydata.org/pandas-docs/stable/user_guide/indexing.html#returning-a-view-versus-a-copy
[2023-09-19 09:11:09,985] {python.py:151} INFO - Done. Returned value was: None
[2023-09-19 09:11:10,014] {taskinstance.py:1211} INFO - Marking task as SUCCESS. dag_id=weather_data_pipeline, task_id=train_decision_tree, execution_date=20230919T090954, start_date=20230919T091108, end_date=20230919T091110
[2023-09-19 09:11:10,150] {taskinstance.py:1265} INFO - 0 downstream tasks scheduled from follow-on schedule check
[2023-09-19 09:11:10,202] {local_task_job.py:151} INFO - Task exited with return code 0
