[2023-09-19 07:37:02,255] {taskinstance.py:896} INFO - Dependencies all met for <TaskInstance: weather_data_pipeline.fetch_weather_data 2023-09-19T07:35:03.708796+00:00 [queued]>
[2023-09-19 07:37:02,363] {taskinstance.py:896} INFO - Dependencies all met for <TaskInstance: weather_data_pipeline.fetch_weather_data 2023-09-19T07:35:03.708796+00:00 [queued]>
[2023-09-19 07:37:02,364] {taskinstance.py:1087} INFO - 
--------------------------------------------------------------------------------
[2023-09-19 07:37:02,364] {taskinstance.py:1088} INFO - Starting attempt 1 of 2
[2023-09-19 07:37:02,364] {taskinstance.py:1089} INFO - 
--------------------------------------------------------------------------------
[2023-09-19 07:37:02,523] {taskinstance.py:1107} INFO - Executing <Task(PythonOperator): fetch_weather_data> on 2023-09-19T07:35:03.708796+00:00
[2023-09-19 07:37:02,612] {standard_task_runner.py:52} INFO - Started process 341 to run task
[2023-09-19 07:37:02,763] {standard_task_runner.py:76} INFO - Running: ['***', 'tasks', 'run', 'weather_data_pipeline', 'fetch_weather_data', '2023-09-19T07:35:03.708796+00:00', '--job-id', '3', '--pool', 'default_pool', '--raw', '--subdir', 'DAGS_FOLDER/weather_data_pipeline.py', '--cfg-path', '/tmp/tmph7ywpcy_', '--error-file', '/tmp/tmpvj8go6ns']
[2023-09-19 07:37:02,764] {standard_task_runner.py:77} INFO - Job 3: Subtask fetch_weather_data
[2023-09-19 07:37:03,538] {logging_mixin.py:104} INFO - Running <TaskInstance: weather_data_pipeline.fetch_weather_data 2023-09-19T07:35:03.708796+00:00 [running]> on host 92beb7708765
[2023-09-19 07:37:04,713] {taskinstance.py:1302} INFO - Exporting the following env vars:
AIRFLOW_CTX_DAG_OWNER=***
AIRFLOW_CTX_DAG_ID=weather_data_pipeline
AIRFLOW_CTX_TASK_ID=fetch_weather_data
AIRFLOW_CTX_EXECUTION_DATE=2023-09-19T07:35:03.708796+00:00
AIRFLOW_CTX_DAG_RUN_ID=manual__2023-09-19T07:35:03.708796+00:00
[2023-09-19 07:37:06,567] {python.py:151} INFO - Done. Returned value was: True
[2023-09-19 07:37:06,980] {taskinstance.py:1211} INFO - Marking task as SUCCESS. dag_id=weather_data_pipeline, task_id=fetch_weather_data, execution_date=20230919T073503, start_date=20230919T073702, end_date=20230919T073706
[2023-09-19 07:37:07,431] {taskinstance.py:1265} INFO - 0 downstream tasks scheduled from follow-on schedule check
[2023-09-19 07:37:08,059] {local_task_job.py:151} INFO - Task exited with return code 0
