[2023-09-19 09:20:01,759] {taskinstance.py:896} INFO - Dependencies all met for <TaskInstance: weather_data_pipeline.transform_all_files 2023-09-19T09:18:54.555224+00:00 [queued]>
[2023-09-19 09:20:01,779] {taskinstance.py:896} INFO - Dependencies all met for <TaskInstance: weather_data_pipeline.transform_all_files 2023-09-19T09:18:54.555224+00:00 [queued]>
[2023-09-19 09:20:01,779] {taskinstance.py:1087} INFO - 
--------------------------------------------------------------------------------
[2023-09-19 09:20:01,779] {taskinstance.py:1088} INFO - Starting attempt 1 of 2
[2023-09-19 09:20:01,780] {taskinstance.py:1089} INFO - 
--------------------------------------------------------------------------------
[2023-09-19 09:20:01,806] {taskinstance.py:1107} INFO - Executing <Task(PythonOperator): transform_all_files> on 2023-09-19T09:18:54.555224+00:00
[2023-09-19 09:20:01,816] {standard_task_runner.py:52} INFO - Started process 2259 to run task
[2023-09-19 09:20:01,824] {standard_task_runner.py:76} INFO - Running: ['***', 'tasks', 'run', 'weather_data_pipeline', 'transform_all_files', '2023-09-19T09:18:54.555224+00:00', '--job-id', '651', '--pool', 'default_pool', '--raw', '--subdir', 'DAGS_FOLDER/weather_data_pipeline.py', '--cfg-path', '/tmp/tmpwx7idht9', '--error-file', '/tmp/tmp7kkmqs5c']
[2023-09-19 09:20:01,824] {standard_task_runner.py:77} INFO - Job 651: Subtask transform_all_files
[2023-09-19 09:20:01,894] {logging_mixin.py:104} INFO - Running <TaskInstance: weather_data_pipeline.transform_all_files 2023-09-19T09:18:54.555224+00:00 [running]> on host 92beb7708765
[2023-09-19 09:20:01,985] {taskinstance.py:1302} INFO - Exporting the following env vars:
AIRFLOW_CTX_DAG_OWNER=***
AIRFLOW_CTX_DAG_ID=weather_data_pipeline
AIRFLOW_CTX_TASK_ID=transform_all_files
AIRFLOW_CTX_EXECUTION_DATE=2023-09-19T09:18:54.555224+00:00
AIRFLOW_CTX_DAG_RUN_ID=scheduled__2023-09-19T09:18:54.555224+00:00
[2023-09-19 09:20:01,986] {logging_mixin.py:104} INFO - File null_file.json contains a list, not a dict!
[2023-09-19 09:20:02,012] {logging_mixin.py:104} INFO - 
[2023-09-19 09:20:02,044] {logging_mixin.py:104} INFO -     temperature        city  pression              date
0       290.17       Paris      1015  2023-09-19 09:19
1       290.25      London      1004  2023-09-19 09:19
2       282.20  Washington      1017  2023-09-19 09:19
3       290.01       Paris      1015  2023-09-19 09:18
4       290.25      London      1004  2023-09-19 09:18
5       282.20  Washington      1017  2023-09-19 09:18
6       290.01       Paris      1015  2023-09-19 09:17
7       290.21      London      1004  2023-09-19 09:17
8       282.20  Washington      1017  2023-09-19 09:17
9       290.01       Paris      1015  2023-09-19 09:16
[2023-09-19 09:20:02,051] {python.py:151} INFO - Done. Returned value was: None
[2023-09-19 09:20:02,067] {taskinstance.py:1211} INFO - Marking task as SUCCESS. dag_id=weather_data_pipeline, task_id=transform_all_files, execution_date=20230919T091854, start_date=20230919T092001, end_date=20230919T092002
[2023-09-19 09:20:02,121] {taskinstance.py:1265} INFO - 3 downstream tasks scheduled from follow-on schedule check
[2023-09-19 09:20:02,156] {local_task_job.py:151} INFO - Task exited with return code 0
