[2023-09-19 08:38:58,214] {taskinstance.py:896} INFO - Dependencies all met for <TaskInstance: weather_data_pipeline.transform_recent_20_files 2023-09-19T08:37:53.787606+00:00 [queued]>
[2023-09-19 08:38:58,241] {taskinstance.py:896} INFO - Dependencies all met for <TaskInstance: weather_data_pipeline.transform_recent_20_files 2023-09-19T08:37:53.787606+00:00 [queued]>
[2023-09-19 08:38:58,242] {taskinstance.py:1087} INFO - 
--------------------------------------------------------------------------------
[2023-09-19 08:38:58,242] {taskinstance.py:1088} INFO - Starting attempt 1 of 2
[2023-09-19 08:38:58,242] {taskinstance.py:1089} INFO - 
--------------------------------------------------------------------------------
[2023-09-19 08:38:58,278] {taskinstance.py:1107} INFO - Executing <Task(PythonOperator): transform_recent_20_files> on 2023-09-19T08:37:53.787606+00:00
[2023-09-19 08:38:58,292] {standard_task_runner.py:52} INFO - Started process 81 to run task
[2023-09-19 08:38:58,307] {standard_task_runner.py:76} INFO - Running: ['***', 'tasks', 'run', 'weather_data_pipeline', 'transform_recent_20_files', '2023-09-19T08:37:53.787606+00:00', '--job-id', '473', '--pool', 'default_pool', '--raw', '--subdir', 'DAGS_FOLDER/weather_data_pipeline.py', '--cfg-path', '/tmp/tmp_wacpctm', '--error-file', '/tmp/tmprbli3bax']
[2023-09-19 08:38:58,308] {standard_task_runner.py:77} INFO - Job 473: Subtask transform_recent_20_files
[2023-09-19 08:38:58,430] {logging_mixin.py:104} INFO - Running <TaskInstance: weather_data_pipeline.transform_recent_20_files 2023-09-19T08:37:53.787606+00:00 [running]> on host 92beb7708765
[2023-09-19 08:38:58,588] {taskinstance.py:1302} INFO - Exporting the following env vars:
AIRFLOW_CTX_DAG_OWNER=***
AIRFLOW_CTX_DAG_ID=weather_data_pipeline
AIRFLOW_CTX_TASK_ID=transform_recent_20_files
AIRFLOW_CTX_EXECUTION_DATE=2023-09-19T08:37:53.787606+00:00
AIRFLOW_CTX_DAG_RUN_ID=scheduled__2023-09-19T08:37:53.787606+00:00
[2023-09-19 08:38:58,589] {logging_mixin.py:104} INFO - File null_file.json contains a list, not a dict!
[2023-09-19 08:38:58,604] {logging_mixin.py:104} INFO - 
[2023-09-19 08:38:58,696] {logging_mixin.py:104} INFO -     temperature        city  pression              date
0       288.95       Paris      1015  2023-09-19 08:38
1       289.60      London      1005  2023-09-19 08:38
2       281.78  Washington      1017  2023-09-19 08:38
3       288.95       Paris      1015  2023-09-19 08:36
4       289.60      London      1005  2023-09-19 08:36
5       281.78  Washington      1017  2023-09-19 08:36
6       288.86       Paris      1015  2023-09-19 08:35
7       289.45      London      1005  2023-09-19 08:35
8       281.78  Washington      1017  2023-09-19 08:35
9       288.84       Paris      1015  2023-09-19 08:34
[2023-09-19 08:38:58,713] {python.py:151} INFO - Done. Returned value was: None
[2023-09-19 08:38:58,750] {taskinstance.py:1211} INFO - Marking task as SUCCESS. dag_id=weather_data_pipeline, task_id=transform_recent_20_files, execution_date=20230919T083753, start_date=20230919T083858, end_date=20230919T083858
[2023-09-19 08:38:58,835] {taskinstance.py:1265} INFO - 0 downstream tasks scheduled from follow-on schedule check
[2023-09-19 08:38:58,875] {local_task_job.py:151} INFO - Task exited with return code 0
