[2023-09-19 07:51:14,597] {taskinstance.py:896} INFO - Dependencies all met for <TaskInstance: weather_data_pipeline.fetch_weather_data 2023-09-19T01:18:00+00:00 [queued]>
[2023-09-19 07:51:15,034] {taskinstance.py:896} INFO - Dependencies all met for <TaskInstance: weather_data_pipeline.fetch_weather_data 2023-09-19T01:18:00+00:00 [queued]>
[2023-09-19 07:51:15,041] {taskinstance.py:1087} INFO - 
--------------------------------------------------------------------------------
[2023-09-19 07:51:15,041] {taskinstance.py:1088} INFO - Starting attempt 1 of 2
[2023-09-19 07:51:15,041] {taskinstance.py:1089} INFO - 
--------------------------------------------------------------------------------
[2023-09-19 07:51:15,274] {taskinstance.py:1107} INFO - Executing <Task(PythonOperator): fetch_weather_data> on 2023-09-19T01:18:00+00:00
[2023-09-19 07:51:15,360] {standard_task_runner.py:52} INFO - Started process 1217 to run task
[2023-09-19 07:51:15,390] {standard_task_runner.py:76} INFO - Running: ['***', 'tasks', 'run', 'weather_data_pipeline', 'fetch_weather_data', '2023-09-19T01:18:00+00:00', '--job-id', '150', '--pool', 'default_pool', '--raw', '--subdir', 'DAGS_FOLDER/weather_data_pipeline.py', '--cfg-path', '/tmp/tmpq5h4qrg5', '--error-file', '/tmp/tmp6n7ng5ev']
[2023-09-19 07:51:15,509] {standard_task_runner.py:77} INFO - Job 150: Subtask fetch_weather_data
[2023-09-19 07:51:16,174] {logging_mixin.py:104} INFO - Running <TaskInstance: weather_data_pipeline.fetch_weather_data 2023-09-19T01:18:00+00:00 [running]> on host 92beb7708765
[2023-09-19 07:51:17,474] {taskinstance.py:1302} INFO - Exporting the following env vars:
AIRFLOW_CTX_DAG_OWNER=***
AIRFLOW_CTX_DAG_ID=weather_data_pipeline
AIRFLOW_CTX_TASK_ID=fetch_weather_data
AIRFLOW_CTX_EXECUTION_DATE=2023-09-19T01:18:00+00:00
AIRFLOW_CTX_DAG_RUN_ID=scheduled__2023-09-19T01:18:00+00:00
[2023-09-19 07:51:19,370] {python.py:151} INFO - Done. Returned value was: True
[2023-09-19 07:51:20,120] {taskinstance.py:1211} INFO - Marking task as SUCCESS. dag_id=weather_data_pipeline, task_id=fetch_weather_data, execution_date=20230919T011800, start_date=20230919T075114, end_date=20230919T075120
[2023-09-19 07:51:20,878] {taskinstance.py:1265} INFO - 2 downstream tasks scheduled from follow-on schedule check
[2023-09-19 07:51:21,058] {local_task_job.py:199} WARNING - State of this instance has been externally set to success. Terminating instance.
[2023-09-19 07:51:21,185] {process_utils.py:100} INFO - Sending Signals.SIGTERM to GPID 1217
[2023-09-19 07:51:21,227] {process_utils.py:66} INFO - Process psutil.Process(pid=1217, status='terminated', exitcode=0, started='07:51:14') (1217) terminated with exit code 0
