[2023-09-19 08:46:00,205] {taskinstance.py:896} INFO - Dependencies all met for <TaskInstance: weather_data_pipeline.transform_recent_20_files 2023-09-19T08:44:53.787606+00:00 [queued]>
[2023-09-19 08:46:00,230] {taskinstance.py:896} INFO - Dependencies all met for <TaskInstance: weather_data_pipeline.transform_recent_20_files 2023-09-19T08:44:53.787606+00:00 [queued]>
[2023-09-19 08:46:00,231] {taskinstance.py:1087} INFO - 
--------------------------------------------------------------------------------
[2023-09-19 08:46:00,231] {taskinstance.py:1088} INFO - Starting attempt 1 of 2
[2023-09-19 08:46:00,231] {taskinstance.py:1089} INFO - 
--------------------------------------------------------------------------------
[2023-09-19 08:46:00,255] {taskinstance.py:1107} INFO - Executing <Task(PythonOperator): transform_recent_20_files> on 2023-09-19T08:44:53.787606+00:00
[2023-09-19 08:46:00,262] {standard_task_runner.py:52} INFO - Started process 432 to run task
[2023-09-19 08:46:00,273] {standard_task_runner.py:76} INFO - Running: ['***', 'tasks', 'run', 'weather_data_pipeline', 'transform_recent_20_files', '2023-09-19T08:44:53.787606+00:00', '--job-id', '494', '--pool', 'default_pool', '--raw', '--subdir', 'DAGS_FOLDER/weather_data_pipeline.py', '--cfg-path', '/tmp/tmp_7f0ms1m', '--error-file', '/tmp/tmpge6c6unz']
[2023-09-19 08:46:00,274] {standard_task_runner.py:77} INFO - Job 494: Subtask transform_recent_20_files
[2023-09-19 08:46:00,364] {logging_mixin.py:104} INFO - Running <TaskInstance: weather_data_pipeline.transform_recent_20_files 2023-09-19T08:44:53.787606+00:00 [running]> on host 92beb7708765
[2023-09-19 08:46:00,481] {taskinstance.py:1302} INFO - Exporting the following env vars:
AIRFLOW_CTX_DAG_OWNER=***
AIRFLOW_CTX_DAG_ID=weather_data_pipeline
AIRFLOW_CTX_TASK_ID=transform_recent_20_files
AIRFLOW_CTX_EXECUTION_DATE=2023-09-19T08:44:53.787606+00:00
AIRFLOW_CTX_DAG_RUN_ID=scheduled__2023-09-19T08:44:53.787606+00:00
[2023-09-19 08:46:00,483] {logging_mixin.py:104} INFO - File null_file.json contains a list, not a dict!
[2023-09-19 08:46:00,496] {logging_mixin.py:104} INFO - 
[2023-09-19 08:46:00,547] {logging_mixin.py:104} INFO -     temperature        city  pression              date
0       288.96       Paris      1015  2023-09-19 08:45
1       289.66      London      1005  2023-09-19 08:45
2       281.78  Washington      1017  2023-09-19 08:45
3       288.95       Paris      1015  2023-09-19 08:44
4       289.60      London      1005  2023-09-19 08:44
5       281.78  Washington      1017  2023-09-19 08:44
6       288.95       Paris      1015  2023-09-19 08:43
7       289.60      London      1005  2023-09-19 08:43
8       281.78  Washington      1017  2023-09-19 08:43
9       288.95       Paris      1015  2023-09-19 08:42
[2023-09-19 08:46:00,554] {python.py:151} INFO - Done. Returned value was: None
[2023-09-19 08:46:00,570] {taskinstance.py:1211} INFO - Marking task as SUCCESS. dag_id=weather_data_pipeline, task_id=transform_recent_20_files, execution_date=20230919T084453, start_date=20230919T084600, end_date=20230919T084600
[2023-09-19 08:46:00,609] {taskinstance.py:1265} INFO - 0 downstream tasks scheduled from follow-on schedule check
[2023-09-19 08:46:00,652] {local_task_job.py:151} INFO - Task exited with return code 0
