[2023-09-19 08:42:57,848] {taskinstance.py:896} INFO - Dependencies all met for <TaskInstance: weather_data_pipeline.transform_recent_20_files 2023-09-19T08:41:53.787606+00:00 [queued]>
[2023-09-19 08:42:57,881] {taskinstance.py:896} INFO - Dependencies all met for <TaskInstance: weather_data_pipeline.transform_recent_20_files 2023-09-19T08:41:53.787606+00:00 [queued]>
[2023-09-19 08:42:57,882] {taskinstance.py:1087} INFO - 
--------------------------------------------------------------------------------
[2023-09-19 08:42:57,882] {taskinstance.py:1088} INFO - Starting attempt 1 of 2
[2023-09-19 08:42:57,882] {taskinstance.py:1089} INFO - 
--------------------------------------------------------------------------------
[2023-09-19 08:42:57,927] {taskinstance.py:1107} INFO - Executing <Task(PythonOperator): transform_recent_20_files> on 2023-09-19T08:41:53.787606+00:00
[2023-09-19 08:42:57,946] {standard_task_runner.py:52} INFO - Started process 280 to run task
[2023-09-19 08:42:57,971] {standard_task_runner.py:76} INFO - Running: ['***', 'tasks', 'run', 'weather_data_pipeline', 'transform_recent_20_files', '2023-09-19T08:41:53.787606+00:00', '--job-id', '485', '--pool', 'default_pool', '--raw', '--subdir', 'DAGS_FOLDER/weather_data_pipeline.py', '--cfg-path', '/tmp/tmppekplpg8', '--error-file', '/tmp/tmpgturvkxc']
[2023-09-19 08:42:57,971] {standard_task_runner.py:77} INFO - Job 485: Subtask transform_recent_20_files
[2023-09-19 08:42:58,086] {logging_mixin.py:104} INFO - Running <TaskInstance: weather_data_pipeline.transform_recent_20_files 2023-09-19T08:41:53.787606+00:00 [running]> on host 92beb7708765
[2023-09-19 08:42:58,268] {taskinstance.py:1302} INFO - Exporting the following env vars:
AIRFLOW_CTX_DAG_OWNER=***
AIRFLOW_CTX_DAG_ID=weather_data_pipeline
AIRFLOW_CTX_TASK_ID=transform_recent_20_files
AIRFLOW_CTX_EXECUTION_DATE=2023-09-19T08:41:53.787606+00:00
AIRFLOW_CTX_DAG_RUN_ID=scheduled__2023-09-19T08:41:53.787606+00:00
[2023-09-19 08:42:58,269] {logging_mixin.py:104} INFO - File null_file.json contains a list, not a dict!
[2023-09-19 08:42:58,284] {logging_mixin.py:104} INFO - 
[2023-09-19 08:42:58,374] {logging_mixin.py:104} INFO -     temperature        city  pression              date
0       288.95       Paris      1015  2023-09-19 08:42
1       289.60      London      1005  2023-09-19 08:42
2       281.78  Washington      1017  2023-09-19 08:42
3       288.95       Paris      1015  2023-09-19 08:41
4       289.60      London      1005  2023-09-19 08:41
5       281.78  Washington      1017  2023-09-19 08:41
6       288.96       Paris      1015  2023-09-19 08:40
7       289.60      London      1005  2023-09-19 08:40
8       281.78  Washington      1017  2023-09-19 08:40
9       288.95       Paris      1015  2023-09-19 08:39
[2023-09-19 08:42:58,423] {python.py:151} INFO - Done. Returned value was: None
[2023-09-19 08:42:58,454] {taskinstance.py:1211} INFO - Marking task as SUCCESS. dag_id=weather_data_pipeline, task_id=transform_recent_20_files, execution_date=20230919T084153, start_date=20230919T084257, end_date=20230919T084258
[2023-09-19 08:42:58,563] {taskinstance.py:1265} INFO - 0 downstream tasks scheduled from follow-on schedule check
[2023-09-19 08:42:58,598] {local_task_job.py:151} INFO - Task exited with return code 0
