[2023-09-19 08:30:58,685] {taskinstance.py:896} INFO - Dependencies all met for <TaskInstance: weather_data_pipeline.transform_all_files 2023-09-19T08:29:53.787606+00:00 [queued]>
[2023-09-19 08:30:58,716] {taskinstance.py:896} INFO - Dependencies all met for <TaskInstance: weather_data_pipeline.transform_all_files 2023-09-19T08:29:53.787606+00:00 [queued]>
[2023-09-19 08:30:58,716] {taskinstance.py:1087} INFO - 
--------------------------------------------------------------------------------
[2023-09-19 08:30:58,716] {taskinstance.py:1088} INFO - Starting attempt 1 of 2
[2023-09-19 08:30:58,716] {taskinstance.py:1089} INFO - 
--------------------------------------------------------------------------------
[2023-09-19 08:30:58,733] {taskinstance.py:1107} INFO - Executing <Task(PythonOperator): transform_all_files> on 2023-09-19T08:29:53.787606+00:00
[2023-09-19 08:30:58,739] {standard_task_runner.py:52} INFO - Started process 3485 to run task
[2023-09-19 08:30:58,747] {standard_task_runner.py:76} INFO - Running: ['***', 'tasks', 'run', 'weather_data_pipeline', 'transform_all_files', '2023-09-19T08:29:53.787606+00:00', '--job-id', '452', '--pool', 'default_pool', '--raw', '--subdir', 'DAGS_FOLDER/weather_data_pipeline.py', '--cfg-path', '/tmp/tmpvj4m4a81', '--error-file', '/tmp/tmp9t9dkhg4']
[2023-09-19 08:30:58,748] {standard_task_runner.py:77} INFO - Job 452: Subtask transform_all_files
[2023-09-19 08:30:58,836] {logging_mixin.py:104} INFO - Running <TaskInstance: weather_data_pipeline.transform_all_files 2023-09-19T08:29:53.787606+00:00 [running]> on host 92beb7708765
[2023-09-19 08:30:59,025] {taskinstance.py:1302} INFO - Exporting the following env vars:
AIRFLOW_CTX_DAG_OWNER=***
AIRFLOW_CTX_DAG_ID=weather_data_pipeline
AIRFLOW_CTX_TASK_ID=transform_all_files
AIRFLOW_CTX_EXECUTION_DATE=2023-09-19T08:29:53.787606+00:00
AIRFLOW_CTX_DAG_RUN_ID=scheduled__2023-09-19T08:29:53.787606+00:00
[2023-09-19 08:30:59,026] {logging_mixin.py:104} INFO - File null_file.json contains a list, not a dict!
[2023-09-19 08:30:59,047] {logging_mixin.py:104} INFO - 
[2023-09-19 08:30:59,112] {logging_mixin.py:104} INFO -     temperature        city  pression              date
0       288.82       Paris      1015  2023-09-19 08:30
1       289.45      London      1005  2023-09-19 08:30
2       281.40  Washington      1017  2023-09-19 08:30
3       288.84       Paris      1015  2023-09-19 08:29
4       289.45      London      1005  2023-09-19 08:29
5       281.40  Washington      1017  2023-09-19 08:29
6       288.84       Paris      1015  2023-09-19 08:28
7       289.45      London      1005  2023-09-19 08:28
8       281.40  Washington      1017  2023-09-19 08:28
9       288.84       Paris      1015  2023-09-19 08:27
[2023-09-19 08:30:59,137] {python.py:151} INFO - Done. Returned value was: None
[2023-09-19 08:30:59,163] {taskinstance.py:1211} INFO - Marking task as SUCCESS. dag_id=weather_data_pipeline, task_id=transform_all_files, execution_date=20230919T082953, start_date=20230919T083058, end_date=20230919T083059
[2023-09-19 08:30:59,219] {taskinstance.py:1265} INFO - 0 downstream tasks scheduled from follow-on schedule check
[2023-09-19 08:30:59,249] {local_task_job.py:151} INFO - Task exited with return code 0
