[2023-09-19 08:25:57,273] {taskinstance.py:896} INFO - Dependencies all met for <TaskInstance: weather_data_pipeline.transform_recent_20_files 2023-09-19T08:24:53.787606+00:00 [queued]>
[2023-09-19 08:25:57,328] {taskinstance.py:896} INFO - Dependencies all met for <TaskInstance: weather_data_pipeline.transform_recent_20_files 2023-09-19T08:24:53.787606+00:00 [queued]>
[2023-09-19 08:25:57,328] {taskinstance.py:1087} INFO - 
--------------------------------------------------------------------------------
[2023-09-19 08:25:57,328] {taskinstance.py:1088} INFO - Starting attempt 1 of 2
[2023-09-19 08:25:57,328] {taskinstance.py:1089} INFO - 
--------------------------------------------------------------------------------
[2023-09-19 08:25:57,352] {taskinstance.py:1107} INFO - Executing <Task(PythonOperator): transform_recent_20_files> on 2023-09-19T08:24:53.787606+00:00
[2023-09-19 08:25:57,360] {standard_task_runner.py:52} INFO - Started process 3234 to run task
[2023-09-19 08:25:57,368] {standard_task_runner.py:76} INFO - Running: ['***', 'tasks', 'run', 'weather_data_pipeline', 'transform_recent_20_files', '2023-09-19T08:24:53.787606+00:00', '--job-id', '438', '--pool', 'default_pool', '--raw', '--subdir', 'DAGS_FOLDER/weather_data_pipeline.py', '--cfg-path', '/tmp/tmp4nb5x216', '--error-file', '/tmp/tmpkj8c8qof']
[2023-09-19 08:25:57,368] {standard_task_runner.py:77} INFO - Job 438: Subtask transform_recent_20_files
[2023-09-19 08:25:57,428] {logging_mixin.py:104} INFO - Running <TaskInstance: weather_data_pipeline.transform_recent_20_files 2023-09-19T08:24:53.787606+00:00 [running]> on host 92beb7708765
[2023-09-19 08:25:57,527] {taskinstance.py:1302} INFO - Exporting the following env vars:
AIRFLOW_CTX_DAG_OWNER=***
AIRFLOW_CTX_DAG_ID=weather_data_pipeline
AIRFLOW_CTX_TASK_ID=transform_recent_20_files
AIRFLOW_CTX_EXECUTION_DATE=2023-09-19T08:24:53.787606+00:00
AIRFLOW_CTX_DAG_RUN_ID=scheduled__2023-09-19T08:24:53.787606+00:00
[2023-09-19 08:25:57,528] {logging_mixin.py:104} INFO - File null_file.json contains a list, not a dict!
[2023-09-19 08:25:57,536] {logging_mixin.py:104} INFO - 
[2023-09-19 08:25:57,569] {logging_mixin.py:104} INFO -     temperature        city  pression              date
0       288.82       Paris      1015  2023-09-19 08:25
1       289.45      London      1005  2023-09-19 08:25
2       281.40  Washington      1017  2023-09-19 08:25
3       288.70       Paris      1015  2023-09-19 08:24
4       289.46      London      1005  2023-09-19 08:24
5       281.56  Washington      1017  2023-09-19 08:24
6       288.70       Paris      1015  2023-09-19 08:23
7       289.42      London      1005  2023-09-19 08:23
8       281.56  Washington      1017  2023-09-19 08:23
9       288.70       Paris      1015  2023-09-19 08:22
[2023-09-19 08:25:57,574] {python.py:151} INFO - Done. Returned value was: None
[2023-09-19 08:25:57,588] {taskinstance.py:1211} INFO - Marking task as SUCCESS. dag_id=weather_data_pipeline, task_id=transform_recent_20_files, execution_date=20230919T082453, start_date=20230919T082557, end_date=20230919T082557
[2023-09-19 08:25:57,629] {taskinstance.py:1265} INFO - 0 downstream tasks scheduled from follow-on schedule check
[2023-09-19 08:25:57,659] {local_task_job.py:151} INFO - Task exited with return code 0
