[2023-09-19 08:55:57,749] {taskinstance.py:896} INFO - Dependencies all met for <TaskInstance: weather_data_pipeline.transform_all_files 2023-09-19T08:54:53.842478+00:00 [queued]>
[2023-09-19 08:55:57,769] {taskinstance.py:896} INFO - Dependencies all met for <TaskInstance: weather_data_pipeline.transform_all_files 2023-09-19T08:54:53.842478+00:00 [queued]>
[2023-09-19 08:55:57,769] {taskinstance.py:1087} INFO - 
--------------------------------------------------------------------------------
[2023-09-19 08:55:57,769] {taskinstance.py:1088} INFO - Starting attempt 1 of 2
[2023-09-19 08:55:57,769] {taskinstance.py:1089} INFO - 
--------------------------------------------------------------------------------
[2023-09-19 08:55:57,851] {taskinstance.py:1107} INFO - Executing <Task(PythonOperator): transform_all_files> on 2023-09-19T08:54:53.842478+00:00
[2023-09-19 08:55:57,860] {standard_task_runner.py:52} INFO - Started process 924 to run task
[2023-09-19 08:55:57,868] {standard_task_runner.py:76} INFO - Running: ['***', 'tasks', 'run', 'weather_data_pipeline', 'transform_all_files', '2023-09-19T08:54:53.842478+00:00', '--job-id', '525', '--pool', 'default_pool', '--raw', '--subdir', 'DAGS_FOLDER/weather_data_pipeline.py', '--cfg-path', '/tmp/tmpnz_r184p', '--error-file', '/tmp/tmpjca3ta1e']
[2023-09-19 08:55:57,872] {standard_task_runner.py:77} INFO - Job 525: Subtask transform_all_files
[2023-09-19 08:55:57,996] {logging_mixin.py:104} INFO - Running <TaskInstance: weather_data_pipeline.transform_all_files 2023-09-19T08:54:53.842478+00:00 [running]> on host 92beb7708765
[2023-09-19 08:55:58,086] {taskinstance.py:1302} INFO - Exporting the following env vars:
AIRFLOW_CTX_DAG_OWNER=***
AIRFLOW_CTX_DAG_ID=weather_data_pipeline
AIRFLOW_CTX_TASK_ID=transform_all_files
AIRFLOW_CTX_EXECUTION_DATE=2023-09-19T08:54:53.842478+00:00
AIRFLOW_CTX_DAG_RUN_ID=scheduled__2023-09-19T08:54:53.842478+00:00
[2023-09-19 08:55:58,087] {logging_mixin.py:104} INFO - File null_file.json contains a list, not a dict!
[2023-09-19 08:55:58,103] {logging_mixin.py:104} INFO - 
[2023-09-19 08:55:58,137] {logging_mixin.py:104} INFO -     temperature        city  pression              date
0       289.40       Paris      1015  2023-09-19 08:55
1       289.84      London      1004  2023-09-19 08:55
2       281.62  Washington      1017  2023-09-19 08:55
3       288.96       Paris      1015  2023-09-19 08:54
4       289.84      London      1004  2023-09-19 08:54
5       281.62  Washington      1017  2023-09-19 08:54
6       288.96       Paris      1015  2023-09-19 08:53
7       289.84      London      1004  2023-09-19 08:53
8       281.62  Washington      1017  2023-09-19 08:53
9       288.96       Paris      1015  2023-09-19 08:52
[2023-09-19 08:55:58,143] {python.py:151} INFO - Done. Returned value was: None
[2023-09-19 08:55:58,157] {taskinstance.py:1211} INFO - Marking task as SUCCESS. dag_id=weather_data_pipeline, task_id=transform_all_files, execution_date=20230919T085453, start_date=20230919T085557, end_date=20230919T085558
[2023-09-19 08:55:58,197] {taskinstance.py:1265} INFO - 0 downstream tasks scheduled from follow-on schedule check
[2023-09-19 08:55:58,227] {local_task_job.py:151} INFO - Task exited with return code 0
