[2023-09-19 08:21:57,493] {taskinstance.py:896} INFO - Dependencies all met for <TaskInstance: weather_data_pipeline.transform_all_files 2023-09-19T08:20:53.787606+00:00 [queued]>
[2023-09-19 08:21:57,541] {taskinstance.py:896} INFO - Dependencies all met for <TaskInstance: weather_data_pipeline.transform_all_files 2023-09-19T08:20:53.787606+00:00 [queued]>
[2023-09-19 08:21:57,541] {taskinstance.py:1087} INFO - 
--------------------------------------------------------------------------------
[2023-09-19 08:21:57,542] {taskinstance.py:1088} INFO - Starting attempt 1 of 2
[2023-09-19 08:21:57,542] {taskinstance.py:1089} INFO - 
--------------------------------------------------------------------------------
[2023-09-19 08:21:57,567] {taskinstance.py:1107} INFO - Executing <Task(PythonOperator): transform_all_files> on 2023-09-19T08:20:53.787606+00:00
[2023-09-19 08:21:57,578] {standard_task_runner.py:52} INFO - Started process 3037 to run task
[2023-09-19 08:21:57,598] {standard_task_runner.py:76} INFO - Running: ['***', 'tasks', 'run', 'weather_data_pipeline', 'transform_all_files', '2023-09-19T08:20:53.787606+00:00', '--job-id', '425', '--pool', 'default_pool', '--raw', '--subdir', 'DAGS_FOLDER/weather_data_pipeline.py', '--cfg-path', '/tmp/tmpgvcb2jr5', '--error-file', '/tmp/tmp83vmyc29']
[2023-09-19 08:21:57,598] {standard_task_runner.py:77} INFO - Job 425: Subtask transform_all_files
[2023-09-19 08:21:57,724] {logging_mixin.py:104} INFO - Running <TaskInstance: weather_data_pipeline.transform_all_files 2023-09-19T08:20:53.787606+00:00 [running]> on host 92beb7708765
[2023-09-19 08:21:57,899] {taskinstance.py:1302} INFO - Exporting the following env vars:
AIRFLOW_CTX_DAG_OWNER=***
AIRFLOW_CTX_DAG_ID=weather_data_pipeline
AIRFLOW_CTX_TASK_ID=transform_all_files
AIRFLOW_CTX_EXECUTION_DATE=2023-09-19T08:20:53.787606+00:00
AIRFLOW_CTX_DAG_RUN_ID=scheduled__2023-09-19T08:20:53.787606+00:00
[2023-09-19 08:21:57,902] {logging_mixin.py:104} INFO - File null_file.json contains a list, not a dict!
[2023-09-19 08:21:57,926] {logging_mixin.py:104} INFO - 
[2023-09-19 08:21:58,034] {logging_mixin.py:104} INFO -     temperature        city  pression              date
0       288.70       Paris      1015  2023-09-19 08:21
1       289.42      London      1005  2023-09-19 08:21
2       281.56  Washington      1017  2023-09-19 08:21
3       288.70       Paris      1015  2023-09-19 08:20
4       289.42      London      1005  2023-09-19 08:20
5       281.56  Washington      1017  2023-09-19 08:20
6       288.28       Paris      1015  2023-09-19 08:14
7       289.45      London      1004  2023-09-19 08:14
8       281.85  Washington      1017  2023-09-19 08:14
9       288.28       Paris      1015  2023-09-19 08:13
[2023-09-19 08:21:58,047] {python.py:151} INFO - Done. Returned value was: None
[2023-09-19 08:21:58,064] {taskinstance.py:1211} INFO - Marking task as SUCCESS. dag_id=weather_data_pipeline, task_id=transform_all_files, execution_date=20230919T082053, start_date=20230919T082157, end_date=20230919T082158
[2023-09-19 08:21:58,124] {taskinstance.py:1265} INFO - 0 downstream tasks scheduled from follow-on schedule check
[2023-09-19 08:21:58,177] {local_task_job.py:151} INFO - Task exited with return code 0
