[2023-09-19 09:11:09,375] {taskinstance.py:896} INFO - Dependencies all met for <TaskInstance: weather_data_pipeline.train_linear_regression 2023-09-19T09:09:54.555224+00:00 [queued]>
[2023-09-19 09:11:09,394] {taskinstance.py:896} INFO - Dependencies all met for <TaskInstance: weather_data_pipeline.train_linear_regression 2023-09-19T09:09:54.555224+00:00 [queued]>
[2023-09-19 09:11:09,394] {taskinstance.py:1087} INFO - 
--------------------------------------------------------------------------------
[2023-09-19 09:11:09,394] {taskinstance.py:1088} INFO - Starting attempt 1 of 2
[2023-09-19 09:11:09,395] {taskinstance.py:1089} INFO - 
--------------------------------------------------------------------------------
[2023-09-19 09:11:09,436] {taskinstance.py:1107} INFO - Executing <Task(PythonOperator): train_linear_regression> on 2023-09-19T09:09:54.555224+00:00
[2023-09-19 09:11:09,461] {standard_task_runner.py:52} INFO - Started process 1727 to run task
[2023-09-19 09:11:09,481] {standard_task_runner.py:76} INFO - Running: ['***', 'tasks', 'run', 'weather_data_pipeline', 'train_linear_regression', '2023-09-19T09:09:54.555224+00:00', '--job-id', '592', '--pool', 'default_pool', '--raw', '--subdir', 'DAGS_FOLDER/weather_data_pipeline.py', '--cfg-path', '/tmp/tmpjnzw4b11', '--error-file', '/tmp/tmpmeppd_au']
[2023-09-19 09:11:09,482] {standard_task_runner.py:77} INFO - Job 592: Subtask train_linear_regression
[2023-09-19 09:11:09,673] {logging_mixin.py:104} INFO - Running <TaskInstance: weather_data_pipeline.train_linear_regression 2023-09-19T09:09:54.555224+00:00 [running]> on host 92beb7708765
[2023-09-19 09:11:09,900] {taskinstance.py:1302} INFO - Exporting the following env vars:
AIRFLOW_CTX_DAG_OWNER=***
AIRFLOW_CTX_DAG_ID=weather_data_pipeline
AIRFLOW_CTX_TASK_ID=train_linear_regression
AIRFLOW_CTX_EXECUTION_DATE=2023-09-19T09:09:54.555224+00:00
AIRFLOW_CTX_DAG_RUN_ID=scheduled__2023-09-19T09:09:54.555224+00:00
[2023-09-19 09:11:10,047] {logging_mixin.py:104} WARNING - /home/***/.local/lib/python3.6/site-packages/pandas/core/indexing.py:1596 SettingWithCopyWarning:
A value is trying to be set on a copy of a slice from a DataFrame.
Try using .loc[row_indexer,col_indexer] = value instead

See the caveats in the documentation: https://pandas.pydata.org/pandas-docs/stable/user_guide/indexing.html#returning-a-view-versus-a-copy
[2023-09-19 09:11:10,063] {logging_mixin.py:104} WARNING - /home/***/.local/lib/python3.6/site-packages/pandas/core/indexing.py:1743 SettingWithCopyWarning:
A value is trying to be set on a copy of a slice from a DataFrame.
Try using .loc[row_indexer,col_indexer] = value instead

See the caveats in the documentation: https://pandas.pydata.org/pandas-docs/stable/user_guide/indexing.html#returning-a-view-versus-a-copy
[2023-09-19 09:11:10,177] {logging_mixin.py:104} WARNING - /home/***/.local/lib/python3.6/site-packages/pandas/core/indexing.py:1596 SettingWithCopyWarning:
A value is trying to be set on a copy of a slice from a DataFrame.
Try using .loc[row_indexer,col_indexer] = value instead

See the caveats in the documentation: https://pandas.pydata.org/pandas-docs/stable/user_guide/indexing.html#returning-a-view-versus-a-copy
[2023-09-19 09:11:10,181] {logging_mixin.py:104} WARNING - /home/***/.local/lib/python3.6/site-packages/pandas/core/indexing.py:1743 SettingWithCopyWarning:
A value is trying to be set on a copy of a slice from a DataFrame.
Try using .loc[row_indexer,col_indexer] = value instead

See the caveats in the documentation: https://pandas.pydata.org/pandas-docs/stable/user_guide/indexing.html#returning-a-view-versus-a-copy
[2023-09-19 09:11:10,242] {logging_mixin.py:104} WARNING - /home/***/.local/lib/python3.6/site-packages/pandas/core/indexing.py:1596 SettingWithCopyWarning:
A value is trying to be set on a copy of a slice from a DataFrame.
Try using .loc[row_indexer,col_indexer] = value instead

See the caveats in the documentation: https://pandas.pydata.org/pandas-docs/stable/user_guide/indexing.html#returning-a-view-versus-a-copy
[2023-09-19 09:11:10,259] {logging_mixin.py:104} WARNING - /home/***/.local/lib/python3.6/site-packages/pandas/core/indexing.py:1743 SettingWithCopyWarning:
A value is trying to be set on a copy of a slice from a DataFrame.
Try using .loc[row_indexer,col_indexer] = value instead

See the caveats in the documentation: https://pandas.pydata.org/pandas-docs/stable/user_guide/indexing.html#returning-a-view-versus-a-copy
[2023-09-19 09:11:10,544] {python.py:151} INFO - Done. Returned value was: None
[2023-09-19 09:11:10,572] {taskinstance.py:1211} INFO - Marking task as SUCCESS. dag_id=weather_data_pipeline, task_id=train_linear_regression, execution_date=20230919T090954, start_date=20230919T091109, end_date=20230919T091110
[2023-09-19 09:11:10,663] {taskinstance.py:1265} INFO - 0 downstream tasks scheduled from follow-on schedule check
[2023-09-19 09:11:10,691] {local_task_job.py:151} INFO - Task exited with return code 0
