[2023-09-19 09:12:08,175] {taskinstance.py:896} INFO - Dependencies all met for <TaskInstance: weather_data_pipeline.transform_all_files 2023-09-19T09:10:54.555224+00:00 [queued]>
[2023-09-19 09:12:08,205] {taskinstance.py:896} INFO - Dependencies all met for <TaskInstance: weather_data_pipeline.transform_all_files 2023-09-19T09:10:54.555224+00:00 [queued]>
[2023-09-19 09:12:08,206] {taskinstance.py:1087} INFO - 
--------------------------------------------------------------------------------
[2023-09-19 09:12:08,206] {taskinstance.py:1088} INFO - Starting attempt 1 of 2
[2023-09-19 09:12:08,206] {taskinstance.py:1089} INFO - 
--------------------------------------------------------------------------------
[2023-09-19 09:12:08,257] {taskinstance.py:1107} INFO - Executing <Task(PythonOperator): transform_all_files> on 2023-09-19T09:10:54.555224+00:00
[2023-09-19 09:12:08,274] {standard_task_runner.py:52} INFO - Started process 1781 to run task
[2023-09-19 09:12:08,312] {standard_task_runner.py:76} INFO - Running: ['***', 'tasks', 'run', 'weather_data_pipeline', 'transform_all_files', '2023-09-19T09:10:54.555224+00:00', '--job-id', '595', '--pool', 'default_pool', '--raw', '--subdir', 'DAGS_FOLDER/weather_data_pipeline.py', '--cfg-path', '/tmp/tmpvly0jxyl', '--error-file', '/tmp/tmpb11tlhis']
[2023-09-19 09:12:08,312] {standard_task_runner.py:77} INFO - Job 595: Subtask transform_all_files
[2023-09-19 09:12:08,459] {logging_mixin.py:104} INFO - Running <TaskInstance: weather_data_pipeline.transform_all_files 2023-09-19T09:10:54.555224+00:00 [running]> on host 92beb7708765
[2023-09-19 09:12:08,659] {taskinstance.py:1302} INFO - Exporting the following env vars:
AIRFLOW_CTX_DAG_OWNER=***
AIRFLOW_CTX_DAG_ID=weather_data_pipeline
AIRFLOW_CTX_TASK_ID=transform_all_files
AIRFLOW_CTX_EXECUTION_DATE=2023-09-19T09:10:54.555224+00:00
AIRFLOW_CTX_DAG_RUN_ID=scheduled__2023-09-19T09:10:54.555224+00:00
[2023-09-19 09:12:08,660] {logging_mixin.py:104} INFO - File null_file.json contains a list, not a dict!
[2023-09-19 09:12:08,725] {logging_mixin.py:104} INFO - 
[2023-09-19 09:12:08,808] {logging_mixin.py:104} INFO -     temperature        city  pression              date
0       289.61       Paris      1015  2023-09-19 09:11
1       290.13      London      1004  2023-09-19 09:11
2       282.20  Washington      1017  2023-09-19 09:11
3       289.61       Paris      1015  2023-09-19 09:09
4       290.13      London      1004  2023-09-19 09:09
5       281.12  Washington      1017  2023-09-19 09:09
6       289.61       Paris      1015  2023-09-19 09:08
7       290.13      London      1004  2023-09-19 09:08
8       281.12  Washington      1017  2023-09-19 09:08
9       289.61       Paris      1015  2023-09-19 09:06
[2023-09-19 09:12:08,822] {python.py:151} INFO - Done. Returned value was: None
[2023-09-19 09:12:08,850] {taskinstance.py:1211} INFO - Marking task as SUCCESS. dag_id=weather_data_pipeline, task_id=transform_all_files, execution_date=20230919T091054, start_date=20230919T091208, end_date=20230919T091208
[2023-09-19 09:12:09,079] {taskinstance.py:1265} INFO - 0 downstream tasks scheduled from follow-on schedule check
[2023-09-19 09:12:09,138] {local_task_job.py:151} INFO - Task exited with return code 0
