[2023-09-19 08:26:57,566] {taskinstance.py:896} INFO - Dependencies all met for <TaskInstance: weather_data_pipeline.transform_all_files 2023-09-19T08:25:53.787606+00:00 [queued]>
[2023-09-19 08:26:57,662] {taskinstance.py:896} INFO - Dependencies all met for <TaskInstance: weather_data_pipeline.transform_all_files 2023-09-19T08:25:53.787606+00:00 [queued]>
[2023-09-19 08:26:57,662] {taskinstance.py:1087} INFO - 
--------------------------------------------------------------------------------
[2023-09-19 08:26:57,663] {taskinstance.py:1088} INFO - Starting attempt 1 of 2
[2023-09-19 08:26:57,664] {taskinstance.py:1089} INFO - 
--------------------------------------------------------------------------------
[2023-09-19 08:26:57,713] {taskinstance.py:1107} INFO - Executing <Task(PythonOperator): transform_all_files> on 2023-09-19T08:25:53.787606+00:00
[2023-09-19 08:26:57,720] {standard_task_runner.py:52} INFO - Started process 3285 to run task
[2023-09-19 08:26:57,730] {standard_task_runner.py:76} INFO - Running: ['***', 'tasks', 'run', 'weather_data_pipeline', 'transform_all_files', '2023-09-19T08:25:53.787606+00:00', '--job-id', '441', '--pool', 'default_pool', '--raw', '--subdir', 'DAGS_FOLDER/weather_data_pipeline.py', '--cfg-path', '/tmp/tmpjp8od_rg', '--error-file', '/tmp/tmp715gypl8']
[2023-09-19 08:26:57,731] {standard_task_runner.py:77} INFO - Job 441: Subtask transform_all_files
[2023-09-19 08:26:57,907] {logging_mixin.py:104} INFO - Running <TaskInstance: weather_data_pipeline.transform_all_files 2023-09-19T08:25:53.787606+00:00 [running]> on host 92beb7708765
[2023-09-19 08:26:58,088] {taskinstance.py:1302} INFO - Exporting the following env vars:
AIRFLOW_CTX_DAG_OWNER=***
AIRFLOW_CTX_DAG_ID=weather_data_pipeline
AIRFLOW_CTX_TASK_ID=transform_all_files
AIRFLOW_CTX_EXECUTION_DATE=2023-09-19T08:25:53.787606+00:00
AIRFLOW_CTX_DAG_RUN_ID=scheduled__2023-09-19T08:25:53.787606+00:00
[2023-09-19 08:26:58,090] {logging_mixin.py:104} INFO - File null_file.json contains a list, not a dict!
[2023-09-19 08:26:58,106] {logging_mixin.py:104} INFO - 
[2023-09-19 08:26:58,217] {logging_mixin.py:104} INFO -     temperature        city  pression              date
0       288.84       Paris      1015  2023-09-19 08:26
1       289.45      London      1005  2023-09-19 08:26
2       281.40  Washington      1017  2023-09-19 08:26
3       288.82       Paris      1015  2023-09-19 08:25
4       289.45      London      1005  2023-09-19 08:25
5       281.40  Washington      1017  2023-09-19 08:25
6       288.70       Paris      1015  2023-09-19 08:24
7       289.46      London      1005  2023-09-19 08:24
8       281.56  Washington      1017  2023-09-19 08:24
9       288.70       Paris      1015  2023-09-19 08:23
[2023-09-19 08:26:58,223] {python.py:151} INFO - Done. Returned value was: None
[2023-09-19 08:26:58,237] {taskinstance.py:1211} INFO - Marking task as SUCCESS. dag_id=weather_data_pipeline, task_id=transform_all_files, execution_date=20230919T082553, start_date=20230919T082657, end_date=20230919T082658
[2023-09-19 08:26:58,294] {taskinstance.py:1265} INFO - 0 downstream tasks scheduled from follow-on schedule check
[2023-09-19 08:26:58,352] {local_task_job.py:151} INFO - Task exited with return code 0
