[2023-09-19 08:52:57,959] {taskinstance.py:896} INFO - Dependencies all met for <TaskInstance: weather_data_pipeline.transform_all_files 2023-09-19T08:51:53.842478+00:00 [queued]>
[2023-09-19 08:52:57,979] {taskinstance.py:896} INFO - Dependencies all met for <TaskInstance: weather_data_pipeline.transform_all_files 2023-09-19T08:51:53.842478+00:00 [queued]>
[2023-09-19 08:52:57,980] {taskinstance.py:1087} INFO - 
--------------------------------------------------------------------------------
[2023-09-19 08:52:57,980] {taskinstance.py:1088} INFO - Starting attempt 1 of 2
[2023-09-19 08:52:57,980] {taskinstance.py:1089} INFO - 
--------------------------------------------------------------------------------
[2023-09-19 08:52:58,002] {taskinstance.py:1107} INFO - Executing <Task(PythonOperator): transform_all_files> on 2023-09-19T08:51:53.842478+00:00
[2023-09-19 08:52:58,008] {standard_task_runner.py:52} INFO - Started process 774 to run task
[2023-09-19 08:52:58,016] {standard_task_runner.py:76} INFO - Running: ['***', 'tasks', 'run', 'weather_data_pipeline', 'transform_all_files', '2023-09-19T08:51:53.842478+00:00', '--job-id', '515', '--pool', 'default_pool', '--raw', '--subdir', 'DAGS_FOLDER/weather_data_pipeline.py', '--cfg-path', '/tmp/tmpoyeprdmy', '--error-file', '/tmp/tmpacbqy842']
[2023-09-19 08:52:58,016] {standard_task_runner.py:77} INFO - Job 515: Subtask transform_all_files
[2023-09-19 08:52:58,079] {logging_mixin.py:104} INFO - Running <TaskInstance: weather_data_pipeline.transform_all_files 2023-09-19T08:51:53.842478+00:00 [running]> on host 92beb7708765
[2023-09-19 08:52:58,159] {taskinstance.py:1302} INFO - Exporting the following env vars:
AIRFLOW_CTX_DAG_OWNER=***
AIRFLOW_CTX_DAG_ID=weather_data_pipeline
AIRFLOW_CTX_TASK_ID=transform_all_files
AIRFLOW_CTX_EXECUTION_DATE=2023-09-19T08:51:53.842478+00:00
AIRFLOW_CTX_DAG_RUN_ID=scheduled__2023-09-19T08:51:53.842478+00:00
[2023-09-19 08:52:58,160] {logging_mixin.py:104} INFO - File null_file.json contains a list, not a dict!
[2023-09-19 08:52:58,171] {logging_mixin.py:104} INFO - 
[2023-09-19 08:52:58,203] {logging_mixin.py:104} INFO -     temperature        city  pression              date
0       288.96       Paris      1015  2023-09-19 08:52
1       289.84      London      1004  2023-09-19 08:52
2       281.78  Washington      1017  2023-09-19 08:52
3       289.10       Paris      1015  2023-09-19 08:51
4       289.84      London      1004  2023-09-19 08:51
5       281.78  Washington      1017  2023-09-19 08:51
6       289.10       Paris      1015  2023-09-19 08:50
7       289.66      London      1005  2023-09-19 08:50
8       281.78  Washington      1017  2023-09-19 08:50
9       289.10       Paris      1015  2023-09-19 08:49
[2023-09-19 08:52:58,209] {python.py:151} INFO - Done. Returned value was: None
[2023-09-19 08:52:58,226] {taskinstance.py:1211} INFO - Marking task as SUCCESS. dag_id=weather_data_pipeline, task_id=transform_all_files, execution_date=20230919T085153, start_date=20230919T085257, end_date=20230919T085258
[2023-09-19 08:52:58,269] {taskinstance.py:1265} INFO - 0 downstream tasks scheduled from follow-on schedule check
[2023-09-19 08:52:58,306] {local_task_job.py:151} INFO - Task exited with return code 0
