[2023-09-19 08:55:57,638] {taskinstance.py:896} INFO - Dependencies all met for <TaskInstance: weather_data_pipeline.transform_recent_20_files 2023-09-19T08:54:53.842478+00:00 [queued]>
[2023-09-19 08:55:57,658] {taskinstance.py:896} INFO - Dependencies all met for <TaskInstance: weather_data_pipeline.transform_recent_20_files 2023-09-19T08:54:53.842478+00:00 [queued]>
[2023-09-19 08:55:57,658] {taskinstance.py:1087} INFO - 
--------------------------------------------------------------------------------
[2023-09-19 08:55:57,659] {taskinstance.py:1088} INFO - Starting attempt 1 of 2
[2023-09-19 08:55:57,659] {taskinstance.py:1089} INFO - 
--------------------------------------------------------------------------------
[2023-09-19 08:55:57,683] {taskinstance.py:1107} INFO - Executing <Task(PythonOperator): transform_recent_20_files> on 2023-09-19T08:54:53.842478+00:00
[2023-09-19 08:55:57,690] {standard_task_runner.py:52} INFO - Started process 923 to run task
[2023-09-19 08:55:57,699] {standard_task_runner.py:76} INFO - Running: ['***', 'tasks', 'run', 'weather_data_pipeline', 'transform_recent_20_files', '2023-09-19T08:54:53.842478+00:00', '--job-id', '524', '--pool', 'default_pool', '--raw', '--subdir', 'DAGS_FOLDER/weather_data_pipeline.py', '--cfg-path', '/tmp/tmpbrgra3m0', '--error-file', '/tmp/tmpt07hfyuf']
[2023-09-19 08:55:57,699] {standard_task_runner.py:77} INFO - Job 524: Subtask transform_recent_20_files
[2023-09-19 08:55:57,768] {logging_mixin.py:104} INFO - Running <TaskInstance: weather_data_pipeline.transform_recent_20_files 2023-09-19T08:54:53.842478+00:00 [running]> on host 92beb7708765
[2023-09-19 08:55:57,975] {taskinstance.py:1302} INFO - Exporting the following env vars:
AIRFLOW_CTX_DAG_OWNER=***
AIRFLOW_CTX_DAG_ID=weather_data_pipeline
AIRFLOW_CTX_TASK_ID=transform_recent_20_files
AIRFLOW_CTX_EXECUTION_DATE=2023-09-19T08:54:53.842478+00:00
AIRFLOW_CTX_DAG_RUN_ID=scheduled__2023-09-19T08:54:53.842478+00:00
[2023-09-19 08:55:57,976] {logging_mixin.py:104} INFO - File null_file.json contains a list, not a dict!
[2023-09-19 08:55:57,987] {logging_mixin.py:104} INFO - 
[2023-09-19 08:55:58,021] {logging_mixin.py:104} INFO -     temperature        city  pression              date
0       289.40       Paris      1015  2023-09-19 08:55
1       289.84      London      1004  2023-09-19 08:55
2       281.62  Washington      1017  2023-09-19 08:55
3       288.96       Paris      1015  2023-09-19 08:54
4       289.84      London      1004  2023-09-19 08:54
5       281.62  Washington      1017  2023-09-19 08:54
6       288.96       Paris      1015  2023-09-19 08:53
7       289.84      London      1004  2023-09-19 08:53
8       281.62  Washington      1017  2023-09-19 08:53
9       288.96       Paris      1015  2023-09-19 08:52
[2023-09-19 08:55:58,028] {python.py:151} INFO - Done. Returned value was: None
[2023-09-19 08:55:58,042] {taskinstance.py:1211} INFO - Marking task as SUCCESS. dag_id=weather_data_pipeline, task_id=transform_recent_20_files, execution_date=20230919T085453, start_date=20230919T085557, end_date=20230919T085558
[2023-09-19 08:55:58,100] {taskinstance.py:1265} INFO - 0 downstream tasks scheduled from follow-on schedule check
[2023-09-19 08:55:58,114] {local_task_job.py:151} INFO - Task exited with return code 0
