[2023-09-19 08:31:58,140] {taskinstance.py:896} INFO - Dependencies all met for <TaskInstance: weather_data_pipeline.transform_recent_20_files 2023-09-19T08:30:53.787606+00:00 [queued]>
[2023-09-19 08:31:58,180] {taskinstance.py:896} INFO - Dependencies all met for <TaskInstance: weather_data_pipeline.transform_recent_20_files 2023-09-19T08:30:53.787606+00:00 [queued]>
[2023-09-19 08:31:58,181] {taskinstance.py:1087} INFO - 
--------------------------------------------------------------------------------
[2023-09-19 08:31:58,181] {taskinstance.py:1088} INFO - Starting attempt 1 of 2
[2023-09-19 08:31:58,181] {taskinstance.py:1089} INFO - 
--------------------------------------------------------------------------------
[2023-09-19 08:31:58,216] {taskinstance.py:1107} INFO - Executing <Task(PythonOperator): transform_recent_20_files> on 2023-09-19T08:30:53.787606+00:00
[2023-09-19 08:31:58,222] {standard_task_runner.py:52} INFO - Started process 3535 to run task
[2023-09-19 08:31:58,233] {standard_task_runner.py:76} INFO - Running: ['***', 'tasks', 'run', 'weather_data_pipeline', 'transform_recent_20_files', '2023-09-19T08:30:53.787606+00:00', '--job-id', '456', '--pool', 'default_pool', '--raw', '--subdir', 'DAGS_FOLDER/weather_data_pipeline.py', '--cfg-path', '/tmp/tmphpg__y70', '--error-file', '/tmp/tmpbg6m4zz1']
[2023-09-19 08:31:58,233] {standard_task_runner.py:77} INFO - Job 456: Subtask transform_recent_20_files
[2023-09-19 08:31:58,348] {logging_mixin.py:104} INFO - Running <TaskInstance: weather_data_pipeline.transform_recent_20_files 2023-09-19T08:30:53.787606+00:00 [running]> on host 92beb7708765
[2023-09-19 08:31:58,463] {taskinstance.py:1302} INFO - Exporting the following env vars:
AIRFLOW_CTX_DAG_OWNER=***
AIRFLOW_CTX_DAG_ID=weather_data_pipeline
AIRFLOW_CTX_TASK_ID=transform_recent_20_files
AIRFLOW_CTX_EXECUTION_DATE=2023-09-19T08:30:53.787606+00:00
AIRFLOW_CTX_DAG_RUN_ID=scheduled__2023-09-19T08:30:53.787606+00:00
[2023-09-19 08:31:58,464] {logging_mixin.py:104} INFO - File null_file.json contains a list, not a dict!
[2023-09-19 08:31:58,472] {logging_mixin.py:104} INFO - 
[2023-09-19 08:31:58,522] {logging_mixin.py:104} INFO -     temperature        city  pression              date
0       288.84       Paris      1015  2023-09-19 08:31
1       289.43      London      1004  2023-09-19 08:31
2       281.40  Washington      1017  2023-09-19 08:31
3       288.82       Paris      1015  2023-09-19 08:30
4       289.45      London      1005  2023-09-19 08:30
5       281.40  Washington      1017  2023-09-19 08:30
6       288.84       Paris      1015  2023-09-19 08:29
7       289.45      London      1005  2023-09-19 08:29
8       281.40  Washington      1017  2023-09-19 08:29
9       288.84       Paris      1015  2023-09-19 08:28
[2023-09-19 08:31:58,529] {python.py:151} INFO - Done. Returned value was: None
[2023-09-19 08:31:58,543] {taskinstance.py:1211} INFO - Marking task as SUCCESS. dag_id=weather_data_pipeline, task_id=transform_recent_20_files, execution_date=20230919T083053, start_date=20230919T083158, end_date=20230919T083158
[2023-09-19 08:31:58,587] {taskinstance.py:1265} INFO - 0 downstream tasks scheduled from follow-on schedule check
[2023-09-19 08:31:58,610] {local_task_job.py:151} INFO - Task exited with return code 0
