[2023-09-19 08:57:59,906] {taskinstance.py:896} INFO - Dependencies all met for <TaskInstance: weather_data_pipeline.transform_recent_20_files 2023-09-19T08:56:53.842478+00:00 [queued]>
[2023-09-19 08:57:59,924] {taskinstance.py:896} INFO - Dependencies all met for <TaskInstance: weather_data_pipeline.transform_recent_20_files 2023-09-19T08:56:53.842478+00:00 [queued]>
[2023-09-19 08:57:59,924] {taskinstance.py:1087} INFO - 
--------------------------------------------------------------------------------
[2023-09-19 08:57:59,924] {taskinstance.py:1088} INFO - Starting attempt 1 of 2
[2023-09-19 08:57:59,924] {taskinstance.py:1089} INFO - 
--------------------------------------------------------------------------------
[2023-09-19 08:57:59,947] {taskinstance.py:1107} INFO - Executing <Task(PythonOperator): transform_recent_20_files> on 2023-09-19T08:56:53.842478+00:00
[2023-09-19 08:57:59,954] {standard_task_runner.py:52} INFO - Started process 1024 to run task
[2023-09-19 08:57:59,961] {standard_task_runner.py:76} INFO - Running: ['***', 'tasks', 'run', 'weather_data_pipeline', 'transform_recent_20_files', '2023-09-19T08:56:53.842478+00:00', '--job-id', '530', '--pool', 'default_pool', '--raw', '--subdir', 'DAGS_FOLDER/weather_data_pipeline.py', '--cfg-path', '/tmp/tmp7xchcwjl', '--error-file', '/tmp/tmp0k4g19vl']
[2023-09-19 08:57:59,961] {standard_task_runner.py:77} INFO - Job 530: Subtask transform_recent_20_files
[2023-09-19 08:58:00,028] {logging_mixin.py:104} INFO - Running <TaskInstance: weather_data_pipeline.transform_recent_20_files 2023-09-19T08:56:53.842478+00:00 [running]> on host 92beb7708765
[2023-09-19 08:58:00,165] {taskinstance.py:1302} INFO - Exporting the following env vars:
AIRFLOW_CTX_DAG_OWNER=***
AIRFLOW_CTX_DAG_ID=weather_data_pipeline
AIRFLOW_CTX_TASK_ID=transform_recent_20_files
AIRFLOW_CTX_EXECUTION_DATE=2023-09-19T08:56:53.842478+00:00
AIRFLOW_CTX_DAG_RUN_ID=scheduled__2023-09-19T08:56:53.842478+00:00
[2023-09-19 08:58:00,166] {logging_mixin.py:104} INFO - File null_file.json contains a list, not a dict!
[2023-09-19 08:58:00,200] {logging_mixin.py:104} INFO - 
[2023-09-19 08:58:00,284] {logging_mixin.py:104} INFO -     temperature        city  pression              date
0       289.40       Paris      1015  2023-09-19 08:57
1       289.86      London      1004  2023-09-19 08:57
2       281.12  Washington      1017  2023-09-19 08:57
3       289.43       Paris      1015  2023-09-19 08:56
4       289.86      London      1004  2023-09-19 08:56
5       281.12  Washington      1017  2023-09-19 08:56
6       289.40       Paris      1015  2023-09-19 08:55
7       289.84      London      1004  2023-09-19 08:55
8       281.62  Washington      1017  2023-09-19 08:55
9       288.96       Paris      1015  2023-09-19 08:54
[2023-09-19 08:58:00,289] {python.py:151} INFO - Done. Returned value was: None
[2023-09-19 08:58:00,308] {taskinstance.py:1211} INFO - Marking task as SUCCESS. dag_id=weather_data_pipeline, task_id=transform_recent_20_files, execution_date=20230919T085653, start_date=20230919T085759, end_date=20230919T085800
[2023-09-19 08:58:00,364] {taskinstance.py:1265} INFO - 0 downstream tasks scheduled from follow-on schedule check
[2023-09-19 08:58:00,388] {local_task_job.py:151} INFO - Task exited with return code 0
