[2023-09-19 08:33:59,207] {taskinstance.py:896} INFO - Dependencies all met for <TaskInstance: weather_data_pipeline.transform_recent_20_files 2023-09-19T08:32:53.787606+00:00 [queued]>
[2023-09-19 08:33:59,322] {taskinstance.py:896} INFO - Dependencies all met for <TaskInstance: weather_data_pipeline.transform_recent_20_files 2023-09-19T08:32:53.787606+00:00 [queued]>
[2023-09-19 08:33:59,322] {taskinstance.py:1087} INFO - 
--------------------------------------------------------------------------------
[2023-09-19 08:33:59,322] {taskinstance.py:1088} INFO - Starting attempt 1 of 2
[2023-09-19 08:33:59,323] {taskinstance.py:1089} INFO - 
--------------------------------------------------------------------------------
[2023-09-19 08:33:59,352] {taskinstance.py:1107} INFO - Executing <Task(PythonOperator): transform_recent_20_files> on 2023-09-19T08:32:53.787606+00:00
[2023-09-19 08:33:59,365] {standard_task_runner.py:52} INFO - Started process 3637 to run task
[2023-09-19 08:33:59,395] {standard_task_runner.py:76} INFO - Running: ['***', 'tasks', 'run', 'weather_data_pipeline', 'transform_recent_20_files', '2023-09-19T08:32:53.787606+00:00', '--job-id', '461', '--pool', 'default_pool', '--raw', '--subdir', 'DAGS_FOLDER/weather_data_pipeline.py', '--cfg-path', '/tmp/tmpsq8uzq5n', '--error-file', '/tmp/tmpfu671_pm']
[2023-09-19 08:33:59,395] {standard_task_runner.py:77} INFO - Job 461: Subtask transform_recent_20_files
[2023-09-19 08:33:59,502] {logging_mixin.py:104} INFO - Running <TaskInstance: weather_data_pipeline.transform_recent_20_files 2023-09-19T08:32:53.787606+00:00 [running]> on host 92beb7708765
[2023-09-19 08:33:59,660] {taskinstance.py:1302} INFO - Exporting the following env vars:
AIRFLOW_CTX_DAG_OWNER=***
AIRFLOW_CTX_DAG_ID=weather_data_pipeline
AIRFLOW_CTX_TASK_ID=transform_recent_20_files
AIRFLOW_CTX_EXECUTION_DATE=2023-09-19T08:32:53.787606+00:00
AIRFLOW_CTX_DAG_RUN_ID=scheduled__2023-09-19T08:32:53.787606+00:00
[2023-09-19 08:33:59,665] {logging_mixin.py:104} INFO - File null_file.json contains a list, not a dict!
[2023-09-19 08:33:59,677] {logging_mixin.py:104} INFO - 
[2023-09-19 08:33:59,732] {logging_mixin.py:104} INFO -     temperature        city  pression              date
0       288.84       Paris      1015  2023-09-19 08:33
1       289.43      London      1004  2023-09-19 08:33
2       281.40  Washington      1017  2023-09-19 08:33
3       288.84       Paris      1015  2023-09-19 08:32
4       289.43      London      1004  2023-09-19 08:32
5       281.40  Washington      1017  2023-09-19 08:32
6       288.84       Paris      1015  2023-09-19 08:31
7       289.43      London      1004  2023-09-19 08:31
8       281.40  Washington      1017  2023-09-19 08:31
9       288.82       Paris      1015  2023-09-19 08:30
[2023-09-19 08:33:59,745] {python.py:151} INFO - Done. Returned value was: None
[2023-09-19 08:33:59,780] {taskinstance.py:1211} INFO - Marking task as SUCCESS. dag_id=weather_data_pipeline, task_id=transform_recent_20_files, execution_date=20230919T083253, start_date=20230919T083359, end_date=20230919T083359
[2023-09-19 08:33:59,827] {taskinstance.py:1265} INFO - 0 downstream tasks scheduled from follow-on schedule check
[2023-09-19 08:33:59,847] {local_task_job.py:151} INFO - Task exited with return code 0
