[2023-09-19 08:53:58,574] {taskinstance.py:896} INFO - Dependencies all met for <TaskInstance: weather_data_pipeline.transform_recent_20_files 2023-09-19T08:52:53.842478+00:00 [queued]>
[2023-09-19 08:53:58,605] {taskinstance.py:896} INFO - Dependencies all met for <TaskInstance: weather_data_pipeline.transform_recent_20_files 2023-09-19T08:52:53.842478+00:00 [queued]>
[2023-09-19 08:53:58,605] {taskinstance.py:1087} INFO - 
--------------------------------------------------------------------------------
[2023-09-19 08:53:58,605] {taskinstance.py:1088} INFO - Starting attempt 1 of 2
[2023-09-19 08:53:58,606] {taskinstance.py:1089} INFO - 
--------------------------------------------------------------------------------
[2023-09-19 08:53:58,633] {taskinstance.py:1107} INFO - Executing <Task(PythonOperator): transform_recent_20_files> on 2023-09-19T08:52:53.842478+00:00
[2023-09-19 08:53:58,656] {standard_task_runner.py:52} INFO - Started process 823 to run task
[2023-09-19 08:53:58,671] {standard_task_runner.py:76} INFO - Running: ['***', 'tasks', 'run', 'weather_data_pipeline', 'transform_recent_20_files', '2023-09-19T08:52:53.842478+00:00', '--job-id', '518', '--pool', 'default_pool', '--raw', '--subdir', 'DAGS_FOLDER/weather_data_pipeline.py', '--cfg-path', '/tmp/tmpmcf4pmct', '--error-file', '/tmp/tmpwoatdb2o']
[2023-09-19 08:53:58,672] {standard_task_runner.py:77} INFO - Job 518: Subtask transform_recent_20_files
[2023-09-19 08:53:58,762] {logging_mixin.py:104} INFO - Running <TaskInstance: weather_data_pipeline.transform_recent_20_files 2023-09-19T08:52:53.842478+00:00 [running]> on host 92beb7708765
[2023-09-19 08:53:58,871] {taskinstance.py:1302} INFO - Exporting the following env vars:
AIRFLOW_CTX_DAG_OWNER=***
AIRFLOW_CTX_DAG_ID=weather_data_pipeline
AIRFLOW_CTX_TASK_ID=transform_recent_20_files
AIRFLOW_CTX_EXECUTION_DATE=2023-09-19T08:52:53.842478+00:00
AIRFLOW_CTX_DAG_RUN_ID=scheduled__2023-09-19T08:52:53.842478+00:00
[2023-09-19 08:53:58,872] {logging_mixin.py:104} INFO - File null_file.json contains a list, not a dict!
[2023-09-19 08:53:58,880] {logging_mixin.py:104} INFO - 
[2023-09-19 08:53:58,995] {logging_mixin.py:104} INFO -     temperature        city  pression              date
0       288.96       Paris      1015  2023-09-19 08:53
1       289.84      London      1004  2023-09-19 08:53
2       281.62  Washington      1017  2023-09-19 08:53
3       288.96       Paris      1015  2023-09-19 08:52
4       289.84      London      1004  2023-09-19 08:52
5       281.78  Washington      1017  2023-09-19 08:52
6       289.10       Paris      1015  2023-09-19 08:51
7       289.84      London      1004  2023-09-19 08:51
8       281.78  Washington      1017  2023-09-19 08:51
9       289.10       Paris      1015  2023-09-19 08:50
[2023-09-19 08:53:59,000] {python.py:151} INFO - Done. Returned value was: None
[2023-09-19 08:53:59,037] {taskinstance.py:1211} INFO - Marking task as SUCCESS. dag_id=weather_data_pipeline, task_id=transform_recent_20_files, execution_date=20230919T085253, start_date=20230919T085358, end_date=20230919T085359
[2023-09-19 08:53:59,103] {taskinstance.py:1265} INFO - 0 downstream tasks scheduled from follow-on schedule check
[2023-09-19 08:53:59,134] {local_task_job.py:151} INFO - Task exited with return code 0
