[2023-09-19 09:21:01,366] {taskinstance.py:896} INFO - Dependencies all met for <TaskInstance: weather_data_pipeline.transform_all_files 2023-09-19T09:19:54.555224+00:00 [queued]>
[2023-09-19 09:21:01,399] {taskinstance.py:896} INFO - Dependencies all met for <TaskInstance: weather_data_pipeline.transform_all_files 2023-09-19T09:19:54.555224+00:00 [queued]>
[2023-09-19 09:21:01,400] {taskinstance.py:1087} INFO - 
--------------------------------------------------------------------------------
[2023-09-19 09:21:01,400] {taskinstance.py:1088} INFO - Starting attempt 1 of 2
[2023-09-19 09:21:01,400] {taskinstance.py:1089} INFO - 
--------------------------------------------------------------------------------
[2023-09-19 09:21:01,425] {taskinstance.py:1107} INFO - Executing <Task(PythonOperator): transform_all_files> on 2023-09-19T09:19:54.555224+00:00
[2023-09-19 09:21:01,443] {standard_task_runner.py:52} INFO - Started process 2323 to run task
[2023-09-19 09:21:01,451] {standard_task_runner.py:76} INFO - Running: ['***', 'tasks', 'run', 'weather_data_pipeline', 'transform_all_files', '2023-09-19T09:19:54.555224+00:00', '--job-id', '658', '--pool', 'default_pool', '--raw', '--subdir', 'DAGS_FOLDER/weather_data_pipeline.py', '--cfg-path', '/tmp/tmppq_p018v', '--error-file', '/tmp/tmp9qp8c8l2']
[2023-09-19 09:21:01,452] {standard_task_runner.py:77} INFO - Job 658: Subtask transform_all_files
[2023-09-19 09:21:01,556] {logging_mixin.py:104} INFO - Running <TaskInstance: weather_data_pipeline.transform_all_files 2023-09-19T09:19:54.555224+00:00 [running]> on host 92beb7708765
[2023-09-19 09:21:01,701] {taskinstance.py:1302} INFO - Exporting the following env vars:
AIRFLOW_CTX_DAG_OWNER=***
AIRFLOW_CTX_DAG_ID=weather_data_pipeline
AIRFLOW_CTX_TASK_ID=transform_all_files
AIRFLOW_CTX_EXECUTION_DATE=2023-09-19T09:19:54.555224+00:00
AIRFLOW_CTX_DAG_RUN_ID=scheduled__2023-09-19T09:19:54.555224+00:00
[2023-09-19 09:21:01,708] {logging_mixin.py:104} INFO - File null_file.json contains a list, not a dict!
[2023-09-19 09:21:01,759] {logging_mixin.py:104} INFO - 
[2023-09-19 09:21:01,902] {logging_mixin.py:104} INFO -     temperature        city  pression              date
0       290.17       Paris      1015  2023-09-19 09:20
1       290.25      London      1004  2023-09-19 09:20
2       282.20  Washington      1017  2023-09-19 09:20
3       290.17       Paris      1015  2023-09-19 09:19
4       290.25      London      1004  2023-09-19 09:19
5       282.20  Washington      1017  2023-09-19 09:19
6       290.01       Paris      1015  2023-09-19 09:18
7       290.25      London      1004  2023-09-19 09:18
8       282.20  Washington      1017  2023-09-19 09:18
9       290.01       Paris      1015  2023-09-19 09:17
[2023-09-19 09:21:01,954] {python.py:151} INFO - Done. Returned value was: None
[2023-09-19 09:21:02,003] {taskinstance.py:1211} INFO - Marking task as SUCCESS. dag_id=weather_data_pipeline, task_id=transform_all_files, execution_date=20230919T091954, start_date=20230919T092101, end_date=20230919T092102
[2023-09-19 09:21:02,096] {taskinstance.py:1265} INFO - 3 downstream tasks scheduled from follow-on schedule check
[2023-09-19 09:21:02,131] {local_task_job.py:151} INFO - Task exited with return code 0
