[2023-09-19 09:27:02,534] {taskinstance.py:896} INFO - Dependencies all met for <TaskInstance: weather_data_pipeline.transform_all_files 2023-09-19T09:25:54.555224+00:00 [queued]>
[2023-09-19 09:27:02,584] {taskinstance.py:896} INFO - Dependencies all met for <TaskInstance: weather_data_pipeline.transform_all_files 2023-09-19T09:25:54.555224+00:00 [queued]>
[2023-09-19 09:27:02,585] {taskinstance.py:1087} INFO - 
--------------------------------------------------------------------------------
[2023-09-19 09:27:02,585] {taskinstance.py:1088} INFO - Starting attempt 1 of 2
[2023-09-19 09:27:02,585] {taskinstance.py:1089} INFO - 
--------------------------------------------------------------------------------
[2023-09-19 09:27:02,636] {taskinstance.py:1107} INFO - Executing <Task(PythonOperator): transform_all_files> on 2023-09-19T09:25:54.555224+00:00
[2023-09-19 09:27:02,665] {standard_task_runner.py:52} INFO - Started process 2694 to run task
[2023-09-19 09:27:02,676] {standard_task_runner.py:76} INFO - Running: ['***', 'tasks', 'run', 'weather_data_pipeline', 'transform_all_files', '2023-09-19T09:25:54.555224+00:00', '--job-id', '700', '--pool', 'default_pool', '--raw', '--subdir', 'DAGS_FOLDER/weather_data_pipeline.py', '--cfg-path', '/tmp/tmpvhas1lg3', '--error-file', '/tmp/tmpp9fq1is3']
[2023-09-19 09:27:02,677] {standard_task_runner.py:77} INFO - Job 700: Subtask transform_all_files
[2023-09-19 09:27:02,851] {logging_mixin.py:104} INFO - Running <TaskInstance: weather_data_pipeline.transform_all_files 2023-09-19T09:25:54.555224+00:00 [running]> on host 92beb7708765
[2023-09-19 09:27:03,007] {taskinstance.py:1302} INFO - Exporting the following env vars:
AIRFLOW_CTX_DAG_OWNER=***
AIRFLOW_CTX_DAG_ID=weather_data_pipeline
AIRFLOW_CTX_TASK_ID=transform_all_files
AIRFLOW_CTX_EXECUTION_DATE=2023-09-19T09:25:54.555224+00:00
AIRFLOW_CTX_DAG_RUN_ID=scheduled__2023-09-19T09:25:54.555224+00:00
[2023-09-19 09:27:03,009] {logging_mixin.py:104} INFO - File null_file.json contains a list, not a dict!
[2023-09-19 09:27:03,057] {logging_mixin.py:104} INFO - 
[2023-09-19 09:27:03,147] {logging_mixin.py:104} INFO -     temperature        city  pression              date
0       290.23       Paris      1015  2023-09-19 09:26
1       290.27      London      1005  2023-09-19 09:26
2       281.70  Washington      1017  2023-09-19 09:26
3       290.16       Paris      1015  2023-09-19 09:25
4       290.27      London      1005  2023-09-19 09:25
5       281.70  Washington      1017  2023-09-19 09:25
6       290.16       Paris      1015  2023-09-19 09:24
7       290.27      London      1005  2023-09-19 09:24
8       281.70  Washington      1017  2023-09-19 09:24
9       290.23       Paris      1015  2023-09-19 09:23
[2023-09-19 09:27:03,165] {python.py:151} INFO - Done. Returned value was: None
[2023-09-19 09:27:03,214] {taskinstance.py:1211} INFO - Marking task as SUCCESS. dag_id=weather_data_pipeline, task_id=transform_all_files, execution_date=20230919T092554, start_date=20230919T092702, end_date=20230919T092703
[2023-09-19 09:27:03,356] {taskinstance.py:1265} INFO - 3 downstream tasks scheduled from follow-on schedule check
[2023-09-19 09:27:03,396] {local_task_job.py:151} INFO - Task exited with return code 0
