[2023-09-19 09:17:15,838] {taskinstance.py:896} INFO - Dependencies all met for <TaskInstance: weather_data_pipeline.select_and_retrain_best_model 2023-09-19T09:15:54.555224+00:00 [queued]>
[2023-09-19 09:17:15,885] {taskinstance.py:896} INFO - Dependencies all met for <TaskInstance: weather_data_pipeline.select_and_retrain_best_model 2023-09-19T09:15:54.555224+00:00 [queued]>
[2023-09-19 09:17:15,885] {taskinstance.py:1087} INFO - 
--------------------------------------------------------------------------------
[2023-09-19 09:17:15,885] {taskinstance.py:1088} INFO - Starting attempt 1 of 2
[2023-09-19 09:17:15,885] {taskinstance.py:1089} INFO - 
--------------------------------------------------------------------------------
[2023-09-19 09:17:15,920] {taskinstance.py:1107} INFO - Executing <Task(PythonOperator): select_and_retrain_best_model> on 2023-09-19T09:15:54.555224+00:00
[2023-09-19 09:17:15,940] {standard_task_runner.py:52} INFO - Started process 2098 to run task
[2023-09-19 09:17:15,956] {standard_task_runner.py:76} INFO - Running: ['***', 'tasks', 'run', 'weather_data_pipeline', 'select_and_retrain_best_model', '2023-09-19T09:15:54.555224+00:00', '--job-id', '635', '--pool', 'default_pool', '--raw', '--subdir', 'DAGS_FOLDER/weather_data_pipeline.py', '--cfg-path', '/tmp/tmpe2g9gu1i', '--error-file', '/tmp/tmpp28rc26g']
[2023-09-19 09:17:15,958] {standard_task_runner.py:77} INFO - Job 635: Subtask select_and_retrain_best_model
[2023-09-19 09:17:16,070] {logging_mixin.py:104} INFO - Running <TaskInstance: weather_data_pipeline.select_and_retrain_best_model 2023-09-19T09:15:54.555224+00:00 [running]> on host 92beb7708765
[2023-09-19 09:17:16,234] {taskinstance.py:1302} INFO - Exporting the following env vars:
AIRFLOW_CTX_DAG_OWNER=***
AIRFLOW_CTX_DAG_ID=weather_data_pipeline
AIRFLOW_CTX_TASK_ID=select_and_retrain_best_model
AIRFLOW_CTX_EXECUTION_DATE=2023-09-19T09:15:54.555224+00:00
AIRFLOW_CTX_DAG_RUN_ID=scheduled__2023-09-19T09:15:54.555224+00:00
[2023-09-19 09:17:16,329] {logging_mixin.py:104} WARNING - /home/***/.local/lib/python3.6/site-packages/pandas/core/indexing.py:1596 SettingWithCopyWarning:
A value is trying to be set on a copy of a slice from a DataFrame.
Try using .loc[row_indexer,col_indexer] = value instead

See the caveats in the documentation: https://pandas.pydata.org/pandas-docs/stable/user_guide/indexing.html#returning-a-view-versus-a-copy
[2023-09-19 09:17:16,334] {logging_mixin.py:104} WARNING - /home/***/.local/lib/python3.6/site-packages/pandas/core/indexing.py:1743 SettingWithCopyWarning:
A value is trying to be set on a copy of a slice from a DataFrame.
Try using .loc[row_indexer,col_indexer] = value instead

See the caveats in the documentation: https://pandas.pydata.org/pandas-docs/stable/user_guide/indexing.html#returning-a-view-versus-a-copy
[2023-09-19 09:17:16,428] {logging_mixin.py:104} WARNING - /home/***/.local/lib/python3.6/site-packages/pandas/core/indexing.py:1596 SettingWithCopyWarning:
A value is trying to be set on a copy of a slice from a DataFrame.
Try using .loc[row_indexer,col_indexer] = value instead

See the caveats in the documentation: https://pandas.pydata.org/pandas-docs/stable/user_guide/indexing.html#returning-a-view-versus-a-copy
[2023-09-19 09:17:16,432] {logging_mixin.py:104} WARNING - /home/***/.local/lib/python3.6/site-packages/pandas/core/indexing.py:1743 SettingWithCopyWarning:
A value is trying to be set on a copy of a slice from a DataFrame.
Try using .loc[row_indexer,col_indexer] = value instead

See the caveats in the documentation: https://pandas.pydata.org/pandas-docs/stable/user_guide/indexing.html#returning-a-view-versus-a-copy
[2023-09-19 09:17:16,524] {logging_mixin.py:104} WARNING - /home/***/.local/lib/python3.6/site-packages/pandas/core/indexing.py:1596 SettingWithCopyWarning:
A value is trying to be set on a copy of a slice from a DataFrame.
Try using .loc[row_indexer,col_indexer] = value instead

See the caveats in the documentation: https://pandas.pydata.org/pandas-docs/stable/user_guide/indexing.html#returning-a-view-versus-a-copy
[2023-09-19 09:17:16,529] {logging_mixin.py:104} WARNING - /home/***/.local/lib/python3.6/site-packages/pandas/core/indexing.py:1743 SettingWithCopyWarning:
A value is trying to be set on a copy of a slice from a DataFrame.
Try using .loc[row_indexer,col_indexer] = value instead

See the caveats in the documentation: https://pandas.pydata.org/pandas-docs/stable/user_guide/indexing.html#returning-a-view-versus-a-copy
[2023-09-19 09:17:17,438] {logging_mixin.py:104} INFO - RandomForestRegressor() saved at  /app/clean_data/best_model_final.pickle
[2023-09-19 09:17:17,682] {logging_mixin.py:104} INFO - Retrained and saved the best model: <class 'sklearn.ensemble._forest.RandomForestRegressor'>
[2023-09-19 09:17:17,683] {python.py:151} INFO - Done. Returned value was: None
[2023-09-19 09:17:17,699] {taskinstance.py:1211} INFO - Marking task as SUCCESS. dag_id=weather_data_pipeline, task_id=select_and_retrain_best_model, execution_date=20230919T091554, start_date=20230919T091715, end_date=20230919T091717
[2023-09-19 09:17:17,753] {taskinstance.py:1265} INFO - 0 downstream tasks scheduled from follow-on schedule check
[2023-09-19 09:17:17,784] {local_task_job.py:151} INFO - Task exited with return code 0
