[2023-09-19 09:13:15,317] {taskinstance.py:896} INFO - Dependencies all met for <TaskInstance: weather_data_pipeline.select_and_retrain_best_model 2023-09-19T09:11:54.555224+00:00 [queued]>
[2023-09-19 09:13:15,350] {taskinstance.py:896} INFO - Dependencies all met for <TaskInstance: weather_data_pipeline.select_and_retrain_best_model 2023-09-19T09:11:54.555224+00:00 [queued]>
[2023-09-19 09:13:15,350] {taskinstance.py:1087} INFO - 
--------------------------------------------------------------------------------
[2023-09-19 09:13:15,351] {taskinstance.py:1088} INFO - Starting attempt 1 of 2
[2023-09-19 09:13:15,351] {taskinstance.py:1089} INFO - 
--------------------------------------------------------------------------------
[2023-09-19 09:13:15,387] {taskinstance.py:1107} INFO - Executing <Task(PythonOperator): select_and_retrain_best_model> on 2023-09-19T09:11:54.555224+00:00
[2023-09-19 09:13:15,405] {standard_task_runner.py:52} INFO - Started process 1857 to run task
[2023-09-19 09:13:15,428] {standard_task_runner.py:76} INFO - Running: ['***', 'tasks', 'run', 'weather_data_pipeline', 'select_and_retrain_best_model', '2023-09-19T09:11:54.555224+00:00', '--job-id', '607', '--pool', 'default_pool', '--raw', '--subdir', 'DAGS_FOLDER/weather_data_pipeline.py', '--cfg-path', '/tmp/tmpfnpw95rk', '--error-file', '/tmp/tmpeoqem9cs']
[2023-09-19 09:13:15,428] {standard_task_runner.py:77} INFO - Job 607: Subtask select_and_retrain_best_model
[2023-09-19 09:13:15,528] {logging_mixin.py:104} INFO - Running <TaskInstance: weather_data_pipeline.select_and_retrain_best_model 2023-09-19T09:11:54.555224+00:00 [running]> on host 92beb7708765
[2023-09-19 09:13:15,650] {taskinstance.py:1302} INFO - Exporting the following env vars:
AIRFLOW_CTX_DAG_OWNER=***
AIRFLOW_CTX_DAG_ID=weather_data_pipeline
AIRFLOW_CTX_TASK_ID=select_and_retrain_best_model
AIRFLOW_CTX_EXECUTION_DATE=2023-09-19T09:11:54.555224+00:00
AIRFLOW_CTX_DAG_RUN_ID=scheduled__2023-09-19T09:11:54.555224+00:00
[2023-09-19 09:13:15,795] {logging_mixin.py:104} WARNING - /home/***/.local/lib/python3.6/site-packages/pandas/core/indexing.py:1596 SettingWithCopyWarning:
A value is trying to be set on a copy of a slice from a DataFrame.
Try using .loc[row_indexer,col_indexer] = value instead

See the caveats in the documentation: https://pandas.pydata.org/pandas-docs/stable/user_guide/indexing.html#returning-a-view-versus-a-copy
[2023-09-19 09:13:15,799] {logging_mixin.py:104} WARNING - /home/***/.local/lib/python3.6/site-packages/pandas/core/indexing.py:1743 SettingWithCopyWarning:
A value is trying to be set on a copy of a slice from a DataFrame.
Try using .loc[row_indexer,col_indexer] = value instead

See the caveats in the documentation: https://pandas.pydata.org/pandas-docs/stable/user_guide/indexing.html#returning-a-view-versus-a-copy
[2023-09-19 09:13:15,893] {logging_mixin.py:104} WARNING - /home/***/.local/lib/python3.6/site-packages/pandas/core/indexing.py:1596 SettingWithCopyWarning:
A value is trying to be set on a copy of a slice from a DataFrame.
Try using .loc[row_indexer,col_indexer] = value instead

See the caveats in the documentation: https://pandas.pydata.org/pandas-docs/stable/user_guide/indexing.html#returning-a-view-versus-a-copy
[2023-09-19 09:13:15,904] {logging_mixin.py:104} WARNING - /home/***/.local/lib/python3.6/site-packages/pandas/core/indexing.py:1743 SettingWithCopyWarning:
A value is trying to be set on a copy of a slice from a DataFrame.
Try using .loc[row_indexer,col_indexer] = value instead

See the caveats in the documentation: https://pandas.pydata.org/pandas-docs/stable/user_guide/indexing.html#returning-a-view-versus-a-copy
[2023-09-19 09:13:16,035] {logging_mixin.py:104} WARNING - /home/***/.local/lib/python3.6/site-packages/pandas/core/indexing.py:1596 SettingWithCopyWarning:
A value is trying to be set on a copy of a slice from a DataFrame.
Try using .loc[row_indexer,col_indexer] = value instead

See the caveats in the documentation: https://pandas.pydata.org/pandas-docs/stable/user_guide/indexing.html#returning-a-view-versus-a-copy
[2023-09-19 09:13:16,047] {logging_mixin.py:104} WARNING - /home/***/.local/lib/python3.6/site-packages/pandas/core/indexing.py:1743 SettingWithCopyWarning:
A value is trying to be set on a copy of a slice from a DataFrame.
Try using .loc[row_indexer,col_indexer] = value instead

See the caveats in the documentation: https://pandas.pydata.org/pandas-docs/stable/user_guide/indexing.html#returning-a-view-versus-a-copy
[2023-09-19 09:13:17,060] {logging_mixin.py:104} INFO - RandomForestRegressor() saved at  /app/clean_data/best_model_final.pickle
[2023-09-19 09:13:17,418] {logging_mixin.py:104} INFO - Retrained and saved the best model: <class 'sklearn.ensemble._forest.RandomForestRegressor'>
[2023-09-19 09:13:17,418] {python.py:151} INFO - Done. Returned value was: None
[2023-09-19 09:13:17,454] {taskinstance.py:1211} INFO - Marking task as SUCCESS. dag_id=weather_data_pipeline, task_id=select_and_retrain_best_model, execution_date=20230919T091154, start_date=20230919T091315, end_date=20230919T091317
[2023-09-19 09:13:17,548] {taskinstance.py:1265} INFO - 0 downstream tasks scheduled from follow-on schedule check
[2023-09-19 09:13:17,583] {local_task_job.py:151} INFO - Task exited with return code 0
