[2023-09-19 08:20:01,694] {taskinstance.py:896} INFO - Dependencies all met for <TaskInstance: weather_data_pipeline.transform_all_files 2023-09-19T08:13:13.510114+00:00 [queued]>
[2023-09-19 08:20:01,780] {taskinstance.py:896} INFO - Dependencies all met for <TaskInstance: weather_data_pipeline.transform_all_files 2023-09-19T08:13:13.510114+00:00 [queued]>
[2023-09-19 08:20:01,780] {taskinstance.py:1087} INFO - 
--------------------------------------------------------------------------------
[2023-09-19 08:20:01,780] {taskinstance.py:1088} INFO - Starting attempt 2 of 2
[2023-09-19 08:20:01,780] {taskinstance.py:1089} INFO - 
--------------------------------------------------------------------------------
[2023-09-19 08:20:01,831] {taskinstance.py:1107} INFO - Executing <Task(PythonOperator): transform_all_files> on 2023-09-19T08:13:13.510114+00:00
[2023-09-19 08:20:01,868] {standard_task_runner.py:52} INFO - Started process 2935 to run task
[2023-09-19 08:20:01,914] {standard_task_runner.py:76} INFO - Running: ['***', 'tasks', 'run', 'weather_data_pipeline', 'transform_all_files', '2023-09-19T08:13:13.510114+00:00', '--job-id', '413', '--pool', 'default_pool', '--raw', '--subdir', 'DAGS_FOLDER/weather_data_pipeline.py', '--cfg-path', '/tmp/tmpw8720ht3', '--error-file', '/tmp/tmp4_pxplp2']
[2023-09-19 08:20:01,930] {standard_task_runner.py:77} INFO - Job 413: Subtask transform_all_files
[2023-09-19 08:20:02,424] {logging_mixin.py:104} INFO - Running <TaskInstance: weather_data_pipeline.transform_all_files 2023-09-19T08:13:13.510114+00:00 [running]> on host 92beb7708765
[2023-09-19 08:20:02,791] {taskinstance.py:1302} INFO - Exporting the following env vars:
AIRFLOW_CTX_DAG_OWNER=***
AIRFLOW_CTX_DAG_ID=weather_data_pipeline
AIRFLOW_CTX_TASK_ID=transform_all_files
AIRFLOW_CTX_EXECUTION_DATE=2023-09-19T08:13:13.510114+00:00
AIRFLOW_CTX_DAG_RUN_ID=scheduled__2023-09-19T08:13:13.510114+00:00
[2023-09-19 08:20:02,803] {logging_mixin.py:104} INFO - File null_file.json contains a list, not a dict!
[2023-09-19 08:20:02,860] {logging_mixin.py:104} INFO - 
[2023-09-19 08:20:03,271] {logging_mixin.py:104} INFO -     temperature        city  pression              date
0       288.28       Paris      1015  2023-09-19 08:14
1       289.45      London      1004  2023-09-19 08:14
2       281.85  Washington      1017  2023-09-19 08:14
3       288.28       Paris      1015  2023-09-19 08:13
4       289.45      London      1004  2023-09-19 08:13
5       281.85  Washington      1017  2023-09-19 08:13
6       288.28       Paris      1015  2023-09-19 08:12
7       289.45      London      1004  2023-09-19 08:12
8       281.85  Washington      1017  2023-09-19 08:12
9       288.19       Paris      1015  2023-09-19 08:03
[2023-09-19 08:20:03,326] {python.py:151} INFO - Done. Returned value was: None
[2023-09-19 08:20:03,355] {taskinstance.py:1211} INFO - Marking task as SUCCESS. dag_id=weather_data_pipeline, task_id=transform_all_files, execution_date=20230919T081313, start_date=20230919T082001, end_date=20230919T082003
[2023-09-19 08:20:03,448] {taskinstance.py:1265} INFO - 0 downstream tasks scheduled from follow-on schedule check
[2023-09-19 08:20:03,527] {local_task_job.py:151} INFO - Task exited with return code 0
