[2023-09-19 08:27:57,923] {taskinstance.py:896} INFO - Dependencies all met for <TaskInstance: weather_data_pipeline.transform_all_files 2023-09-19T08:26:53.787606+00:00 [queued]>
[2023-09-19 08:27:57,952] {taskinstance.py:896} INFO - Dependencies all met for <TaskInstance: weather_data_pipeline.transform_all_files 2023-09-19T08:26:53.787606+00:00 [queued]>
[2023-09-19 08:27:57,952] {taskinstance.py:1087} INFO - 
--------------------------------------------------------------------------------
[2023-09-19 08:27:57,952] {taskinstance.py:1088} INFO - Starting attempt 1 of 2
[2023-09-19 08:27:57,953] {taskinstance.py:1089} INFO - 
--------------------------------------------------------------------------------
[2023-09-19 08:27:57,979] {taskinstance.py:1107} INFO - Executing <Task(PythonOperator): transform_all_files> on 2023-09-19T08:26:53.787606+00:00
[2023-09-19 08:27:57,987] {standard_task_runner.py:52} INFO - Started process 3333 to run task
[2023-09-19 08:27:57,991] {standard_task_runner.py:76} INFO - Running: ['***', 'tasks', 'run', 'weather_data_pipeline', 'transform_all_files', '2023-09-19T08:26:53.787606+00:00', '--job-id', '444', '--pool', 'default_pool', '--raw', '--subdir', 'DAGS_FOLDER/weather_data_pipeline.py', '--cfg-path', '/tmp/tmpks79y10f', '--error-file', '/tmp/tmpo3c1v4lr']
[2023-09-19 08:27:57,992] {standard_task_runner.py:77} INFO - Job 444: Subtask transform_all_files
[2023-09-19 08:27:58,077] {logging_mixin.py:104} INFO - Running <TaskInstance: weather_data_pipeline.transform_all_files 2023-09-19T08:26:53.787606+00:00 [running]> on host 92beb7708765
[2023-09-19 08:27:58,188] {taskinstance.py:1302} INFO - Exporting the following env vars:
AIRFLOW_CTX_DAG_OWNER=***
AIRFLOW_CTX_DAG_ID=weather_data_pipeline
AIRFLOW_CTX_TASK_ID=transform_all_files
AIRFLOW_CTX_EXECUTION_DATE=2023-09-19T08:26:53.787606+00:00
AIRFLOW_CTX_DAG_RUN_ID=scheduled__2023-09-19T08:26:53.787606+00:00
[2023-09-19 08:27:58,189] {logging_mixin.py:104} INFO - File null_file.json contains a list, not a dict!
[2023-09-19 08:27:58,212] {logging_mixin.py:104} INFO - 
[2023-09-19 08:27:58,244] {logging_mixin.py:104} INFO -     temperature        city  pression              date
0       288.84       Paris      1015  2023-09-19 08:27
1       289.45      London      1005  2023-09-19 08:27
2       281.40  Washington      1017  2023-09-19 08:27
3       288.84       Paris      1015  2023-09-19 08:26
4       289.45      London      1005  2023-09-19 08:26
5       281.40  Washington      1017  2023-09-19 08:26
6       288.82       Paris      1015  2023-09-19 08:25
7       289.45      London      1005  2023-09-19 08:25
8       281.40  Washington      1017  2023-09-19 08:25
9       288.70       Paris      1015  2023-09-19 08:24
[2023-09-19 08:27:58,249] {python.py:151} INFO - Done. Returned value was: None
[2023-09-19 08:27:58,262] {taskinstance.py:1211} INFO - Marking task as SUCCESS. dag_id=weather_data_pipeline, task_id=transform_all_files, execution_date=20230919T082653, start_date=20230919T082757, end_date=20230919T082758
[2023-09-19 08:27:58,305] {taskinstance.py:1265} INFO - 0 downstream tasks scheduled from follow-on schedule check
[2023-09-19 08:27:58,346] {local_task_job.py:151} INFO - Task exited with return code 0
