[2023-09-19 08:59:01,926] {taskinstance.py:896} INFO - Dependencies all met for <TaskInstance: weather_data_pipeline.transform_all_files 2023-09-19T08:57:53.842478+00:00 [queued]>
[2023-09-19 08:59:01,990] {taskinstance.py:896} INFO - Dependencies all met for <TaskInstance: weather_data_pipeline.transform_all_files 2023-09-19T08:57:53.842478+00:00 [queued]>
[2023-09-19 08:59:01,990] {taskinstance.py:1087} INFO - 
--------------------------------------------------------------------------------
[2023-09-19 08:59:01,990] {taskinstance.py:1088} INFO - Starting attempt 1 of 2
[2023-09-19 08:59:01,991] {taskinstance.py:1089} INFO - 
--------------------------------------------------------------------------------
[2023-09-19 08:59:02,032] {taskinstance.py:1107} INFO - Executing <Task(PythonOperator): transform_all_files> on 2023-09-19T08:57:53.842478+00:00
[2023-09-19 08:59:02,057] {standard_task_runner.py:52} INFO - Started process 1073 to run task
[2023-09-19 08:59:02,096] {standard_task_runner.py:76} INFO - Running: ['***', 'tasks', 'run', 'weather_data_pipeline', 'transform_all_files', '2023-09-19T08:57:53.842478+00:00', '--job-id', '533', '--pool', 'default_pool', '--raw', '--subdir', 'DAGS_FOLDER/weather_data_pipeline.py', '--cfg-path', '/tmp/tmps7b8kkwe', '--error-file', '/tmp/tmp2tuwp40j']
[2023-09-19 08:59:02,096] {standard_task_runner.py:77} INFO - Job 533: Subtask transform_all_files
[2023-09-19 08:59:02,211] {logging_mixin.py:104} INFO - Running <TaskInstance: weather_data_pipeline.transform_all_files 2023-09-19T08:57:53.842478+00:00 [running]> on host 92beb7708765
[2023-09-19 08:59:02,390] {taskinstance.py:1302} INFO - Exporting the following env vars:
AIRFLOW_CTX_DAG_OWNER=***
AIRFLOW_CTX_DAG_ID=weather_data_pipeline
AIRFLOW_CTX_TASK_ID=transform_all_files
AIRFLOW_CTX_EXECUTION_DATE=2023-09-19T08:57:53.842478+00:00
AIRFLOW_CTX_DAG_RUN_ID=scheduled__2023-09-19T08:57:53.842478+00:00
[2023-09-19 08:59:02,392] {logging_mixin.py:104} INFO - File null_file.json contains a list, not a dict!
[2023-09-19 08:59:02,430] {logging_mixin.py:104} INFO - 
[2023-09-19 08:59:02,601] {logging_mixin.py:104} INFO -     temperature        city  pression              date
0       289.40       Paris      1015  2023-09-19 08:58
1       289.86      London      1004  2023-09-19 08:58
2       281.12  Washington      1017  2023-09-19 08:58
3       289.40       Paris      1015  2023-09-19 08:57
4       289.86      London      1004  2023-09-19 08:57
5       281.12  Washington      1017  2023-09-19 08:57
6       289.43       Paris      1015  2023-09-19 08:56
7       289.86      London      1004  2023-09-19 08:56
8       281.12  Washington      1017  2023-09-19 08:56
9       289.40       Paris      1015  2023-09-19 08:55
[2023-09-19 08:59:02,625] {python.py:151} INFO - Done. Returned value was: None
[2023-09-19 08:59:02,660] {taskinstance.py:1211} INFO - Marking task as SUCCESS. dag_id=weather_data_pipeline, task_id=transform_all_files, execution_date=20230919T085753, start_date=20230919T085901, end_date=20230919T085902
[2023-09-19 08:59:02,726] {taskinstance.py:1265} INFO - 0 downstream tasks scheduled from follow-on schedule check
[2023-09-19 08:59:02,784] {local_task_job.py:151} INFO - Task exited with return code 0
