[2023-09-19 09:03:58,798] {taskinstance.py:896} INFO - Dependencies all met for <TaskInstance: weather_data_pipeline.transform_recent_20_files 2023-09-19T09:02:54.555224+00:00 [queued]>
[2023-09-19 09:03:58,818] {taskinstance.py:896} INFO - Dependencies all met for <TaskInstance: weather_data_pipeline.transform_recent_20_files 2023-09-19T09:02:54.555224+00:00 [queued]>
[2023-09-19 09:03:58,819] {taskinstance.py:1087} INFO - 
--------------------------------------------------------------------------------
[2023-09-19 09:03:58,819] {taskinstance.py:1088} INFO - Starting attempt 1 of 2
[2023-09-19 09:03:58,819] {taskinstance.py:1089} INFO - 
--------------------------------------------------------------------------------
[2023-09-19 09:03:58,847] {taskinstance.py:1107} INFO - Executing <Task(PythonOperator): transform_recent_20_files> on 2023-09-19T09:02:54.555224+00:00
[2023-09-19 09:03:58,855] {standard_task_runner.py:52} INFO - Started process 1316 to run task
[2023-09-19 09:03:58,862] {standard_task_runner.py:76} INFO - Running: ['***', 'tasks', 'run', 'weather_data_pipeline', 'transform_recent_20_files', '2023-09-19T09:02:54.555224+00:00', '--job-id', '549', '--pool', 'default_pool', '--raw', '--subdir', 'DAGS_FOLDER/weather_data_pipeline.py', '--cfg-path', '/tmp/tmpxaa8uzpp', '--error-file', '/tmp/tmpajbt4il2']
[2023-09-19 09:03:58,863] {standard_task_runner.py:77} INFO - Job 549: Subtask transform_recent_20_files
[2023-09-19 09:03:58,929] {logging_mixin.py:104} INFO - Running <TaskInstance: weather_data_pipeline.transform_recent_20_files 2023-09-19T09:02:54.555224+00:00 [running]> on host 92beb7708765
[2023-09-19 09:03:59,085] {taskinstance.py:1302} INFO - Exporting the following env vars:
AIRFLOW_CTX_DAG_OWNER=***
AIRFLOW_CTX_DAG_ID=weather_data_pipeline
AIRFLOW_CTX_TASK_ID=transform_recent_20_files
AIRFLOW_CTX_EXECUTION_DATE=2023-09-19T09:02:54.555224+00:00
AIRFLOW_CTX_DAG_RUN_ID=scheduled__2023-09-19T09:02:54.555224+00:00
[2023-09-19 09:03:59,086] {logging_mixin.py:104} INFO - File null_file.json contains a list, not a dict!
[2023-09-19 09:03:59,098] {logging_mixin.py:104} INFO - 
[2023-09-19 09:03:59,182] {logging_mixin.py:104} INFO -     temperature        city  pression              date
0       289.61       Paris      1015  2023-09-19 09:03
1       289.86      London      1004  2023-09-19 09:03
2       281.12  Washington      1017  2023-09-19 09:03
3       289.61       Paris      1015  2023-09-19 09:02
4       289.86      London      1004  2023-09-19 09:02
5       281.12  Washington      1017  2023-09-19 09:02
6       289.40       Paris      1015  2023-09-19 09:01
7       289.86      London      1004  2023-09-19 09:01
8       281.12  Washington      1017  2023-09-19 09:01
9       289.40       Paris      1015  2023-09-19 09:00
[2023-09-19 09:03:59,196] {python.py:151} INFO - Done. Returned value was: None
[2023-09-19 09:03:59,235] {taskinstance.py:1211} INFO - Marking task as SUCCESS. dag_id=weather_data_pipeline, task_id=transform_recent_20_files, execution_date=20230919T090254, start_date=20230919T090358, end_date=20230919T090359
[2023-09-19 09:03:59,334] {taskinstance.py:1265} INFO - 0 downstream tasks scheduled from follow-on schedule check
[2023-09-19 09:03:59,368] {local_task_job.py:151} INFO - Task exited with return code 0
